[2022-11-16 10:46:05.431] [jointLog] [info] setting maxHashResizeThreads to 192
[2022-11-16 10:46:05.431] [jointLog] [info] Fragment incompatibility prior below threshold.  Incompatible fragments will be ignored.
[2022-11-16 10:46:05.431] [jointLog] [info] Usage of --validateMappings implies use of minScoreFraction. Since not explicitly specified, it is being set to 0.65
[2022-11-16 10:46:05.431] [jointLog] [info] Setting consensusSlack to selective-alignment default of 0.35.
[2022-11-16 10:46:05.431] [jointLog] [info] parsing read library format
[2022-11-16 10:46:05.431] [jointLog] [info] There is 1 library.
[2022-11-16 10:46:05.431] [jointLog] [info] Loading pufferfish index
[2022-11-16 10:46:05.431] [jointLog] [info] Loading dense pufferfish index.
[2022-11-16 10:46:42.043] [jointLog] [info] done
[2022-11-16 10:46:42.189] [jointLog] [info] Index contained 177,651 targets
[2022-11-16 10:46:42.254] [jointLog] [info] Number of decoys : 195
[2022-11-16 10:46:42.254] [jointLog] [info] First decoy index : 177,412 
[2022-11-16 10:46:43.653] [jointLog] [info] Automatically detected most likely library type as ISR

[2022-11-16 10:47:34.197] [jointLog] [info] Thread saw mini-batch with a maximum of 0.36% zero probability fragments
[2022-11-16 10:47:34.197] [jointLog] [info] Thread saw mini-batch with a maximum of 0.40% zero probability fragments
[2022-11-16 10:47:34.197] [jointLog] [info] Thread saw mini-batch with a maximum of 0.38% zero probability fragments
[2022-11-16 10:47:34.197] [jointLog] [info] Thread saw mini-batch with a maximum of 0.36% zero probability fragments
[2022-11-16 10:47:34.197] [jointLog] [info] Thread saw mini-batch with a maximum of 0.46% zero probability fragments
[2022-11-16 10:47:34.197] [jointLog] [info] Thread saw mini-batch with a maximum of 0.46% zero probability fragments
[2022-11-16 10:47:34.197] [jointLog] [info] Thread saw mini-batch with a maximum of 0.38% zero probability fragments
[2022-11-16 10:47:34.197] [jointLog] [info] Thread saw mini-batch with a maximum of 0.38% zero probability fragments
[2022-11-16 10:47:34.197] [jointLog] [info] Thread saw mini-batch with a maximum of 0.34% zero probability fragments
[2022-11-16 10:47:34.197] [jointLog] [info] Thread saw mini-batch with a maximum of 0.36% zero probability fragments
[2022-11-16 10:47:34.197] [jointLog] [info] Thread saw mini-batch with a maximum of 0.34% zero probability fragments
[2022-11-16 10:47:34.197] [jointLog] [info] Thread saw mini-batch with a maximum of 0.40% zero probability fragments
[2022-11-16 10:47:34.197] [jointLog] [info] Thread saw mini-batch with a maximum of 0.38% zero probability fragments
[2022-11-16 10:47:34.197] [jointLog] [info] Thread saw mini-batch with a maximum of 0.38% zero probability fragments
[2022-11-16 10:47:34.197] [jointLog] [info] Thread saw mini-batch with a maximum of 0.34% zero probability fragments
[2022-11-16 10:47:34.197] [jointLog] [info] Thread saw mini-batch with a maximum of 0.38% zero probability fragments
[2022-11-16 10:47:34.197] [jointLog] [info] Thread saw mini-batch with a maximum of 0.38% zero probability fragments
[2022-11-16 10:47:34.197] [jointLog] [info] Thread saw mini-batch with a maximum of 0.42% zero probability fragments
[2022-11-16 10:47:34.197] [jointLog] [info] Thread saw mini-batch with a maximum of 0.32% zero probability fragments
[2022-11-16 10:47:34.197] [jointLog] [info] Thread saw mini-batch with a maximum of 0.42% zero probability fragments
[2022-11-16 10:47:34.197] [jointLog] [info] Thread saw mini-batch with a maximum of 0.38% zero probability fragments
[2022-11-16 10:47:34.197] [jointLog] [info] Thread saw mini-batch with a maximum of 0.36% zero probability fragments
[2022-11-16 10:47:34.197] [jointLog] [info] Thread saw mini-batch with a maximum of 0.32% zero probability fragments
[2022-11-16 10:47:34.197] [jointLog] [info] Thread saw mini-batch with a maximum of 0.38% zero probability fragments
[2022-11-16 10:47:34.197] [jointLog] [info] Thread saw mini-batch with a maximum of 0.36% zero probability fragments
[2022-11-16 10:47:34.197] [jointLog] [info] Thread saw mini-batch with a maximum of 0.38% zero probability fragments
[2022-11-16 10:47:34.197] [jointLog] [info] Thread saw mini-batch with a maximum of 0.36% zero probability fragments
[2022-11-16 10:47:34.197] [jointLog] [info] Thread saw mini-batch with a maximum of 0.42% zero probability fragments
[2022-11-16 10:47:34.197] [jointLog] [info] Thread saw mini-batch with a maximum of 0.44% zero probability fragments
[2022-11-16 10:47:34.197] [jointLog] [info] Thread saw mini-batch with a maximum of 0.36% zero probability fragments
[2022-11-16 10:47:34.197] [jointLog] [info] Thread saw mini-batch with a maximum of 0.38% zero probability fragments
[2022-11-16 10:47:34.197] [jointLog] [info] Thread saw mini-batch with a maximum of 0.36% zero probability fragments
[2022-11-16 10:47:34.197] [jointLog] [info] Thread saw mini-batch with a maximum of 0.32% zero probability fragments
[2022-11-16 10:47:34.197] [jointLog] [info] Thread saw mini-batch with a maximum of 0.40% zero probability fragments
[2022-11-16 10:47:34.197] [jointLog] [info] Thread saw mini-batch with a maximum of 0.34% zero probability fragments
[2022-11-16 10:47:34.197] [jointLog] [info] Thread saw mini-batch with a maximum of 0.38% zero probability fragments
[2022-11-16 10:47:34.197] [jointLog] [info] Thread saw mini-batch with a maximum of 0.32% zero probability fragments
[2022-11-16 10:47:34.197] [jointLog] [info] Thread saw mini-batch with a maximum of 0.34% zero probability fragments
[2022-11-16 10:47:34.197] [jointLog] [info] Thread saw mini-batch with a maximum of 0.44% zero probability fragments
[2022-11-16 10:47:34.197] [jointLog] [info] Thread saw mini-batch with a maximum of 0.36% zero probability fragments
[2022-11-16 10:47:34.197] [jointLog] [info] Thread saw mini-batch with a maximum of 0.32% zero probability fragments
[2022-11-16 10:47:34.197] [jointLog] [info] Thread saw mini-batch with a maximum of 0.48% zero probability fragments
[2022-11-16 10:47:34.197] [jointLog] [info] Thread saw mini-batch with a maximum of 0.36% zero probability fragments
[2022-11-16 10:47:34.197] [jointLog] [info] Thread saw mini-batch with a maximum of 0.38% zero probability fragments
[2022-11-16 10:47:34.197] [jointLog] [info] Thread saw mini-batch with a maximum of 0.42% zero probability fragments
[2022-11-16 10:47:34.197] [jointLog] [info] Thread saw mini-batch with a maximum of 0.44% zero probability fragments
[2022-11-16 10:47:34.197] [jointLog] [info] Thread saw mini-batch with a maximum of 0.40% zero probability fragments
[2022-11-16 10:47:34.197] [jointLog] [info] Thread saw mini-batch with a maximum of 0.36% zero probability fragments
[2022-11-16 10:47:34.197] [jointLog] [info] Thread saw mini-batch with a maximum of 0.38% zero probability fragments
[2022-11-16 10:47:34.197] [jointLog] [info] Thread saw mini-batch with a maximum of 0.40% zero probability fragments
[2022-11-16 10:47:34.197] [jointLog] [info] Thread saw mini-batch with a maximum of 0.42% zero probability fragments
[2022-11-16 10:47:34.197] [jointLog] [info] Thread saw mini-batch with a maximum of 0.36% zero probability fragments
[2022-11-16 10:47:34.197] [jointLog] [info] Thread saw mini-batch with a maximum of 0.36% zero probability fragments
[2022-11-16 10:47:34.197] [jointLog] [info] Thread saw mini-batch with a maximum of 0.36% zero probability fragments
[2022-11-16 10:47:34.197] [jointLog] [info] Thread saw mini-batch with a maximum of 0.38% zero probability fragments
[2022-11-16 10:47:34.197] [jointLog] [info] Thread saw mini-batch with a maximum of 0.30% zero probability fragments
[2022-11-16 10:47:34.197] [jointLog] [info] Thread saw mini-batch with a maximum of 0.40% zero probability fragments
[2022-11-16 10:47:34.197] [jointLog] [info] Thread saw mini-batch with a maximum of 0.36% zero probability fragments
[2022-11-16 10:47:34.197] [jointLog] [info] Thread saw mini-batch with a maximum of 0.38% zero probability fragments
[2022-11-16 10:47:34.197] [jointLog] [info] Thread saw mini-batch with a maximum of 0.34% zero probability fragments
[2022-11-16 10:47:34.197] [jointLog] [info] Thread saw mini-batch with a maximum of 0.32% zero probability fragments
[2022-11-16 10:47:34.197] [jointLog] [info] Thread saw mini-batch with a maximum of 0.38% zero probability fragments
[2022-11-16 10:47:34.197] [jointLog] [info] Thread saw mini-batch with a maximum of 0.30% zero probability fragments
[2022-11-16 10:47:34.197] [jointLog] [info] Thread saw mini-batch with a maximum of 0.40% zero probability fragments
[2022-11-16 10:47:34.197] [jointLog] [info] Thread saw mini-batch with a maximum of 0.36% zero probability fragments
[2022-11-16 10:47:34.197] [jointLog] [info] Thread saw mini-batch with a maximum of 0.32% zero probability fragments
[2022-11-16 10:47:34.197] [jointLog] [info] Thread saw mini-batch with a maximum of 0.38% zero probability fragments
[2022-11-16 10:47:34.197] [jointLog] [info] Thread saw mini-batch with a maximum of 0.42% zero probability fragments
[2022-11-16 10:47:34.197] [jointLog] [info] Thread saw mini-batch with a maximum of 0.36% zero probability fragments
[2022-11-16 10:47:34.197] [jointLog] [info] Thread saw mini-batch with a maximum of 0.30% zero probability fragments
[2022-11-16 10:47:34.197] [jointLog] [info] Thread saw mini-batch with a maximum of 0.40% zero probability fragments
[2022-11-16 10:47:34.197] [jointLog] [info] Thread saw mini-batch with a maximum of 0.44% zero probability fragments
[2022-11-16 10:47:34.197] [jointLog] [info] Thread saw mini-batch with a maximum of 0.38% zero probability fragments
[2022-11-16 10:47:34.197] [jointLog] [info] Thread saw mini-batch with a maximum of 0.38% zero probability fragments
[2022-11-16 10:47:34.197] [jointLog] [info] Thread saw mini-batch with a maximum of 0.42% zero probability fragments
[2022-11-16 10:47:34.197] [jointLog] [info] Thread saw mini-batch with a maximum of 0.40% zero probability fragments
[2022-11-16 10:47:34.197] [jointLog] [info] Thread saw mini-batch with a maximum of 0.38% zero probability fragments
[2022-11-16 10:47:34.197] [jointLog] [info] Thread saw mini-batch with a maximum of 0.38% zero probability fragments
[2022-11-16 10:47:34.197] [jointLog] [info] Thread saw mini-batch with a maximum of 0.44% zero probability fragments
[2022-11-16 10:47:34.197] [jointLog] [info] Thread saw mini-batch with a maximum of 0.42% zero probability fragments
[2022-11-16 10:47:34.197] [jointLog] [info] Thread saw mini-batch with a maximum of 0.34% zero probability fragments
[2022-11-16 10:47:34.197] [jointLog] [info] Thread saw mini-batch with a maximum of 0.38% zero probability fragments
[2022-11-16 10:47:34.197] [jointLog] [info] Thread saw mini-batch with a maximum of 0.42% zero probability fragments
[2022-11-16 10:47:34.197] [jointLog] [info] Thread saw mini-batch with a maximum of 0.38% zero probability fragments
[2022-11-16 10:47:34.197] [jointLog] [info] Thread saw mini-batch with a maximum of 0.36% zero probability fragments
[2022-11-16 10:47:34.197] [jointLog] [info] Thread saw mini-batch with a maximum of 0.44% zero probability fragments
[2022-11-16 10:47:34.197] [jointLog] [info] Thread saw mini-batch with a maximum of 0.34% zero probability fragments
[2022-11-16 10:47:34.197] [jointLog] [info] Thread saw mini-batch with a maximum of 0.40% zero probability fragments
[2022-11-16 10:47:34.197] [jointLog] [info] Thread saw mini-batch with a maximum of 0.34% zero probability fragments
[2022-11-16 10:47:34.197] [jointLog] [info] Thread saw mini-batch with a maximum of 0.36% zero probability fragments
[2022-11-16 10:47:34.197] [jointLog] [info] Thread saw mini-batch with a maximum of 0.34% zero probability fragments
[2022-11-16 10:47:34.197] [jointLog] [info] Thread saw mini-batch with a maximum of 0.32% zero probability fragments
[2022-11-16 10:47:34.197] [jointLog] [info] Thread saw mini-batch with a maximum of 0.34% zero probability fragments
[2022-11-16 10:47:34.197] [jointLog] [info] Thread saw mini-batch with a maximum of 0.36% zero probability fragments
[2022-11-16 10:47:34.197] [jointLog] [info] Thread saw mini-batch with a maximum of 0.36% zero probability fragments
[2022-11-16 10:47:34.197] [jointLog] [info] Thread saw mini-batch with a maximum of 0.36% zero probability fragments
[2022-11-16 10:47:34.197] [jointLog] [info] Thread saw mini-batch with a maximum of 0.32% zero probability fragments
[2022-11-16 10:47:34.197] [jointLog] [info] Thread saw mini-batch with a maximum of 0.50% zero probability fragments
[2022-11-16 10:47:34.197] [jointLog] [info] Thread saw mini-batch with a maximum of 0.40% zero probability fragments
[2022-11-16 10:47:34.197] [jointLog] [info] Thread saw mini-batch with a maximum of 0.42% zero probability fragments
[2022-11-16 10:47:34.197] [jointLog] [info] Thread saw mini-batch with a maximum of 0.38% zero probability fragments
[2022-11-16 10:47:34.197] [jointLog] [info] Thread saw mini-batch with a maximum of 0.40% zero probability fragments
[2022-11-16 10:47:34.197] [jointLog] [info] Thread saw mini-batch with a maximum of 0.40% zero probability fragments
[2022-11-16 10:47:34.197] [jointLog] [info] Thread saw mini-batch with a maximum of 0.40% zero probability fragments
[2022-11-16 10:47:34.197] [jointLog] [info] Thread saw mini-batch with a maximum of 0.36% zero probability fragments
[2022-11-16 10:47:34.197] [jointLog] [info] Thread saw mini-batch with a maximum of 0.36% zero probability fragments
[2022-11-16 10:47:34.197] [jointLog] [info] Thread saw mini-batch with a maximum of 0.32% zero probability fragments
[2022-11-16 10:47:34.197] [jointLog] [info] Thread saw mini-batch with a maximum of 0.40% zero probability fragments
[2022-11-16 10:47:34.197] [jointLog] [info] Thread saw mini-batch with a maximum of 0.40% zero probability fragments
[2022-11-16 10:47:34.197] [jointLog] [info] Thread saw mini-batch with a maximum of 0.40% zero probability fragments
[2022-11-16 10:47:34.197] [jointLog] [info] Thread saw mini-batch with a maximum of 0.36% zero probability fragments
[2022-11-16 10:47:34.197] [jointLog] [info] Thread saw mini-batch with a maximum of 0.36% zero probability fragments
[2022-11-16 10:47:34.197] [jointLog] [info] Thread saw mini-batch with a maximum of 0.34% zero probability fragments
[2022-11-16 10:47:34.197] [jointLog] [info] Thread saw mini-batch with a maximum of 0.38% zero probability fragments
[2022-11-16 10:47:34.197] [jointLog] [info] Thread saw mini-batch with a maximum of 0.28% zero probability fragments
[2022-11-16 10:47:34.197] [jointLog] [info] Thread saw mini-batch with a maximum of 0.38% zero probability fragments
[2022-11-16 10:47:34.197] [jointLog] [info] Thread saw mini-batch with a maximum of 0.44% zero probability fragments
[2022-11-16 10:47:34.197] [jointLog] [info] Thread saw mini-batch with a maximum of 0.46% zero probability fragments
[2022-11-16 10:47:34.197] [jointLog] [info] Thread saw mini-batch with a maximum of 0.46% zero probability fragments
[2022-11-16 10:47:34.197] [jointLog] [info] Thread saw mini-batch with a maximum of 0.44% zero probability fragments
[2022-11-16 10:47:34.197] [jointLog] [info] Thread saw mini-batch with a maximum of 0.38% zero probability fragments
[2022-11-16 10:47:34.197] [jointLog] [info] Thread saw mini-batch with a maximum of 0.40% zero probability fragments
[2022-11-16 10:47:34.197] [jointLog] [info] Thread saw mini-batch with a maximum of 0.38% zero probability fragments
[2022-11-16 10:47:34.197] [jointLog] [info] Thread saw mini-batch with a maximum of 0.36% zero probability fragments
[2022-11-16 10:47:34.197] [jointLog] [info] Thread saw mini-batch with a maximum of 0.38% zero probability fragments
[2022-11-16 10:47:34.197] [jointLog] [info] Thread saw mini-batch with a maximum of 0.36% zero probability fragments
[2022-11-16 10:47:34.197] [jointLog] [info] Thread saw mini-batch with a maximum of 0.34% zero probability fragments
[2022-11-16 10:47:34.197] [jointLog] [info] Thread saw mini-batch with a maximum of 0.38% zero probability fragments
[2022-11-16 10:47:34.197] [jointLog] [info] Thread saw mini-batch with a maximum of 0.36% zero probability fragments
[2022-11-16 10:47:34.198] [jointLog] [info] Thread saw mini-batch with a maximum of 0.38% zero probability fragments
[2022-11-16 10:47:34.198] [jointLog] [info] Thread saw mini-batch with a maximum of 0.38% zero probability fragments
[2022-11-16 10:47:34.198] [jointLog] [info] Thread saw mini-batch with a maximum of 0.48% zero probability fragments
[2022-11-16 10:47:34.198] [jointLog] [info] Thread saw mini-batch with a maximum of 0.40% zero probability fragments
[2022-11-16 10:47:34.198] [jointLog] [info] Thread saw mini-batch with a maximum of 0.32% zero probability fragments
[2022-11-16 10:47:34.198] [jointLog] [info] Thread saw mini-batch with a maximum of 0.36% zero probability fragments
[2022-11-16 10:47:34.198] [jointLog] [info] Thread saw mini-batch with a maximum of 0.32% zero probability fragments
[2022-11-16 10:47:34.203] [jointLog] [info] Thread saw mini-batch with a maximum of 0.38% zero probability fragments
[2022-11-16 10:47:34.204] [jointLog] [info] Thread saw mini-batch with a maximum of 0.42% zero probability fragments
[2022-11-16 10:47:34.206] [jointLog] [info] Thread saw mini-batch with a maximum of 0.50% zero probability fragments
[2022-11-16 10:47:34.242] [jointLog] [info] Thread saw mini-batch with a maximum of 0.36% zero probability fragments
[2022-11-16 10:47:34.253] [jointLog] [info] Thread saw mini-batch with a maximum of 0.46% zero probability fragments
[2022-11-16 10:47:34.270] [jointLog] [info] Thread saw mini-batch with a maximum of 0.38% zero probability fragments
[2022-11-16 10:47:34.278] [jointLog] [info] Thread saw mini-batch with a maximum of 0.40% zero probability fragments
[2022-11-16 10:47:34.281] [jointLog] [info] Thread saw mini-batch with a maximum of 0.36% zero probability fragments
[2022-11-16 10:47:34.288] [jointLog] [info] Thread saw mini-batch with a maximum of 0.38% zero probability fragments
[2022-11-16 10:47:34.290] [jointLog] [info] Thread saw mini-batch with a maximum of 0.44% zero probability fragments
[2022-11-16 10:47:34.291] [jointLog] [info] Thread saw mini-batch with a maximum of 0.48% zero probability fragments
[2022-11-16 10:47:34.299] [jointLog] [info] Thread saw mini-batch with a maximum of 0.40% zero probability fragments
[2022-11-16 10:47:34.300] [jointLog] [info] Thread saw mini-batch with a maximum of 0.36% zero probability fragments
[2022-11-16 10:47:34.311] [jointLog] [info] Thread saw mini-batch with a maximum of 0.38% zero probability fragments
[2022-11-16 10:47:34.314] [jointLog] [info] Thread saw mini-batch with a maximum of 0.44% zero probability fragments
[2022-11-16 10:47:34.320] [jointLog] [info] Thread saw mini-batch with a maximum of 0.36% zero probability fragments
[2022-11-16 10:47:34.326] [jointLog] [info] Thread saw mini-batch with a maximum of 0.34% zero probability fragments
[2022-11-16 10:47:34.336] [jointLog] [info] Thread saw mini-batch with a maximum of 0.34% zero probability fragments
[2022-11-16 10:47:34.350] [jointLog] [info] Thread saw mini-batch with a maximum of 0.38% zero probability fragments
[2022-11-16 10:47:34.362] [jointLog] [info] Thread saw mini-batch with a maximum of 0.38% zero probability fragments
[2022-11-16 10:47:34.374] [jointLog] [info] Thread saw mini-batch with a maximum of 0.32% zero probability fragments
[2022-11-16 10:47:34.375] [jointLog] [info] Thread saw mini-batch with a maximum of 0.38% zero probability fragments
[2022-11-16 10:47:34.377] [jointLog] [info] Thread saw mini-batch with a maximum of 0.36% zero probability fragments
[2022-11-16 10:47:34.380] [jointLog] [info] Thread saw mini-batch with a maximum of 0.38% zero probability fragments
[2022-11-16 10:47:34.392] [jointLog] [info] Thread saw mini-batch with a maximum of 0.40% zero probability fragments
[2022-11-16 10:47:34.406] [jointLog] [info] Thread saw mini-batch with a maximum of 0.38% zero probability fragments
[2022-11-16 10:47:34.407] [jointLog] [info] Thread saw mini-batch with a maximum of 0.40% zero probability fragments
[2022-11-16 10:47:34.409] [jointLog] [info] Thread saw mini-batch with a maximum of 0.34% zero probability fragments
[2022-11-16 10:47:34.414] [jointLog] [info] Thread saw mini-batch with a maximum of 0.40% zero probability fragments
[2022-11-16 10:47:34.421] [jointLog] [info] Thread saw mini-batch with a maximum of 0.44% zero probability fragments
[2022-11-16 10:47:34.427] [jointLog] [info] Thread saw mini-batch with a maximum of 0.40% zero probability fragments
[2022-11-16 10:47:34.428] [jointLog] [info] Thread saw mini-batch with a maximum of 0.40% zero probability fragments
[2022-11-16 10:47:34.431] [jointLog] [info] Thread saw mini-batch with a maximum of 0.36% zero probability fragments
[2022-11-16 10:47:34.433] [jointLog] [info] Thread saw mini-batch with a maximum of 0.42% zero probability fragments
[2022-11-16 10:47:34.445] [jointLog] [info] Thread saw mini-batch with a maximum of 0.38% zero probability fragments
[2022-11-16 10:47:34.451] [jointLog] [info] Thread saw mini-batch with a maximum of 0.42% zero probability fragments
[2022-11-16 10:47:34.465] [jointLog] [info] Thread saw mini-batch with a maximum of 0.32% zero probability fragments
[2022-11-16 10:47:34.480] [jointLog] [info] Thread saw mini-batch with a maximum of 0.38% zero probability fragments
[2022-11-16 10:47:34.485] [jointLog] [info] Thread saw mini-batch with a maximum of 0.38% zero probability fragments
[2022-11-16 10:47:34.491] [jointLog] [info] Thread saw mini-batch with a maximum of 0.34% zero probability fragments
[2022-11-16 10:47:34.502] [jointLog] [info] Thread saw mini-batch with a maximum of 0.34% zero probability fragments
[2022-11-16 10:47:34.510] [jointLog] [info] Thread saw mini-batch with a maximum of 0.44% zero probability fragments
[2022-11-16 10:47:34.511] [jointLog] [info] Thread saw mini-batch with a maximum of 0.38% zero probability fragments
[2022-11-16 10:47:34.513] [jointLog] [info] Thread saw mini-batch with a maximum of 0.34% zero probability fragments
[2022-11-16 10:47:34.520] [jointLog] [info] Thread saw mini-batch with a maximum of 0.32% zero probability fragments
[2022-11-16 10:47:34.532] [jointLog] [info] Thread saw mini-batch with a maximum of 0.38% zero probability fragments
[2022-11-16 10:47:34.532] [jointLog] [info] Thread saw mini-batch with a maximum of 0.46% zero probability fragments
[2022-11-16 10:47:34.534] [jointLog] [info] Thread saw mini-batch with a maximum of 0.36% zero probability fragments
[2022-11-16 10:47:34.540] [jointLog] [info] Thread saw mini-batch with a maximum of 0.44% zero probability fragments
[2022-11-16 10:47:34.552] [jointLog] [info] Thread saw mini-batch with a maximum of 0.44% zero probability fragments
[2022-11-16 10:47:34.556] [jointLog] [info] Thread saw mini-batch with a maximum of 0.38% zero probability fragments
[2022-11-16 10:47:34.561] [jointLog] [info] Thread saw mini-batch with a maximum of 0.36% zero probability fragments
[2022-11-16 10:47:34.577] [jointLog] [info] Thread saw mini-batch with a maximum of 0.34% zero probability fragments
[2022-11-16 10:47:34.584] [jointLog] [info] Thread saw mini-batch with a maximum of 0.34% zero probability fragments
[2022-11-16 10:47:34.586] [jointLog] [info] Thread saw mini-batch with a maximum of 0.40% zero probability fragments
[2022-11-16 10:47:34.592] [jointLog] [info] Thread saw mini-batch with a maximum of 0.38% zero probability fragments
[2022-11-16 10:47:36.266] [jointLog] [info] Computed 439,364 rich equivalence classes for further processing
[2022-11-16 10:47:36.266] [jointLog] [info] Counted 25,481,037 total reads in the equivalence classes 
[2022-11-16 10:47:36.563] [jointLog] [info] Number of mappings discarded because of alignment score : 11,802,575
[2022-11-16 10:47:36.563] [jointLog] [info] Number of fragments entirely discarded because of alignment score : 640,193
[2022-11-16 10:47:36.563] [jointLog] [info] Number of fragments discarded because they are best-mapped to decoys : 490,307
[2022-11-16 10:47:36.563] [jointLog] [info] Number of fragments discarded because they have only dovetail (discordant) mappings to valid targets : 51,563
[2022-11-16 10:47:36.563] [jointLog] [info] Mapping rate = 89.6652%

[2022-11-16 10:47:36.563] [jointLog] [info] finished quantifyLibrary()
[2022-11-16 10:47:36.569] [jointLog] [info] Starting optimizer
[2022-11-16 10:47:36.267] [fileLog] [info] 
At end of round 0
==================
Observed 28417978 total fragments (28417978 in most recent round)

[2022-11-16 10:47:36.787] [jointLog] [info] Marked 0 weighted equivalence classes as degenerate
[2022-11-16 10:47:36.800] [jointLog] [info] iteration = 0 | max rel diff. = 6994.8
[2022-11-16 10:47:37.760] [jointLog] [info] iteration = 100 | max rel diff. = 16.9561
[2022-11-16 10:47:38.692] [jointLog] [info] iteration = 200 | max rel diff. = 16.3025
[2022-11-16 10:47:39.632] [jointLog] [info] iteration = 300 | max rel diff. = 2.65494
[2022-11-16 10:47:40.562] [jointLog] [info] iteration = 400 | max rel diff. = 1.15877
[2022-11-16 10:47:41.509] [jointLog] [info] iteration = 500 | max rel diff. = 3.41703
[2022-11-16 10:47:42.429] [jointLog] [info] iteration = 600 | max rel diff. = 0.121113
[2022-11-16 10:47:43.348] [jointLog] [info] iteration = 700 | max rel diff. = 20.7993
[2022-11-16 10:47:44.269] [jointLog] [info] iteration = 800 | max rel diff. = 0.990798
[2022-11-16 10:47:45.226] [jointLog] [info] iteration = 900 | max rel diff. = 0.546847
[2022-11-16 10:47:46.174] [jointLog] [info] iteration = 1,000 | max rel diff. = 0.0468523
[2022-11-16 10:47:47.077] [jointLog] [info] iteration = 1,100 | max rel diff. = 0.199457
[2022-11-16 10:47:48.021] [jointLog] [info] iteration = 1,200 | max rel diff. = 0.0529598
[2022-11-16 10:47:48.954] [jointLog] [info] iteration = 1,300 | max rel diff. = 0.0479634
[2022-11-16 10:47:49.844] [jointLog] [info] iteration = 1,400 | max rel diff. = 0.0530511
[2022-11-16 10:47:50.730] [jointLog] [info] iteration = 1,500 | max rel diff. = 0.0231009
[2022-11-16 10:47:51.630] [jointLog] [info] iteration = 1,600 | max rel diff. = 0.0955263
[2022-11-16 10:47:52.509] [jointLog] [info] iteration = 1,700 | max rel diff. = 0.0548503
[2022-11-16 10:47:53.396] [jointLog] [info] iteration = 1,800 | max rel diff. = 7.78895
[2022-11-16 10:47:54.290] [jointLog] [info] iteration = 1,900 | max rel diff. = 0.0430208
[2022-11-16 10:47:55.110] [jointLog] [info] iteration = 1,993 | max rel diff. = 0.00528914
[2022-11-16 10:47:55.139] [jointLog] [info] Finished optimizer
[2022-11-16 10:47:55.139] [jointLog] [info] writing output 

