[2022-11-16 11:25:48.792] [jointLog] [info] setting maxHashResizeThreads to 192
[2022-11-16 11:25:48.793] [jointLog] [info] Fragment incompatibility prior below threshold.  Incompatible fragments will be ignored.
[2022-11-16 11:25:48.793] [jointLog] [info] Usage of --validateMappings implies use of minScoreFraction. Since not explicitly specified, it is being set to 0.65
[2022-11-16 11:25:48.793] [jointLog] [info] Setting consensusSlack to selective-alignment default of 0.35.
[2022-11-16 11:25:48.793] [jointLog] [info] parsing read library format
[2022-11-16 11:25:48.793] [jointLog] [info] There is 1 library.
[2022-11-16 11:25:48.793] [jointLog] [info] Loading pufferfish index
[2022-11-16 11:25:48.793] [jointLog] [info] Loading dense pufferfish index.
[2022-11-16 11:26:27.312] [jointLog] [info] done
[2022-11-16 11:26:27.438] [jointLog] [info] Index contained 177,651 targets
[2022-11-16 11:26:27.500] [jointLog] [info] Number of decoys : 195
[2022-11-16 11:26:27.500] [jointLog] [info] First decoy index : 177,412 
[2022-11-16 11:26:28.832] [jointLog] [info] Automatically detected most likely library type as ISR

[2022-11-16 11:28:10.203] [jointLog] [info] Thread saw mini-batch with a maximum of 0.56% zero probability fragments
[2022-11-16 11:28:10.203] [jointLog] [info] Thread saw mini-batch with a maximum of 0.48% zero probability fragments
[2022-11-16 11:28:10.203] [jointLog] [info] Thread saw mini-batch with a maximum of 0.40% zero probability fragments
[2022-11-16 11:28:10.203] [jointLog] [info] Thread saw mini-batch with a maximum of 0.40% zero probability fragments
[2022-11-16 11:28:10.203] [jointLog] [info] Thread saw mini-batch with a maximum of 0.44% zero probability fragments
[2022-11-16 11:28:10.203] [jointLog] [info] Thread saw mini-batch with a maximum of 0.44% zero probability fragments
[2022-11-16 11:28:10.203] [jointLog] [info] Thread saw mini-batch with a maximum of 0.42% zero probability fragments
[2022-11-16 11:28:10.203] [jointLog] [info] Thread saw mini-batch with a maximum of 0.42% zero probability fragments
[2022-11-16 11:28:10.203] [jointLog] [info] Thread saw mini-batch with a maximum of 0.50% zero probability fragments
[2022-11-16 11:28:10.203] [jointLog] [info] Thread saw mini-batch with a maximum of 0.42% zero probability fragments
[2022-11-16 11:28:10.203] [jointLog] [info] Thread saw mini-batch with a maximum of 0.46% zero probability fragments
[2022-11-16 11:28:10.203] [jointLog] [info] Thread saw mini-batch with a maximum of 0.44% zero probability fragments
[2022-11-16 11:28:10.203] [jointLog] [info] Thread saw mini-batch with a maximum of 0.54% zero probability fragments
[2022-11-16 11:28:10.203] [jointLog] [info] Thread saw mini-batch with a maximum of 0.52% zero probability fragments
[2022-11-16 11:28:10.203] [jointLog] [info] Thread saw mini-batch with a maximum of 0.48% zero probability fragments
[2022-11-16 11:28:10.203] [jointLog] [info] Thread saw mini-batch with a maximum of 0.50% zero probability fragments
[2022-11-16 11:28:10.203] [jointLog] [info] Thread saw mini-batch with a maximum of 0.56% zero probability fragments
[2022-11-16 11:28:10.203] [jointLog] [info] Thread saw mini-batch with a maximum of 0.50% zero probability fragments
[2022-11-16 11:28:10.203] [jointLog] [info] Thread saw mini-batch with a maximum of 0.42% zero probability fragments
[2022-11-16 11:28:10.203] [jointLog] [info] Thread saw mini-batch with a maximum of 0.44% zero probability fragments
[2022-11-16 11:28:10.203] [jointLog] [info] Thread saw mini-batch with a maximum of 0.50% zero probability fragments
[2022-11-16 11:28:10.203] [jointLog] [info] Thread saw mini-batch with a maximum of 0.46% zero probability fragments
[2022-11-16 11:28:10.203] [jointLog] [info] Thread saw mini-batch with a maximum of 0.46% zero probability fragments
[2022-11-16 11:28:10.203] [jointLog] [info] Thread saw mini-batch with a maximum of 0.46% zero probability fragments
[2022-11-16 11:28:10.203] [jointLog] [info] Thread saw mini-batch with a maximum of 0.44% zero probability fragments
[2022-11-16 11:28:10.203] [jointLog] [info] Thread saw mini-batch with a maximum of 0.48% zero probability fragments
[2022-11-16 11:28:10.203] [jointLog] [info] Thread saw mini-batch with a maximum of 0.54% zero probability fragments
[2022-11-16 11:28:10.203] [jointLog] [info] Thread saw mini-batch with a maximum of 0.46% zero probability fragments
[2022-11-16 11:28:10.203] [jointLog] [info] Thread saw mini-batch with a maximum of 0.44% zero probability fragments
[2022-11-16 11:28:10.203] [jointLog] [info] Thread saw mini-batch with a maximum of 0.50% zero probability fragments
[2022-11-16 11:28:10.203] [jointLog] [info] Thread saw mini-batch with a maximum of 0.44% zero probability fragments
[2022-11-16 11:28:10.203] [jointLog] [info] Thread saw mini-batch with a maximum of 0.44% zero probability fragments
[2022-11-16 11:28:10.203] [jointLog] [info] Thread saw mini-batch with a maximum of 0.46% zero probability fragments
[2022-11-16 11:28:10.203] [jointLog] [info] Thread saw mini-batch with a maximum of 0.40% zero probability fragments
[2022-11-16 11:28:10.203] [jointLog] [info] Thread saw mini-batch with a maximum of 0.50% zero probability fragments
[2022-11-16 11:28:10.203] [jointLog] [info] Thread saw mini-batch with a maximum of 0.44% zero probability fragments
[2022-11-16 11:28:10.203] [jointLog] [info] Thread saw mini-batch with a maximum of 0.50% zero probability fragments
[2022-11-16 11:28:10.203] [jointLog] [info] Thread saw mini-batch with a maximum of 0.50% zero probability fragments
[2022-11-16 11:28:10.203] [jointLog] [info] Thread saw mini-batch with a maximum of 0.62% zero probability fragments
[2022-11-16 11:28:10.203] [jointLog] [info] Thread saw mini-batch with a maximum of 0.52% zero probability fragments
[2022-11-16 11:28:10.203] [jointLog] [info] Thread saw mini-batch with a maximum of 0.56% zero probability fragments
[2022-11-16 11:28:10.203] [jointLog] [info] Thread saw mini-batch with a maximum of 0.46% zero probability fragments
[2022-11-16 11:28:10.203] [jointLog] [info] Thread saw mini-batch with a maximum of 0.52% zero probability fragments
[2022-11-16 11:28:10.203] [jointLog] [info] Thread saw mini-batch with a maximum of 0.44% zero probability fragments
[2022-11-16 11:28:10.203] [jointLog] [info] Thread saw mini-batch with a maximum of 0.44% zero probability fragments
[2022-11-16 11:28:10.203] [jointLog] [info] Thread saw mini-batch with a maximum of 0.42% zero probability fragments
[2022-11-16 11:28:10.203] [jointLog] [info] Thread saw mini-batch with a maximum of 0.44% zero probability fragments
[2022-11-16 11:28:10.203] [jointLog] [info] Thread saw mini-batch with a maximum of 0.44% zero probability fragments
[2022-11-16 11:28:10.203] [jointLog] [info] Thread saw mini-batch with a maximum of 0.50% zero probability fragments
[2022-11-16 11:28:10.203] [jointLog] [info] Thread saw mini-batch with a maximum of 0.56% zero probability fragments
[2022-11-16 11:28:10.203] [jointLog] [info] Thread saw mini-batch with a maximum of 0.40% zero probability fragments
[2022-11-16 11:28:10.203] [jointLog] [info] Thread saw mini-batch with a maximum of 0.46% zero probability fragments
[2022-11-16 11:28:10.203] [jointLog] [info] Thread saw mini-batch with a maximum of 0.44% zero probability fragments
[2022-11-16 11:28:10.203] [jointLog] [info] Thread saw mini-batch with a maximum of 0.50% zero probability fragments
[2022-11-16 11:28:10.203] [jointLog] [info] Thread saw mini-batch with a maximum of 0.48% zero probability fragments
[2022-11-16 11:28:10.203] [jointLog] [info] Thread saw mini-batch with a maximum of 0.50% zero probability fragments
[2022-11-16 11:28:10.203] [jointLog] [info] Thread saw mini-batch with a maximum of 0.48% zero probability fragments
[2022-11-16 11:28:10.203] [jointLog] [info] Thread saw mini-batch with a maximum of 0.50% zero probability fragments
[2022-11-16 11:28:10.203] [jointLog] [info] Thread saw mini-batch with a maximum of 0.50% zero probability fragments
[2022-11-16 11:28:10.203] [jointLog] [info] Thread saw mini-batch with a maximum of 0.46% zero probability fragments
[2022-11-16 11:28:10.203] [jointLog] [info] Thread saw mini-batch with a maximum of 0.42% zero probability fragments
[2022-11-16 11:28:10.203] [jointLog] [info] Thread saw mini-batch with a maximum of 0.42% zero probability fragments
[2022-11-16 11:28:10.203] [jointLog] [info] Thread saw mini-batch with a maximum of 0.44% zero probability fragments
[2022-11-16 11:28:10.203] [jointLog] [info] Thread saw mini-batch with a maximum of 0.46% zero probability fragments
[2022-11-16 11:28:10.203] [jointLog] [info] Thread saw mini-batch with a maximum of 0.38% zero probability fragments
[2022-11-16 11:28:10.203] [jointLog] [info] Thread saw mini-batch with a maximum of 0.50% zero probability fragments
[2022-11-16 11:28:10.203] [jointLog] [info] Thread saw mini-batch with a maximum of 0.44% zero probability fragments
[2022-11-16 11:28:10.203] [jointLog] [info] Thread saw mini-batch with a maximum of 0.42% zero probability fragments
[2022-11-16 11:28:10.203] [jointLog] [info] Thread saw mini-batch with a maximum of 0.44% zero probability fragments
[2022-11-16 11:28:10.203] [jointLog] [info] Thread saw mini-batch with a maximum of 0.50% zero probability fragments
[2022-11-16 11:28:10.203] [jointLog] [info] Thread saw mini-batch with a maximum of 0.52% zero probability fragments
[2022-11-16 11:28:10.203] [jointLog] [info] Thread saw mini-batch with a maximum of 0.44% zero probability fragments
[2022-11-16 11:28:10.203] [jointLog] [info] Thread saw mini-batch with a maximum of 0.44% zero probability fragments
[2022-11-16 11:28:10.203] [jointLog] [info] Thread saw mini-batch with a maximum of 0.42% zero probability fragments
[2022-11-16 11:28:10.203] [jointLog] [info] Thread saw mini-batch with a maximum of 0.46% zero probability fragments
[2022-11-16 11:28:10.203] [jointLog] [info] Thread saw mini-batch with a maximum of 0.40% zero probability fragments
[2022-11-16 11:28:10.203] [jointLog] [info] Thread saw mini-batch with a maximum of 0.46% zero probability fragments
[2022-11-16 11:28:10.203] [jointLog] [info] Thread saw mini-batch with a maximum of 0.48% zero probability fragments
[2022-11-16 11:28:10.203] [jointLog] [info] Thread saw mini-batch with a maximum of 0.46% zero probability fragments
[2022-11-16 11:28:10.203] [jointLog] [info] Thread saw mini-batch with a maximum of 0.46% zero probability fragments
[2022-11-16 11:28:10.203] [jointLog] [info] Thread saw mini-batch with a maximum of 0.46% zero probability fragments
[2022-11-16 11:28:10.203] [jointLog] [info] Thread saw mini-batch with a maximum of 0.48% zero probability fragments
[2022-11-16 11:28:10.203] [jointLog] [info] Thread saw mini-batch with a maximum of 0.46% zero probability fragments
[2022-11-16 11:28:10.203] [jointLog] [info] Thread saw mini-batch with a maximum of 0.50% zero probability fragments
[2022-11-16 11:28:10.203] [jointLog] [info] Thread saw mini-batch with a maximum of 0.46% zero probability fragments
[2022-11-16 11:28:10.203] [jointLog] [info] Thread saw mini-batch with a maximum of 0.46% zero probability fragments
[2022-11-16 11:28:10.203] [jointLog] [info] Thread saw mini-batch with a maximum of 0.46% zero probability fragments
[2022-11-16 11:28:10.203] [jointLog] [info] Thread saw mini-batch with a maximum of 0.44% zero probability fragments
[2022-11-16 11:28:10.203] [jointLog] [info] Thread saw mini-batch with a maximum of 0.48% zero probability fragments
[2022-11-16 11:28:10.203] [jointLog] [info] Thread saw mini-batch with a maximum of 0.44% zero probability fragments
[2022-11-16 11:28:10.203] [jointLog] [info] Thread saw mini-batch with a maximum of 0.52% zero probability fragments
[2022-11-16 11:28:10.203] [jointLog] [info] Thread saw mini-batch with a maximum of 0.46% zero probability fragments
[2022-11-16 11:28:10.203] [jointLog] [info] Thread saw mini-batch with a maximum of 0.44% zero probability fragments
[2022-11-16 11:28:10.203] [jointLog] [info] Thread saw mini-batch with a maximum of 0.52% zero probability fragments
[2022-11-16 11:28:10.203] [jointLog] [info] Thread saw mini-batch with a maximum of 0.46% zero probability fragments
[2022-11-16 11:28:10.203] [jointLog] [info] Thread saw mini-batch with a maximum of 0.40% zero probability fragments
[2022-11-16 11:28:10.203] [jointLog] [info] Thread saw mini-batch with a maximum of 0.46% zero probability fragments
[2022-11-16 11:28:10.203] [jointLog] [info] Thread saw mini-batch with a maximum of 0.48% zero probability fragments
[2022-11-16 11:28:10.203] [jointLog] [info] Thread saw mini-batch with a maximum of 0.52% zero probability fragments
[2022-11-16 11:28:10.203] [jointLog] [info] Thread saw mini-batch with a maximum of 0.46% zero probability fragments
[2022-11-16 11:28:10.203] [jointLog] [info] Thread saw mini-batch with a maximum of 0.46% zero probability fragments
[2022-11-16 11:28:10.203] [jointLog] [info] Thread saw mini-batch with a maximum of 0.48% zero probability fragments
[2022-11-16 11:28:10.203] [jointLog] [info] Thread saw mini-batch with a maximum of 0.44% zero probability fragments
[2022-11-16 11:28:10.203] [jointLog] [info] Thread saw mini-batch with a maximum of 0.50% zero probability fragments
[2022-11-16 11:28:10.203] [jointLog] [info] Thread saw mini-batch with a maximum of 0.44% zero probability fragments
[2022-11-16 11:28:10.203] [jointLog] [info] Thread saw mini-batch with a maximum of 0.46% zero probability fragments
[2022-11-16 11:28:10.203] [jointLog] [info] Thread saw mini-batch with a maximum of 0.46% zero probability fragments
[2022-11-16 11:28:10.203] [jointLog] [info] Thread saw mini-batch with a maximum of 0.46% zero probability fragments
[2022-11-16 11:28:10.203] [jointLog] [info] Thread saw mini-batch with a maximum of 0.46% zero probability fragments
[2022-11-16 11:28:10.203] [jointLog] [info] Thread saw mini-batch with a maximum of 0.52% zero probability fragments
[2022-11-16 11:28:10.203] [jointLog] [info] Thread saw mini-batch with a maximum of 0.50% zero probability fragments
[2022-11-16 11:28:10.203] [jointLog] [info] Thread saw mini-batch with a maximum of 0.48% zero probability fragments
[2022-11-16 11:28:10.203] [jointLog] [info] Thread saw mini-batch with a maximum of 0.50% zero probability fragments
[2022-11-16 11:28:10.203] [jointLog] [info] Thread saw mini-batch with a maximum of 0.46% zero probability fragments
[2022-11-16 11:28:10.203] [jointLog] [info] Thread saw mini-batch with a maximum of 0.42% zero probability fragments
[2022-11-16 11:28:10.203] [jointLog] [info] Thread saw mini-batch with a maximum of 0.40% zero probability fragments
[2022-11-16 11:28:10.203] [jointLog] [info] Thread saw mini-batch with a maximum of 0.44% zero probability fragments
[2022-11-16 11:28:10.203] [jointLog] [info] Thread saw mini-batch with a maximum of 0.42% zero probability fragments
[2022-11-16 11:28:10.203] [jointLog] [info] Thread saw mini-batch with a maximum of 0.46% zero probability fragments
[2022-11-16 11:28:10.203] [jointLog] [info] Thread saw mini-batch with a maximum of 0.54% zero probability fragments
[2022-11-16 11:28:10.203] [jointLog] [info] Thread saw mini-batch with a maximum of 0.56% zero probability fragments
[2022-11-16 11:28:10.203] [jointLog] [info] Thread saw mini-batch with a maximum of 0.44% zero probability fragments
[2022-11-16 11:28:10.203] [jointLog] [info] Thread saw mini-batch with a maximum of 0.48% zero probability fragments
[2022-11-16 11:28:10.203] [jointLog] [info] Thread saw mini-batch with a maximum of 0.42% zero probability fragments
[2022-11-16 11:28:10.203] [jointLog] [info] Thread saw mini-batch with a maximum of 0.40% zero probability fragments
[2022-11-16 11:28:10.203] [jointLog] [info] Thread saw mini-batch with a maximum of 0.46% zero probability fragments
[2022-11-16 11:28:10.203] [jointLog] [info] Thread saw mini-batch with a maximum of 0.50% zero probability fragments
[2022-11-16 11:28:10.204] [jointLog] [info] Thread saw mini-batch with a maximum of 0.44% zero probability fragments
[2022-11-16 11:28:10.204] [jointLog] [info] Thread saw mini-batch with a maximum of 0.44% zero probability fragments
[2022-11-16 11:28:10.204] [jointLog] [info] Thread saw mini-batch with a maximum of 0.44% zero probability fragments
[2022-11-16 11:28:10.204] [jointLog] [info] Thread saw mini-batch with a maximum of 0.48% zero probability fragments
[2022-11-16 11:28:10.204] [jointLog] [info] Thread saw mini-batch with a maximum of 0.48% zero probability fragments
[2022-11-16 11:28:10.204] [jointLog] [info] Thread saw mini-batch with a maximum of 0.46% zero probability fragments
[2022-11-16 11:28:10.204] [jointLog] [info] Thread saw mini-batch with a maximum of 0.50% zero probability fragments
[2022-11-16 11:28:10.204] [jointLog] [info] Thread saw mini-batch with a maximum of 0.48% zero probability fragments
[2022-11-16 11:28:10.204] [jointLog] [info] Thread saw mini-batch with a maximum of 0.42% zero probability fragments
[2022-11-16 11:28:10.204] [jointLog] [info] Thread saw mini-batch with a maximum of 0.52% zero probability fragments
[2022-11-16 11:28:10.204] [jointLog] [info] Thread saw mini-batch with a maximum of 0.48% zero probability fragments
[2022-11-16 11:28:10.204] [jointLog] [info] Thread saw mini-batch with a maximum of 0.46% zero probability fragments
[2022-11-16 11:28:10.204] [jointLog] [info] Thread saw mini-batch with a maximum of 0.48% zero probability fragments
[2022-11-16 11:28:10.204] [jointLog] [info] Thread saw mini-batch with a maximum of 0.48% zero probability fragments
[2022-11-16 11:28:10.205] [jointLog] [info] Thread saw mini-batch with a maximum of 0.44% zero probability fragments
[2022-11-16 11:28:10.205] [jointLog] [info] Thread saw mini-batch with a maximum of 0.44% zero probability fragments
[2022-11-16 11:28:10.205] [jointLog] [info] Thread saw mini-batch with a maximum of 0.52% zero probability fragments
[2022-11-16 11:28:10.205] [jointLog] [info] Thread saw mini-batch with a maximum of 0.44% zero probability fragments
[2022-11-16 11:28:10.205] [jointLog] [info] Thread saw mini-batch with a maximum of 0.46% zero probability fragments
[2022-11-16 11:28:10.207] [jointLog] [info] Thread saw mini-batch with a maximum of 0.46% zero probability fragments
[2022-11-16 11:28:10.208] [jointLog] [info] Thread saw mini-batch with a maximum of 0.48% zero probability fragments
[2022-11-16 11:28:10.210] [jointLog] [info] Thread saw mini-batch with a maximum of 0.48% zero probability fragments
[2022-11-16 11:28:10.242] [jointLog] [info] Thread saw mini-batch with a maximum of 0.54% zero probability fragments
[2022-11-16 11:28:10.290] [jointLog] [info] Thread saw mini-batch with a maximum of 0.50% zero probability fragments
[2022-11-16 11:28:10.304] [jointLog] [info] Thread saw mini-batch with a maximum of 0.46% zero probability fragments
[2022-11-16 11:28:10.308] [jointLog] [info] Thread saw mini-batch with a maximum of 0.44% zero probability fragments
[2022-11-16 11:28:10.311] [jointLog] [info] Thread saw mini-batch with a maximum of 0.46% zero probability fragments
[2022-11-16 11:28:10.325] [jointLog] [info] Thread saw mini-batch with a maximum of 0.44% zero probability fragments
[2022-11-16 11:28:10.327] [jointLog] [info] Thread saw mini-batch with a maximum of 0.46% zero probability fragments
[2022-11-16 11:28:10.330] [jointLog] [info] Thread saw mini-batch with a maximum of 0.44% zero probability fragments
[2022-11-16 11:28:10.335] [jointLog] [info] Thread saw mini-batch with a maximum of 0.44% zero probability fragments
[2022-11-16 11:28:10.344] [jointLog] [info] Thread saw mini-batch with a maximum of 0.42% zero probability fragments
[2022-11-16 11:28:10.357] [jointLog] [info] Thread saw mini-batch with a maximum of 0.44% zero probability fragments
[2022-11-16 11:28:10.370] [jointLog] [info] Thread saw mini-batch with a maximum of 0.46% zero probability fragments
[2022-11-16 11:28:10.372] [jointLog] [info] Thread saw mini-batch with a maximum of 0.48% zero probability fragments
[2022-11-16 11:28:10.383] [jointLog] [info] Thread saw mini-batch with a maximum of 0.58% zero probability fragments
[2022-11-16 11:28:10.385] [jointLog] [info] Thread saw mini-batch with a maximum of 0.44% zero probability fragments
[2022-11-16 11:28:10.388] [jointLog] [info] Thread saw mini-batch with a maximum of 0.50% zero probability fragments
[2022-11-16 11:28:10.390] [jointLog] [info] Thread saw mini-batch with a maximum of 0.52% zero probability fragments
[2022-11-16 11:28:10.405] [jointLog] [info] Thread saw mini-batch with a maximum of 0.66% zero probability fragments
[2022-11-16 11:28:10.406] [jointLog] [info] Thread saw mini-batch with a maximum of 0.44% zero probability fragments
[2022-11-16 11:28:10.418] [jointLog] [info] Thread saw mini-batch with a maximum of 0.42% zero probability fragments
[2022-11-16 11:28:10.429] [jointLog] [info] Thread saw mini-batch with a maximum of 0.48% zero probability fragments
[2022-11-16 11:28:10.431] [jointLog] [info] Thread saw mini-batch with a maximum of 0.46% zero probability fragments
[2022-11-16 11:28:10.435] [jointLog] [info] Thread saw mini-batch with a maximum of 0.46% zero probability fragments
[2022-11-16 11:28:10.439] [jointLog] [info] Thread saw mini-batch with a maximum of 0.42% zero probability fragments
[2022-11-16 11:28:10.440] [jointLog] [info] Thread saw mini-batch with a maximum of 0.44% zero probability fragments
[2022-11-16 11:28:10.440] [jointLog] [info] Thread saw mini-batch with a maximum of 0.48% zero probability fragments
[2022-11-16 11:28:10.450] [jointLog] [info] Thread saw mini-batch with a maximum of 0.46% zero probability fragments
[2022-11-16 11:28:10.473] [jointLog] [info] Thread saw mini-batch with a maximum of 0.48% zero probability fragments
[2022-11-16 11:28:10.489] [jointLog] [info] Thread saw mini-batch with a maximum of 0.52% zero probability fragments
[2022-11-16 11:28:10.501] [jointLog] [info] Thread saw mini-batch with a maximum of 0.54% zero probability fragments
[2022-11-16 11:28:10.506] [jointLog] [info] Thread saw mini-batch with a maximum of 0.42% zero probability fragments
[2022-11-16 11:28:10.511] [jointLog] [info] Thread saw mini-batch with a maximum of 0.50% zero probability fragments
[2022-11-16 11:28:10.513] [jointLog] [info] Thread saw mini-batch with a maximum of 0.48% zero probability fragments
[2022-11-16 11:28:10.519] [jointLog] [info] Thread saw mini-batch with a maximum of 0.46% zero probability fragments
[2022-11-16 11:28:10.533] [jointLog] [info] Thread saw mini-batch with a maximum of 0.52% zero probability fragments
[2022-11-16 11:28:10.534] [jointLog] [info] Thread saw mini-batch with a maximum of 0.44% zero probability fragments
[2022-11-16 11:28:10.535] [jointLog] [info] Thread saw mini-batch with a maximum of 0.48% zero probability fragments
[2022-11-16 11:28:10.544] [jointLog] [info] Thread saw mini-batch with a maximum of 0.42% zero probability fragments
[2022-11-16 11:28:10.550] [jointLog] [info] Thread saw mini-batch with a maximum of 0.56% zero probability fragments
[2022-11-16 11:28:10.553] [jointLog] [info] Thread saw mini-batch with a maximum of 0.44% zero probability fragments
[2022-11-16 11:28:10.560] [jointLog] [info] Thread saw mini-batch with a maximum of 0.48% zero probability fragments
[2022-11-16 11:28:10.579] [jointLog] [info] Thread saw mini-batch with a maximum of 0.50% zero probability fragments
[2022-11-16 11:28:10.593] [jointLog] [info] Thread saw mini-batch with a maximum of 0.44% zero probability fragments
[2022-11-16 11:28:12.233] [jointLog] [info] Computed 491,312 rich equivalence classes for further processing
[2022-11-16 11:28:12.233] [jointLog] [info] Counted 42,956,740 total reads in the equivalence classes 
[2022-11-16 11:28:12.234] [fileLog] [info] 
At end of round 0
==================
Observed 46340128 total fragments (46340128 in most recent round)

[2022-11-16 11:28:12.537] [jointLog] [info] Number of mappings discarded because of alignment score : 17,643,752
[2022-11-16 11:28:12.537] [jointLog] [info] Number of fragments entirely discarded because of alignment score : 1,026,481
[2022-11-16 11:28:12.537] [jointLog] [info] Number of fragments discarded because they are best-mapped to decoys : 759,133
[2022-11-16 11:28:12.537] [jointLog] [info] Number of fragments discarded because they have only dovetail (discordant) mappings to valid targets : 101,810
[2022-11-16 11:28:12.537] [jointLog] [info] Mapping rate = 92.6988%

[2022-11-16 11:28:12.537] [jointLog] [info] finished quantifyLibrary()
[2022-11-16 11:28:12.624] [jointLog] [info] Starting optimizer
[2022-11-16 11:28:12.857] [jointLog] [info] Marked 0 weighted equivalence classes as degenerate
[2022-11-16 11:28:12.882] [jointLog] [info] iteration = 0 | max rel diff. = 3408.02
[2022-11-16 11:28:13.921] [jointLog] [info] iteration = 100 | max rel diff. = 17.9651
[2022-11-16 11:28:14.936] [jointLog] [info] iteration = 200 | max rel diff. = 9.75853
[2022-11-16 11:28:15.941] [jointLog] [info] iteration = 300 | max rel diff. = 12.8788
[2022-11-16 11:28:16.962] [jointLog] [info] iteration = 400 | max rel diff. = 0.707425
[2022-11-16 11:28:17.971] [jointLog] [info] iteration = 500 | max rel diff. = 0.539321
[2022-11-16 11:28:18.954] [jointLog] [info] iteration = 600 | max rel diff. = 9.22473
[2022-11-16 11:28:19.946] [jointLog] [info] iteration = 700 | max rel diff. = 0.51027
[2022-11-16 11:28:20.941] [jointLog] [info] iteration = 800 | max rel diff. = 0.519577
[2022-11-16 11:28:21.953] [jointLog] [info] iteration = 900 | max rel diff. = 0.167757
[2022-11-16 11:28:22.923] [jointLog] [info] iteration = 1,000 | max rel diff. = 0.0715485
[2022-11-16 11:28:23.860] [jointLog] [info] iteration = 1,100 | max rel diff. = 0.027413
[2022-11-16 11:28:24.808] [jointLog] [info] iteration = 1,200 | max rel diff. = 0.240191
[2022-11-16 11:28:25.736] [jointLog] [info] iteration = 1,300 | max rel diff. = 0.153088
[2022-11-16 11:28:26.639] [jointLog] [info] iteration = 1,400 | max rel diff. = 0.271998
[2022-11-16 11:28:27.546] [jointLog] [info] iteration = 1,500 | max rel diff. = 0.0365233
[2022-11-16 11:28:28.475] [jointLog] [info] iteration = 1,600 | max rel diff. = 0.198082
[2022-11-16 11:28:29.431] [jointLog] [info] iteration = 1,700 | max rel diff. = 0.0601901
[2022-11-16 11:28:30.330] [jointLog] [info] iteration = 1,800 | max rel diff. = 0.101797
[2022-11-16 11:28:31.218] [jointLog] [info] iteration = 1,900 | max rel diff. = 0.0195052
[2022-11-16 11:28:32.100] [jointLog] [info] iteration = 2,000 | max rel diff. = 0.0587087
[2022-11-16 11:28:32.259] [jointLog] [info] iteration = 2,019 | max rel diff. = 0.00481932
[2022-11-16 11:28:32.285] [jointLog] [info] Finished optimizer
[2022-11-16 11:28:32.285] [jointLog] [info] writing output 

