[2022-11-11 14:54:47.358] [jointLog] [info] setting maxHashResizeThreads to 192
[2022-11-11 14:54:47.358] [jointLog] [info] Fragment incompatibility prior below threshold.  Incompatible fragments will be ignored.
[2022-11-11 14:54:47.358] [jointLog] [info] Usage of --validateMappings implies use of minScoreFraction. Since not explicitly specified, it is being set to 0.65
[2022-11-11 14:54:47.358] [jointLog] [info] Setting consensusSlack to selective-alignment default of 0.35.
[2022-11-11 14:54:47.358] [jointLog] [info] parsing read library format
[2022-11-11 14:54:47.358] [jointLog] [info] There is 1 library.
[2022-11-11 14:54:47.358] [jointLog] [info] Loading pufferfish index
[2022-11-11 14:54:47.358] [jointLog] [info] Loading dense pufferfish index.
[2022-11-11 14:54:48.854] [jointLog] [info] done
[2022-11-11 14:54:48.977] [jointLog] [info] Index contained 177,503 targets
[2022-11-11 14:54:49.031] [jointLog] [info] Number of decoys : 47
[2022-11-11 14:54:49.031] [jointLog] [info] First decoy index : 177,412 
[2022-11-11 14:54:50.187] [jointLog] [info] Automatically detected most likely library type as ISR

[2022-11-11 14:56:15.907] [jointLog] [info] Thread saw mini-batch with a maximum of 0.62% zero probability fragments
[2022-11-11 14:56:15.907] [jointLog] [info] Thread saw mini-batch with a maximum of 0.74% zero probability fragments
[2022-11-11 14:56:15.907] [jointLog] [info] Thread saw mini-batch with a maximum of 0.60% zero probability fragments
[2022-11-11 14:56:15.907] [jointLog] [info] Thread saw mini-batch with a maximum of 0.62% zero probability fragments
[2022-11-11 14:56:15.907] [jointLog] [info] Thread saw mini-batch with a maximum of 0.72% zero probability fragments
[2022-11-11 14:56:15.907] [jointLog] [info] Thread saw mini-batch with a maximum of 0.68% zero probability fragments
[2022-11-11 14:56:15.907] [jointLog] [info] Thread saw mini-batch with a maximum of 0.62% zero probability fragments
[2022-11-11 14:56:15.907] [jointLog] [info] Thread saw mini-batch with a maximum of 0.66% zero probability fragments
[2022-11-11 14:56:15.907] [jointLog] [info] Thread saw mini-batch with a maximum of 0.72% zero probability fragments
[2022-11-11 14:56:15.907] [jointLog] [info] Thread saw mini-batch with a maximum of 0.56% zero probability fragments
[2022-11-11 14:56:15.907] [jointLog] [info] Thread saw mini-batch with a maximum of 0.60% zero probability fragments
[2022-11-11 14:56:15.907] [jointLog] [info] Thread saw mini-batch with a maximum of 0.70% zero probability fragments
[2022-11-11 14:56:15.907] [jointLog] [info] Thread saw mini-batch with a maximum of 0.68% zero probability fragments
[2022-11-11 14:56:15.907] [jointLog] [info] Thread saw mini-batch with a maximum of 0.66% zero probability fragments
[2022-11-11 14:56:15.907] [jointLog] [info] Thread saw mini-batch with a maximum of 0.76% zero probability fragments
[2022-11-11 14:56:15.907] [jointLog] [info] Thread saw mini-batch with a maximum of 0.64% zero probability fragments
[2022-11-11 14:56:15.907] [jointLog] [info] Thread saw mini-batch with a maximum of 0.66% zero probability fragments
[2022-11-11 14:56:15.907] [jointLog] [info] Thread saw mini-batch with a maximum of 0.64% zero probability fragments
[2022-11-11 14:56:15.907] [jointLog] [info] Thread saw mini-batch with a maximum of 0.68% zero probability fragments
[2022-11-11 14:56:15.907] [jointLog] [info] Thread saw mini-batch with a maximum of 0.72% zero probability fragments
[2022-11-11 14:56:15.907] [jointLog] [info] Thread saw mini-batch with a maximum of 0.68% zero probability fragments
[2022-11-11 14:56:15.907] [jointLog] [info] Thread saw mini-batch with a maximum of 0.62% zero probability fragments
[2022-11-11 14:56:15.907] [jointLog] [info] Thread saw mini-batch with a maximum of 0.66% zero probability fragments
[2022-11-11 14:56:15.907] [jointLog] [info] Thread saw mini-batch with a maximum of 0.68% zero probability fragments
[2022-11-11 14:56:15.907] [jointLog] [info] Thread saw mini-batch with a maximum of 0.64% zero probability fragments
[2022-11-11 14:56:15.907] [jointLog] [info] Thread saw mini-batch with a maximum of 0.64% zero probability fragments
[2022-11-11 14:56:15.907] [jointLog] [info] Thread saw mini-batch with a maximum of 0.72% zero probability fragments
[2022-11-11 14:56:15.907] [jointLog] [info] Thread saw mini-batch with a maximum of 0.66% zero probability fragments
[2022-11-11 14:56:15.907] [jointLog] [info] Thread saw mini-batch with a maximum of 0.62% zero probability fragments
[2022-11-11 14:56:15.907] [jointLog] [info] Thread saw mini-batch with a maximum of 0.60% zero probability fragments
[2022-11-11 14:56:15.907] [jointLog] [info] Thread saw mini-batch with a maximum of 0.68% zero probability fragments
[2022-11-11 14:56:15.907] [jointLog] [info] Thread saw mini-batch with a maximum of 0.60% zero probability fragments
[2022-11-11 14:56:15.907] [jointLog] [info] Thread saw mini-batch with a maximum of 0.58% zero probability fragments
[2022-11-11 14:56:15.907] [jointLog] [info] Thread saw mini-batch with a maximum of 0.66% zero probability fragments
[2022-11-11 14:56:15.907] [jointLog] [info] Thread saw mini-batch with a maximum of 0.86% zero probability fragments
[2022-11-11 14:56:15.907] [jointLog] [info] Thread saw mini-batch with a maximum of 0.62% zero probability fragments
[2022-11-11 14:56:15.907] [jointLog] [info] Thread saw mini-batch with a maximum of 0.60% zero probability fragments
[2022-11-11 14:56:15.907] [jointLog] [info] Thread saw mini-batch with a maximum of 0.70% zero probability fragments
[2022-11-11 14:56:15.907] [jointLog] [info] Thread saw mini-batch with a maximum of 0.64% zero probability fragments
[2022-11-11 14:56:15.907] [jointLog] [info] Thread saw mini-batch with a maximum of 0.70% zero probability fragments
[2022-11-11 14:56:15.907] [jointLog] [info] Thread saw mini-batch with a maximum of 0.72% zero probability fragments
[2022-11-11 14:56:15.907] [jointLog] [info] Thread saw mini-batch with a maximum of 0.60% zero probability fragments
[2022-11-11 14:56:15.907] [jointLog] [info] Thread saw mini-batch with a maximum of 0.72% zero probability fragments
[2022-11-11 14:56:15.907] [jointLog] [info] Thread saw mini-batch with a maximum of 0.70% zero probability fragments
[2022-11-11 14:56:15.907] [jointLog] [info] Thread saw mini-batch with a maximum of 0.68% zero probability fragments
[2022-11-11 14:56:15.907] [jointLog] [info] Thread saw mini-batch with a maximum of 0.66% zero probability fragments
[2022-11-11 14:56:15.907] [jointLog] [info] Thread saw mini-batch with a maximum of 0.66% zero probability fragments
[2022-11-11 14:56:15.907] [jointLog] [info] Thread saw mini-batch with a maximum of 0.60% zero probability fragments
[2022-11-11 14:56:15.907] [jointLog] [info] Thread saw mini-batch with a maximum of 0.70% zero probability fragments
[2022-11-11 14:56:15.907] [jointLog] [info] Thread saw mini-batch with a maximum of 0.58% zero probability fragments
[2022-11-11 14:56:15.907] [jointLog] [info] Thread saw mini-batch with a maximum of 0.66% zero probability fragments
[2022-11-11 14:56:15.907] [jointLog] [info] Thread saw mini-batch with a maximum of 0.64% zero probability fragments
[2022-11-11 14:56:15.907] [jointLog] [info] Thread saw mini-batch with a maximum of 0.62% zero probability fragments
[2022-11-11 14:56:15.907] [jointLog] [info] Thread saw mini-batch with a maximum of 0.70% zero probability fragments
[2022-11-11 14:56:15.907] [jointLog] [info] Thread saw mini-batch with a maximum of 0.62% zero probability fragments
[2022-11-11 14:56:15.908] [jointLog] [info] Thread saw mini-batch with a maximum of 0.60% zero probability fragments
[2022-11-11 14:56:15.908] [jointLog] [info] Thread saw mini-batch with a maximum of 0.62% zero probability fragments
[2022-11-11 14:56:15.908] [jointLog] [info] Thread saw mini-batch with a maximum of 0.68% zero probability fragments
[2022-11-11 14:56:15.908] [jointLog] [info] Thread saw mini-batch with a maximum of 0.70% zero probability fragments
[2022-11-11 14:56:15.908] [jointLog] [info] Thread saw mini-batch with a maximum of 0.72% zero probability fragments
[2022-11-11 14:56:15.908] [jointLog] [info] Thread saw mini-batch with a maximum of 0.72% zero probability fragments
[2022-11-11 14:56:15.908] [jointLog] [info] Thread saw mini-batch with a maximum of 0.70% zero probability fragments
[2022-11-11 14:56:15.908] [jointLog] [info] Thread saw mini-batch with a maximum of 0.64% zero probability fragments
[2022-11-11 14:56:15.908] [jointLog] [info] Thread saw mini-batch with a maximum of 0.62% zero probability fragments
[2022-11-11 14:56:15.908] [jointLog] [info] Thread saw mini-batch with a maximum of 0.64% zero probability fragments
[2022-11-11 14:56:15.908] [jointLog] [info] Thread saw mini-batch with a maximum of 0.60% zero probability fragments
[2022-11-11 14:56:15.908] [jointLog] [info] Thread saw mini-batch with a maximum of 0.62% zero probability fragments
[2022-11-11 14:56:15.908] [jointLog] [info] Thread saw mini-batch with a maximum of 0.62% zero probability fragments
[2022-11-11 14:56:15.908] [jointLog] [info] Thread saw mini-batch with a maximum of 0.60% zero probability fragments
[2022-11-11 14:56:15.908] [jointLog] [info] Thread saw mini-batch with a maximum of 0.62% zero probability fragments
[2022-11-11 14:56:15.908] [jointLog] [info] Thread saw mini-batch with a maximum of 0.68% zero probability fragments
[2022-11-11 14:56:15.908] [jointLog] [info] Thread saw mini-batch with a maximum of 0.60% zero probability fragments
[2022-11-11 14:56:15.908] [jointLog] [info] Thread saw mini-batch with a maximum of 0.70% zero probability fragments
[2022-11-11 14:56:15.908] [jointLog] [info] Thread saw mini-batch with a maximum of 0.66% zero probability fragments
[2022-11-11 14:56:15.908] [jointLog] [info] Thread saw mini-batch with a maximum of 0.68% zero probability fragments
[2022-11-11 14:56:15.908] [jointLog] [info] Thread saw mini-batch with a maximum of 0.68% zero probability fragments
[2022-11-11 14:56:15.909] [jointLog] [info] Thread saw mini-batch with a maximum of 0.70% zero probability fragments
[2022-11-11 14:56:15.909] [jointLog] [info] Thread saw mini-batch with a maximum of 0.64% zero probability fragments
[2022-11-11 14:56:15.909] [jointLog] [info] Thread saw mini-batch with a maximum of 0.62% zero probability fragments
[2022-11-11 14:56:15.909] [jointLog] [info] Thread saw mini-batch with a maximum of 0.70% zero probability fragments
[2022-11-11 14:56:15.909] [jointLog] [info] Thread saw mini-batch with a maximum of 0.70% zero probability fragments
[2022-11-11 14:56:15.909] [jointLog] [info] Thread saw mini-batch with a maximum of 0.62% zero probability fragments
[2022-11-11 14:56:15.909] [jointLog] [info] Thread saw mini-batch with a maximum of 0.68% zero probability fragments
[2022-11-11 14:56:15.909] [jointLog] [info] Thread saw mini-batch with a maximum of 0.72% zero probability fragments
[2022-11-11 14:56:15.909] [jointLog] [info] Thread saw mini-batch with a maximum of 0.60% zero probability fragments
[2022-11-11 14:56:15.910] [jointLog] [info] Thread saw mini-batch with a maximum of 0.60% zero probability fragments
[2022-11-11 14:56:15.910] [jointLog] [info] Thread saw mini-batch with a maximum of 0.74% zero probability fragments
[2022-11-11 14:56:15.910] [jointLog] [info] Thread saw mini-batch with a maximum of 0.64% zero probability fragments
[2022-11-11 14:56:15.910] [jointLog] [info] Thread saw mini-batch with a maximum of 0.66% zero probability fragments
[2022-11-11 14:56:15.910] [jointLog] [info] Thread saw mini-batch with a maximum of 0.64% zero probability fragments
[2022-11-11 14:56:15.910] [jointLog] [info] Thread saw mini-batch with a maximum of 0.62% zero probability fragments
[2022-11-11 14:56:15.910] [jointLog] [info] Thread saw mini-batch with a maximum of 0.64% zero probability fragments
[2022-11-11 14:56:15.910] [jointLog] [info] Thread saw mini-batch with a maximum of 0.62% zero probability fragments
[2022-11-11 14:56:15.909] [jointLog] [info] Thread saw mini-batch with a maximum of 0.66% zero probability fragments
[2022-11-11 14:56:15.910] [jointLog] [info] Thread saw mini-batch with a maximum of 0.74% zero probability fragments
[2022-11-11 14:56:15.910] [jointLog] [info] Thread saw mini-batch with a maximum of 0.68% zero probability fragments
[2022-11-11 14:56:15.910] [jointLog] [info] Thread saw mini-batch with a maximum of 0.66% zero probability fragments
[2022-11-11 14:56:15.910] [jointLog] [info] Thread saw mini-batch with a maximum of 0.70% zero probability fragments
[2022-11-11 14:56:15.910] [jointLog] [info] Thread saw mini-batch with a maximum of 0.78% zero probability fragments
[2022-11-11 14:56:15.910] [jointLog] [info] Thread saw mini-batch with a maximum of 0.62% zero probability fragments
[2022-11-11 14:56:15.910] [jointLog] [info] Thread saw mini-batch with a maximum of 0.62% zero probability fragments
[2022-11-11 14:56:15.910] [jointLog] [info] Thread saw mini-batch with a maximum of 0.62% zero probability fragments
[2022-11-11 14:56:15.910] [jointLog] [info] Thread saw mini-batch with a maximum of 0.66% zero probability fragments
[2022-11-11 14:56:15.910] [jointLog] [info] Thread saw mini-batch with a maximum of 0.70% zero probability fragments
[2022-11-11 14:56:15.910] [jointLog] [info] Thread saw mini-batch with a maximum of 0.62% zero probability fragments
[2022-11-11 14:56:15.910] [jointLog] [info] Thread saw mini-batch with a maximum of 0.72% zero probability fragments
[2022-11-11 14:56:15.910] [jointLog] [info] Thread saw mini-batch with a maximum of 0.68% zero probability fragments
[2022-11-11 14:56:15.910] [jointLog] [info] Thread saw mini-batch with a maximum of 0.66% zero probability fragments
[2022-11-11 14:56:15.910] [jointLog] [info] Thread saw mini-batch with a maximum of 0.64% zero probability fragments
[2022-11-11 14:56:15.911] [jointLog] [info] Thread saw mini-batch with a maximum of 0.64% zero probability fragments
[2022-11-11 14:56:15.911] [jointLog] [info] Thread saw mini-batch with a maximum of 0.62% zero probability fragments
[2022-11-11 14:56:15.911] [jointLog] [info] Thread saw mini-batch with a maximum of 0.70% zero probability fragments
[2022-11-11 14:56:15.911] [jointLog] [info] Thread saw mini-batch with a maximum of 0.64% zero probability fragments
[2022-11-11 14:56:15.911] [jointLog] [info] Thread saw mini-batch with a maximum of 0.70% zero probability fragments
[2022-11-11 14:56:15.911] [jointLog] [info] Thread saw mini-batch with a maximum of 0.70% zero probability fragments
[2022-11-11 14:56:15.911] [jointLog] [info] Thread saw mini-batch with a maximum of 0.74% zero probability fragments
[2022-11-11 14:56:15.911] [jointLog] [info] Thread saw mini-batch with a maximum of 0.70% zero probability fragments
[2022-11-11 14:56:15.911] [jointLog] [info] Thread saw mini-batch with a maximum of 0.68% zero probability fragments
[2022-11-11 14:56:15.911] [jointLog] [info] Thread saw mini-batch with a maximum of 0.64% zero probability fragments
[2022-11-11 14:56:15.911] [jointLog] [info] Thread saw mini-batch with a maximum of 0.62% zero probability fragments
[2022-11-11 14:56:15.911] [jointLog] [info] Thread saw mini-batch with a maximum of 0.56% zero probability fragments
[2022-11-11 14:56:15.911] [jointLog] [info] Thread saw mini-batch with a maximum of 0.60% zero probability fragments
[2022-11-11 14:56:15.911] [jointLog] [info] Thread saw mini-batch with a maximum of 0.86% zero probability fragments
[2022-11-11 14:56:15.911] [jointLog] [info] Thread saw mini-batch with a maximum of 0.64% zero probability fragments
[2022-11-11 14:56:15.911] [jointLog] [info] Thread saw mini-batch with a maximum of 0.72% zero probability fragments
[2022-11-11 14:56:15.911] [jointLog] [info] Thread saw mini-batch with a maximum of 0.66% zero probability fragments
[2022-11-11 14:56:15.911] [jointLog] [info] Thread saw mini-batch with a maximum of 0.66% zero probability fragments
[2022-11-11 14:56:15.911] [jointLog] [info] Thread saw mini-batch with a maximum of 0.78% zero probability fragments
[2022-11-11 14:56:15.911] [jointLog] [info] Thread saw mini-batch with a maximum of 0.68% zero probability fragments
[2022-11-11 14:56:15.911] [jointLog] [info] Thread saw mini-batch with a maximum of 0.72% zero probability fragments
[2022-11-11 14:56:15.911] [jointLog] [info] Thread saw mini-batch with a maximum of 0.62% zero probability fragments
[2022-11-11 14:56:15.912] [jointLog] [info] Thread saw mini-batch with a maximum of 0.66% zero probability fragments
[2022-11-11 14:56:15.912] [jointLog] [info] Thread saw mini-batch with a maximum of 0.64% zero probability fragments
[2022-11-11 14:56:15.912] [jointLog] [info] Thread saw mini-batch with a maximum of 0.60% zero probability fragments
[2022-11-11 14:56:15.912] [jointLog] [info] Thread saw mini-batch with a maximum of 0.58% zero probability fragments
[2022-11-11 14:56:15.912] [jointLog] [info] Thread saw mini-batch with a maximum of 0.60% zero probability fragments
[2022-11-11 14:56:15.912] [jointLog] [info] Thread saw mini-batch with a maximum of 0.62% zero probability fragments
[2022-11-11 14:56:15.912] [jointLog] [info] Thread saw mini-batch with a maximum of 0.72% zero probability fragments
[2022-11-11 14:56:15.912] [jointLog] [info] Thread saw mini-batch with a maximum of 0.60% zero probability fragments
[2022-11-11 14:56:15.912] [jointLog] [info] Thread saw mini-batch with a maximum of 0.64% zero probability fragments
[2022-11-11 14:56:15.913] [jointLog] [info] Thread saw mini-batch with a maximum of 0.64% zero probability fragments
[2022-11-11 14:56:15.913] [jointLog] [info] Thread saw mini-batch with a maximum of 0.62% zero probability fragments
[2022-11-11 14:56:15.913] [jointLog] [info] Thread saw mini-batch with a maximum of 0.60% zero probability fragments
[2022-11-11 14:56:15.913] [jointLog] [info] Thread saw mini-batch with a maximum of 0.72% zero probability fragments
[2022-11-11 14:56:15.913] [jointLog] [info] Thread saw mini-batch with a maximum of 0.64% zero probability fragments
[2022-11-11 14:56:15.913] [jointLog] [info] Thread saw mini-batch with a maximum of 0.66% zero probability fragments
[2022-11-11 14:56:15.914] [jointLog] [info] Thread saw mini-batch with a maximum of 0.66% zero probability fragments
[2022-11-11 14:56:15.915] [jointLog] [info] Thread saw mini-batch with a maximum of 0.76% zero probability fragments
[2022-11-11 14:56:15.915] [jointLog] [info] Thread saw mini-batch with a maximum of 0.64% zero probability fragments
[2022-11-11 14:56:15.915] [jointLog] [info] Thread saw mini-batch with a maximum of 0.64% zero probability fragments
[2022-11-11 14:56:15.916] [jointLog] [info] Thread saw mini-batch with a maximum of 0.70% zero probability fragments
[2022-11-11 14:56:15.917] [jointLog] [info] Thread saw mini-batch with a maximum of 0.62% zero probability fragments
[2022-11-11 14:56:15.917] [jointLog] [info] Thread saw mini-batch with a maximum of 0.66% zero probability fragments
[2022-11-11 14:56:15.917] [jointLog] [info] Thread saw mini-batch with a maximum of 0.62% zero probability fragments
[2022-11-11 14:56:15.937] [jointLog] [info] Thread saw mini-batch with a maximum of 0.60% zero probability fragments
[2022-11-11 14:56:15.940] [jointLog] [info] Thread saw mini-batch with a maximum of 0.64% zero probability fragments
[2022-11-11 14:56:15.946] [jointLog] [info] Thread saw mini-batch with a maximum of 0.60% zero probability fragments
[2022-11-11 14:56:15.957] [jointLog] [info] Thread saw mini-batch with a maximum of 0.72% zero probability fragments
[2022-11-11 14:56:15.968] [jointLog] [info] Thread saw mini-batch with a maximum of 0.58% zero probability fragments
[2022-11-11 14:56:15.994] [jointLog] [info] Thread saw mini-batch with a maximum of 0.64% zero probability fragments
[2022-11-11 14:56:16.104] [jointLog] [info] Thread saw mini-batch with a maximum of 0.64% zero probability fragments
[2022-11-11 14:56:16.118] [jointLog] [info] Thread saw mini-batch with a maximum of 0.60% zero probability fragments
[2022-11-11 14:56:16.203] [jointLog] [info] Thread saw mini-batch with a maximum of 0.68% zero probability fragments
[2022-11-11 14:56:16.205] [jointLog] [info] Thread saw mini-batch with a maximum of 0.64% zero probability fragments
[2022-11-11 14:56:16.207] [jointLog] [info] Thread saw mini-batch with a maximum of 0.74% zero probability fragments
[2022-11-11 14:56:16.223] [jointLog] [info] Thread saw mini-batch with a maximum of 0.64% zero probability fragments
[2022-11-11 14:56:16.229] [jointLog] [info] Thread saw mini-batch with a maximum of 0.74% zero probability fragments
[2022-11-11 14:56:16.230] [jointLog] [info] Thread saw mini-batch with a maximum of 0.74% zero probability fragments
[2022-11-11 14:56:16.231] [jointLog] [info] Thread saw mini-batch with a maximum of 0.66% zero probability fragments
[2022-11-11 14:56:16.234] [jointLog] [info] Thread saw mini-batch with a maximum of 0.64% zero probability fragments
[2022-11-11 14:56:16.234] [jointLog] [info] Thread saw mini-batch with a maximum of 0.72% zero probability fragments
[2022-11-11 14:56:16.250] [jointLog] [info] Thread saw mini-batch with a maximum of 0.64% zero probability fragments
[2022-11-11 14:56:16.255] [jointLog] [info] Thread saw mini-batch with a maximum of 0.62% zero probability fragments
[2022-11-11 14:56:16.276] [jointLog] [info] Thread saw mini-batch with a maximum of 0.74% zero probability fragments
[2022-11-11 14:56:16.279] [jointLog] [info] Thread saw mini-batch with a maximum of 0.66% zero probability fragments
[2022-11-11 14:56:16.280] [jointLog] [info] Thread saw mini-batch with a maximum of 0.58% zero probability fragments
[2022-11-11 14:56:16.284] [jointLog] [info] Thread saw mini-batch with a maximum of 0.60% zero probability fragments
[2022-11-11 14:56:16.307] [jointLog] [info] Thread saw mini-batch with a maximum of 0.64% zero probability fragments
[2022-11-11 14:56:16.327] [jointLog] [info] Thread saw mini-batch with a maximum of 0.64% zero probability fragments
[2022-11-11 14:56:16.332] [jointLog] [info] Thread saw mini-batch with a maximum of 0.74% zero probability fragments
[2022-11-11 14:56:16.332] [jointLog] [info] Thread saw mini-batch with a maximum of 0.58% zero probability fragments
[2022-11-11 14:56:16.333] [jointLog] [info] Thread saw mini-batch with a maximum of 0.66% zero probability fragments
[2022-11-11 14:56:16.337] [jointLog] [info] Thread saw mini-batch with a maximum of 0.64% zero probability fragments
[2022-11-11 14:56:16.339] [jointLog] [info] Thread saw mini-batch with a maximum of 0.66% zero probability fragments
[2022-11-11 14:56:16.354] [jointLog] [info] Thread saw mini-batch with a maximum of 0.66% zero probability fragments
[2022-11-11 14:56:16.360] [jointLog] [info] Thread saw mini-batch with a maximum of 0.64% zero probability fragments
[2022-11-11 14:56:16.363] [jointLog] [info] Thread saw mini-batch with a maximum of 0.60% zero probability fragments
[2022-11-11 14:56:16.376] [jointLog] [info] Thread saw mini-batch with a maximum of 0.60% zero probability fragments
[2022-11-11 14:56:16.377] [jointLog] [info] Thread saw mini-batch with a maximum of 0.68% zero probability fragments
[2022-11-11 14:56:16.384] [jointLog] [info] Thread saw mini-batch with a maximum of 0.62% zero probability fragments
[2022-11-11 14:56:16.388] [jointLog] [info] Thread saw mini-batch with a maximum of 0.68% zero probability fragments
[2022-11-11 14:56:16.405] [jointLog] [info] Thread saw mini-batch with a maximum of 0.64% zero probability fragments
[2022-11-11 14:56:18.575] [jointLog] [info] Computed 546,249 rich equivalence classes for further processing
[2022-11-11 14:56:18.575] [jointLog] [info] Counted 45,929,606 total reads in the equivalence classes 
[2022-11-11 14:56:18.576] [fileLog] [info] 
At end of round 0
==================
Observed 49574045 total fragments (49574045 in most recent round)

[2022-11-11 14:56:18.955] [jointLog] [info] Number of mappings discarded because of alignment score : 25,948,607
[2022-11-11 14:56:18.955] [jointLog] [info] Number of fragments entirely discarded because of alignment score : 879,919
[2022-11-11 14:56:18.955] [jointLog] [info] Number of fragments discarded because they are best-mapped to decoys : 237,920
[2022-11-11 14:56:18.955] [jointLog] [info] Number of fragments discarded because they have only dovetail (discordant) mappings to valid targets : 115,243
[2022-11-11 14:56:18.955] [jointLog] [info] Mapping rate = 92.6485%

[2022-11-11 14:56:18.960] [jointLog] [info] finished quantifyLibrary()
[2022-11-11 14:56:18.960] [jointLog] [info] Starting optimizer
[2022-11-11 14:56:19.186] [jointLog] [info] Marked 0 weighted equivalence classes as degenerate
[2022-11-11 14:56:19.200] [jointLog] [info] iteration = 0 | max rel diff. = 2105.69
[2022-11-11 14:56:20.491] [jointLog] [info] iteration = 100 | max rel diff. = 11.0549
[2022-11-11 14:56:21.609] [jointLog] [info] iteration = 200 | max rel diff. = 5.80189
[2022-11-11 14:56:22.733] [jointLog] [info] iteration = 300 | max rel diff. = 2.24185
[2022-11-11 14:56:23.871] [jointLog] [info] iteration = 400 | max rel diff. = 2.61529
[2022-11-11 14:56:24.941] [jointLog] [info] iteration = 500 | max rel diff. = 0.749926
[2022-11-11 14:56:26.047] [jointLog] [info] iteration = 600 | max rel diff. = 0.611655
[2022-11-11 14:56:27.166] [jointLog] [info] iteration = 700 | max rel diff. = 8.42855
[2022-11-11 14:56:28.192] [jointLog] [info] iteration = 800 | max rel diff. = 0.484829
[2022-11-11 14:56:29.144] [jointLog] [info] iteration = 900 | max rel diff. = 0.144243
[2022-11-11 14:56:30.095] [jointLog] [info] iteration = 1,000 | max rel diff. = 0.0317395
[2022-11-11 14:56:31.055] [jointLog] [info] iteration = 1,100 | max rel diff. = 0.0241692
[2022-11-11 14:56:32.010] [jointLog] [info] iteration = 1,200 | max rel diff. = 0.0774347
[2022-11-11 14:56:32.963] [jointLog] [info] iteration = 1,300 | max rel diff. = 0.0484585
[2022-11-11 14:56:33.911] [jointLog] [info] iteration = 1,400 | max rel diff. = 0.0326242
[2022-11-11 14:56:34.866] [jointLog] [info] iteration = 1,500 | max rel diff. = 0.0354397
[2022-11-11 14:56:35.815] [jointLog] [info] iteration = 1,600 | max rel diff. = 0.0872532
[2022-11-11 14:56:36.761] [jointLog] [info] iteration = 1,700 | max rel diff. = 0.0415084
[2022-11-11 14:56:37.612] [jointLog] [info] iteration = 1,791 | max rel diff. = 0.00794171
[2022-11-11 14:56:37.638] [jointLog] [info] Finished optimizer
[2022-11-11 14:56:37.638] [jointLog] [info] writing output 

