[2022-11-16 11:51:20.246] [jointLog] [info] setting maxHashResizeThreads to 192
[2022-11-16 11:51:20.246] [jointLog] [info] Fragment incompatibility prior below threshold.  Incompatible fragments will be ignored.
[2022-11-16 11:51:20.246] [jointLog] [info] Usage of --validateMappings implies use of minScoreFraction. Since not explicitly specified, it is being set to 0.65
[2022-11-16 11:51:20.246] [jointLog] [info] Setting consensusSlack to selective-alignment default of 0.35.
[2022-11-16 11:51:20.246] [jointLog] [info] parsing read library format
[2022-11-16 11:51:20.246] [jointLog] [info] There is 1 library.
[2022-11-16 11:51:20.246] [jointLog] [info] Loading pufferfish index
[2022-11-16 11:51:20.246] [jointLog] [info] Loading dense pufferfish index.
[2022-11-16 11:51:55.176] [jointLog] [info] done
[2022-11-16 11:51:55.322] [jointLog] [info] Index contained 177,651 targets
[2022-11-16 11:51:55.384] [jointLog] [info] Number of decoys : 195
[2022-11-16 11:51:55.384] [jointLog] [info] First decoy index : 177,412 
[2022-11-16 11:51:56.769] [jointLog] [info] Automatically detected most likely library type as ISR

[2022-11-16 11:52:53.776] [jointLog] [info] Thread saw mini-batch with a maximum of 0.34% zero probability fragments
[2022-11-16 11:52:53.776] [jointLog] [info] Thread saw mini-batch with a maximum of 0.32% zero probability fragments
[2022-11-16 11:52:53.776] [jointLog] [info] Thread saw mini-batch with a maximum of 0.36% zero probability fragments
[2022-11-16 11:52:53.776] [jointLog] [info] Thread saw mini-batch with a maximum of 0.44% zero probability fragments
[2022-11-16 11:52:53.776] [jointLog] [info] Thread saw mini-batch with a maximum of 0.36% zero probability fragments
[2022-11-16 11:52:53.776] [jointLog] [info] Thread saw mini-batch with a maximum of 0.40% zero probability fragments
[2022-11-16 11:52:53.776] [jointLog] [info] Thread saw mini-batch with a maximum of 0.36% zero probability fragments
[2022-11-16 11:52:53.776] [jointLog] [info] Thread saw mini-batch with a maximum of 0.36% zero probability fragments
[2022-11-16 11:52:53.776] [jointLog] [info] Thread saw mini-batch with a maximum of 0.42% zero probability fragments
[2022-11-16 11:52:53.776] [jointLog] [info] Thread saw mini-batch with a maximum of 0.50% zero probability fragments
[2022-11-16 11:52:53.776] [jointLog] [info] Thread saw mini-batch with a maximum of 0.40% zero probability fragments
[2022-11-16 11:52:53.776] [jointLog] [info] Thread saw mini-batch with a maximum of 0.34% zero probability fragments
[2022-11-16 11:52:53.776] [jointLog] [info] Thread saw mini-batch with a maximum of 0.44% zero probability fragments
[2022-11-16 11:52:53.776] [jointLog] [info] Thread saw mini-batch with a maximum of 0.34% zero probability fragments
[2022-11-16 11:52:53.776] [jointLog] [info] Thread saw mini-batch with a maximum of 0.44% zero probability fragments
[2022-11-16 11:52:53.776] [jointLog] [info] Thread saw mini-batch with a maximum of 0.38% zero probability fragments
[2022-11-16 11:52:53.776] [jointLog] [info] Thread saw mini-batch with a maximum of 0.40% zero probability fragments
[2022-11-16 11:52:53.776] [jointLog] [info] Thread saw mini-batch with a maximum of 0.48% zero probability fragments
[2022-11-16 11:52:53.776] [jointLog] [info] Thread saw mini-batch with a maximum of 0.36% zero probability fragments
[2022-11-16 11:52:53.776] [jointLog] [info] Thread saw mini-batch with a maximum of 0.32% zero probability fragments
[2022-11-16 11:52:53.776] [jointLog] [info] Thread saw mini-batch with a maximum of 0.44% zero probability fragments
[2022-11-16 11:52:53.776] [jointLog] [info] Thread saw mini-batch with a maximum of 0.36% zero probability fragments
[2022-11-16 11:52:53.776] [jointLog] [info] Thread saw mini-batch with a maximum of 0.40% zero probability fragments
[2022-11-16 11:52:53.776] [jointLog] [info] Thread saw mini-batch with a maximum of 0.40% zero probability fragments
[2022-11-16 11:52:53.776] [jointLog] [info] Thread saw mini-batch with a maximum of 0.40% zero probability fragments
[2022-11-16 11:52:53.776] [jointLog] [info] Thread saw mini-batch with a maximum of 0.34% zero probability fragments
[2022-11-16 11:52:53.776] [jointLog] [info] Thread saw mini-batch with a maximum of 0.34% zero probability fragments
[2022-11-16 11:52:53.776] [jointLog] [info] Thread saw mini-batch with a maximum of 0.40% zero probability fragments
[2022-11-16 11:52:53.776] [jointLog] [info] Thread saw mini-batch with a maximum of 0.40% zero probability fragments
[2022-11-16 11:52:53.776] [jointLog] [info] Thread saw mini-batch with a maximum of 0.42% zero probability fragments
[2022-11-16 11:52:53.776] [jointLog] [info] Thread saw mini-batch with a maximum of 0.42% zero probability fragments
[2022-11-16 11:52:53.776] [jointLog] [info] Thread saw mini-batch with a maximum of 0.42% zero probability fragments
[2022-11-16 11:52:53.776] [jointLog] [info] Thread saw mini-batch with a maximum of 0.40% zero probability fragments
[2022-11-16 11:52:53.776] [jointLog] [info] Thread saw mini-batch with a maximum of 0.40% zero probability fragments
[2022-11-16 11:52:53.776] [jointLog] [info] Thread saw mini-batch with a maximum of 0.34% zero probability fragments
[2022-11-16 11:52:53.776] [jointLog] [info] Thread saw mini-batch with a maximum of 0.42% zero probability fragments
[2022-11-16 11:52:53.776] [jointLog] [info] Thread saw mini-batch with a maximum of 0.34% zero probability fragments
[2022-11-16 11:52:53.776] [jointLog] [info] Thread saw mini-batch with a maximum of 0.42% zero probability fragments
[2022-11-16 11:52:53.776] [jointLog] [info] Thread saw mini-batch with a maximum of 0.34% zero probability fragments
[2022-11-16 11:52:53.776] [jointLog] [info] Thread saw mini-batch with a maximum of 0.36% zero probability fragments
[2022-11-16 11:52:53.776] [jointLog] [info] Thread saw mini-batch with a maximum of 0.38% zero probability fragments
[2022-11-16 11:52:53.776] [jointLog] [info] Thread saw mini-batch with a maximum of 0.38% zero probability fragments
[2022-11-16 11:52:53.776] [jointLog] [info] Thread saw mini-batch with a maximum of 0.36% zero probability fragments
[2022-11-16 11:52:53.776] [jointLog] [info] Thread saw mini-batch with a maximum of 0.32% zero probability fragments
[2022-11-16 11:52:53.776] [jointLog] [info] Thread saw mini-batch with a maximum of 0.32% zero probability fragments
[2022-11-16 11:52:53.776] [jointLog] [info] Thread saw mini-batch with a maximum of 0.40% zero probability fragments
[2022-11-16 11:52:53.776] [jointLog] [info] Thread saw mini-batch with a maximum of 0.40% zero probability fragments
[2022-11-16 11:52:53.776] [jointLog] [info] Thread saw mini-batch with a maximum of 0.42% zero probability fragments
[2022-11-16 11:52:53.776] [jointLog] [info] Thread saw mini-batch with a maximum of 0.44% zero probability fragments
[2022-11-16 11:52:53.776] [jointLog] [info] Thread saw mini-batch with a maximum of 0.36% zero probability fragments
[2022-11-16 11:52:53.776] [jointLog] [info] Thread saw mini-batch with a maximum of 0.36% zero probability fragments
[2022-11-16 11:52:53.776] [jointLog] [info] Thread saw mini-batch with a maximum of 0.42% zero probability fragments
[2022-11-16 11:52:53.776] [jointLog] [info] Thread saw mini-batch with a maximum of 0.32% zero probability fragments
[2022-11-16 11:52:53.776] [jointLog] [info] Thread saw mini-batch with a maximum of 0.38% zero probability fragments
[2022-11-16 11:52:53.776] [jointLog] [info] Thread saw mini-batch with a maximum of 0.40% zero probability fragments
[2022-11-16 11:52:53.776] [jointLog] [info] Thread saw mini-batch with a maximum of 0.32% zero probability fragments
[2022-11-16 11:52:53.776] [jointLog] [info] Thread saw mini-batch with a maximum of 0.38% zero probability fragments
[2022-11-16 11:52:53.776] [jointLog] [info] Thread saw mini-batch with a maximum of 0.36% zero probability fragments
[2022-11-16 11:52:53.776] [jointLog] [info] Thread saw mini-batch with a maximum of 0.40% zero probability fragments
[2022-11-16 11:52:53.776] [jointLog] [info] Thread saw mini-batch with a maximum of 0.40% zero probability fragments
[2022-11-16 11:52:53.776] [jointLog] [info] Thread saw mini-batch with a maximum of 0.34% zero probability fragments
[2022-11-16 11:52:53.776] [jointLog] [info] Thread saw mini-batch with a maximum of 0.34% zero probability fragments
[2022-11-16 11:52:53.776] [jointLog] [info] Thread saw mini-batch with a maximum of 0.42% zero probability fragments
[2022-11-16 11:52:53.776] [jointLog] [info] Thread saw mini-batch with a maximum of 0.40% zero probability fragments
[2022-11-16 11:52:53.776] [jointLog] [info] Thread saw mini-batch with a maximum of 0.38% zero probability fragments
[2022-11-16 11:52:53.776] [jointLog] [info] Thread saw mini-batch with a maximum of 0.44% zero probability fragments
[2022-11-16 11:52:53.776] [jointLog] [info] Thread saw mini-batch with a maximum of 0.32% zero probability fragments
[2022-11-16 11:52:53.776] [jointLog] [info] Thread saw mini-batch with a maximum of 0.42% zero probability fragments
[2022-11-16 11:52:53.776] [jointLog] [info] Thread saw mini-batch with a maximum of 0.34% zero probability fragments
[2022-11-16 11:52:53.776] [jointLog] [info] Thread saw mini-batch with a maximum of 0.50% zero probability fragments
[2022-11-16 11:52:53.776] [jointLog] [info] Thread saw mini-batch with a maximum of 0.30% zero probability fragments
[2022-11-16 11:52:53.776] [jointLog] [info] Thread saw mini-batch with a maximum of 0.34% zero probability fragments
[2022-11-16 11:52:53.776] [jointLog] [info] Thread saw mini-batch with a maximum of 0.40% zero probability fragments
[2022-11-16 11:52:53.776] [jointLog] [info] Thread saw mini-batch with a maximum of 0.34% zero probability fragments
[2022-11-16 11:52:53.776] [jointLog] [info] Thread saw mini-batch with a maximum of 0.44% zero probability fragments
[2022-11-16 11:52:53.776] [jointLog] [info] Thread saw mini-batch with a maximum of 0.36% zero probability fragments
[2022-11-16 11:52:53.776] [jointLog] [info] Thread saw mini-batch with a maximum of 0.42% zero probability fragments
[2022-11-16 11:52:53.776] [jointLog] [info] Thread saw mini-batch with a maximum of 0.38% zero probability fragments
[2022-11-16 11:52:53.776] [jointLog] [info] Thread saw mini-batch with a maximum of 0.32% zero probability fragments
[2022-11-16 11:52:53.776] [jointLog] [info] Thread saw mini-batch with a maximum of 0.32% zero probability fragments
[2022-11-16 11:52:53.776] [jointLog] [info] Thread saw mini-batch with a maximum of 0.40% zero probability fragments
[2022-11-16 11:52:53.776] [jointLog] [info] Thread saw mini-batch with a maximum of 0.36% zero probability fragments
[2022-11-16 11:52:53.776] [jointLog] [info] Thread saw mini-batch with a maximum of 0.38% zero probability fragments
[2022-11-16 11:52:53.776] [jointLog] [info] Thread saw mini-batch with a maximum of 0.38% zero probability fragments
[2022-11-16 11:52:53.776] [jointLog] [info] Thread saw mini-batch with a maximum of 0.36% zero probability fragments
[2022-11-16 11:52:53.776] [jointLog] [info] Thread saw mini-batch with a maximum of 0.46% zero probability fragments
[2022-11-16 11:52:53.776] [jointLog] [info] Thread saw mini-batch with a maximum of 0.46% zero probability fragments
[2022-11-16 11:52:53.776] [jointLog] [info] Thread saw mini-batch with a maximum of 0.38% zero probability fragments
[2022-11-16 11:52:53.776] [jointLog] [info] Thread saw mini-batch with a maximum of 0.38% zero probability fragments
[2022-11-16 11:52:53.776] [jointLog] [info] Thread saw mini-batch with a maximum of 0.34% zero probability fragments
[2022-11-16 11:52:53.776] [jointLog] [info] Thread saw mini-batch with a maximum of 0.40% zero probability fragments
[2022-11-16 11:52:53.776] [jointLog] [info] Thread saw mini-batch with a maximum of 0.32% zero probability fragments
[2022-11-16 11:52:53.776] [jointLog] [info] Thread saw mini-batch with a maximum of 0.38% zero probability fragments
[2022-11-16 11:52:53.776] [jointLog] [info] Thread saw mini-batch with a maximum of 0.40% zero probability fragments
[2022-11-16 11:52:53.776] [jointLog] [info] Thread saw mini-batch with a maximum of 0.46% zero probability fragments
[2022-11-16 11:52:53.776] [jointLog] [info] Thread saw mini-batch with a maximum of 0.42% zero probability fragments
[2022-11-16 11:52:53.776] [jointLog] [info] Thread saw mini-batch with a maximum of 0.44% zero probability fragments
[2022-11-16 11:52:53.776] [jointLog] [info] Thread saw mini-batch with a maximum of 0.40% zero probability fragments
[2022-11-16 11:52:53.776] [jointLog] [info] Thread saw mini-batch with a maximum of 0.38% zero probability fragments
[2022-11-16 11:52:53.776] [jointLog] [info] Thread saw mini-batch with a maximum of 0.38% zero probability fragments
[2022-11-16 11:52:53.776] [jointLog] [info] Thread saw mini-batch with a maximum of 0.40% zero probability fragments
[2022-11-16 11:52:53.776] [jointLog] [info] Thread saw mini-batch with a maximum of 0.36% zero probability fragments
[2022-11-16 11:52:53.776] [jointLog] [info] Thread saw mini-batch with a maximum of 0.44% zero probability fragments
[2022-11-16 11:52:53.776] [jointLog] [info] Thread saw mini-batch with a maximum of 0.42% zero probability fragments
[2022-11-16 11:52:53.776] [jointLog] [info] Thread saw mini-batch with a maximum of 0.40% zero probability fragments
[2022-11-16 11:52:53.777] [jointLog] [info] Thread saw mini-batch with a maximum of 0.36% zero probability fragments
[2022-11-16 11:52:53.777] [jointLog] [info] Thread saw mini-batch with a maximum of 0.34% zero probability fragments
[2022-11-16 11:52:53.777] [jointLog] [info] Thread saw mini-batch with a maximum of 0.40% zero probability fragments
[2022-11-16 11:52:53.777] [jointLog] [info] Thread saw mini-batch with a maximum of 0.34% zero probability fragments
[2022-11-16 11:52:53.777] [jointLog] [info] Thread saw mini-batch with a maximum of 0.36% zero probability fragments
[2022-11-16 11:52:53.777] [jointLog] [info] Thread saw mini-batch with a maximum of 0.44% zero probability fragments
[2022-11-16 11:52:53.777] [jointLog] [info] Thread saw mini-batch with a maximum of 0.42% zero probability fragments
[2022-11-16 11:52:53.777] [jointLog] [info] Thread saw mini-batch with a maximum of 0.38% zero probability fragments
[2022-11-16 11:52:53.777] [jointLog] [info] Thread saw mini-batch with a maximum of 0.40% zero probability fragments
[2022-11-16 11:52:53.777] [jointLog] [info] Thread saw mini-batch with a maximum of 0.40% zero probability fragments
[2022-11-16 11:52:53.777] [jointLog] [info] Thread saw mini-batch with a maximum of 0.44% zero probability fragments
[2022-11-16 11:52:53.777] [jointLog] [info] Thread saw mini-batch with a maximum of 0.40% zero probability fragments
[2022-11-16 11:52:53.777] [jointLog] [info] Thread saw mini-batch with a maximum of 0.36% zero probability fragments
[2022-11-16 11:52:53.777] [jointLog] [info] Thread saw mini-batch with a maximum of 0.36% zero probability fragments
[2022-11-16 11:52:53.777] [jointLog] [info] Thread saw mini-batch with a maximum of 0.44% zero probability fragments
[2022-11-16 11:52:53.777] [jointLog] [info] Thread saw mini-batch with a maximum of 0.38% zero probability fragments
[2022-11-16 11:52:53.777] [jointLog] [info] Thread saw mini-batch with a maximum of 0.52% zero probability fragments
[2022-11-16 11:52:53.777] [jointLog] [info] Thread saw mini-batch with a maximum of 0.38% zero probability fragments
[2022-11-16 11:52:53.777] [jointLog] [info] Thread saw mini-batch with a maximum of 0.34% zero probability fragments
[2022-11-16 11:52:53.777] [jointLog] [info] Thread saw mini-batch with a maximum of 0.36% zero probability fragments
[2022-11-16 11:52:53.777] [jointLog] [info] Thread saw mini-batch with a maximum of 0.34% zero probability fragments
[2022-11-16 11:52:53.777] [jointLog] [info] Thread saw mini-batch with a maximum of 0.38% zero probability fragments
[2022-11-16 11:52:53.777] [jointLog] [info] Thread saw mini-batch with a maximum of 0.36% zero probability fragments
[2022-11-16 11:52:53.777] [jointLog] [info] Thread saw mini-batch with a maximum of 0.38% zero probability fragments
[2022-11-16 11:52:53.777] [jointLog] [info] Thread saw mini-batch with a maximum of 0.36% zero probability fragments
[2022-11-16 11:52:53.777] [jointLog] [info] Thread saw mini-batch with a maximum of 0.38% zero probability fragments
[2022-11-16 11:52:53.777] [jointLog] [info] Thread saw mini-batch with a maximum of 0.36% zero probability fragments
[2022-11-16 11:52:53.777] [jointLog] [info] Thread saw mini-batch with a maximum of 0.36% zero probability fragments
[2022-11-16 11:52:53.777] [jointLog] [info] Thread saw mini-batch with a maximum of 0.40% zero probability fragments
[2022-11-16 11:52:53.777] [jointLog] [info] Thread saw mini-batch with a maximum of 0.42% zero probability fragments
[2022-11-16 11:52:53.777] [jointLog] [info] Thread saw mini-batch with a maximum of 0.42% zero probability fragments
[2022-11-16 11:52:53.777] [jointLog] [info] Thread saw mini-batch with a maximum of 0.38% zero probability fragments
[2022-11-16 11:52:53.777] [jointLog] [info] Thread saw mini-batch with a maximum of 0.40% zero probability fragments
[2022-11-16 11:52:53.777] [jointLog] [info] Thread saw mini-batch with a maximum of 0.36% zero probability fragments
[2022-11-16 11:52:53.777] [jointLog] [info] Thread saw mini-batch with a maximum of 0.42% zero probability fragments
[2022-11-16 11:52:53.777] [jointLog] [info] Thread saw mini-batch with a maximum of 0.38% zero probability fragments
[2022-11-16 11:52:53.777] [jointLog] [info] Thread saw mini-batch with a maximum of 0.34% zero probability fragments
[2022-11-16 11:52:53.777] [jointLog] [info] Thread saw mini-batch with a maximum of 0.40% zero probability fragments
[2022-11-16 11:52:53.777] [jointLog] [info] Thread saw mini-batch with a maximum of 0.36% zero probability fragments
[2022-11-16 11:52:53.777] [jointLog] [info] Thread saw mini-batch with a maximum of 0.36% zero probability fragments
[2022-11-16 11:52:53.777] [jointLog] [info] Thread saw mini-batch with a maximum of 0.38% zero probability fragments
[2022-11-16 11:52:53.777] [jointLog] [info] Thread saw mini-batch with a maximum of 0.40% zero probability fragments
[2022-11-16 11:52:53.777] [jointLog] [info] Thread saw mini-batch with a maximum of 0.40% zero probability fragments
[2022-11-16 11:52:53.777] [jointLog] [info] Thread saw mini-batch with a maximum of 0.36% zero probability fragments
[2022-11-16 11:52:53.777] [jointLog] [info] Thread saw mini-batch with a maximum of 0.36% zero probability fragments
[2022-11-16 11:52:53.777] [jointLog] [info] Thread saw mini-batch with a maximum of 0.38% zero probability fragments
[2022-11-16 11:52:53.778] [jointLog] [info] Thread saw mini-batch with a maximum of 0.38% zero probability fragments
[2022-11-16 11:52:53.778] [jointLog] [info] Thread saw mini-batch with a maximum of 0.38% zero probability fragments
[2022-11-16 11:52:53.778] [jointLog] [info] Thread saw mini-batch with a maximum of 0.32% zero probability fragments
[2022-11-16 11:52:53.782] [jointLog] [info] Thread saw mini-batch with a maximum of 0.34% zero probability fragments
[2022-11-16 11:52:53.798] [jointLog] [info] Thread saw mini-batch with a maximum of 0.36% zero probability fragments
[2022-11-16 11:52:53.856] [jointLog] [info] Thread saw mini-batch with a maximum of 0.36% zero probability fragments
[2022-11-16 11:52:53.861] [jointLog] [info] Thread saw mini-batch with a maximum of 0.50% zero probability fragments
[2022-11-16 11:52:53.867] [jointLog] [info] Thread saw mini-batch with a maximum of 0.36% zero probability fragments
[2022-11-16 11:52:53.881] [jointLog] [info] Thread saw mini-batch with a maximum of 0.38% zero probability fragments
[2022-11-16 11:52:53.888] [jointLog] [info] Thread saw mini-batch with a maximum of 0.44% zero probability fragments
[2022-11-16 11:52:53.890] [jointLog] [info] Thread saw mini-batch with a maximum of 0.36% zero probability fragments
[2022-11-16 11:52:53.896] [jointLog] [info] Thread saw mini-batch with a maximum of 0.38% zero probability fragments
[2022-11-16 11:52:53.929] [jointLog] [info] Thread saw mini-batch with a maximum of 0.40% zero probability fragments
[2022-11-16 11:52:53.939] [jointLog] [info] Thread saw mini-batch with a maximum of 0.38% zero probability fragments
[2022-11-16 11:52:53.955] [jointLog] [info] Thread saw mini-batch with a maximum of 0.36% zero probability fragments
[2022-11-16 11:52:53.962] [jointLog] [info] Thread saw mini-batch with a maximum of 0.40% zero probability fragments
[2022-11-16 11:52:53.965] [jointLog] [info] Thread saw mini-batch with a maximum of 0.40% zero probability fragments
[2022-11-16 11:52:53.973] [jointLog] [info] Thread saw mini-batch with a maximum of 0.50% zero probability fragments
[2022-11-16 11:52:54.003] [jointLog] [info] Thread saw mini-batch with a maximum of 0.34% zero probability fragments
[2022-11-16 11:52:54.013] [jointLog] [info] Thread saw mini-batch with a maximum of 0.40% zero probability fragments
[2022-11-16 11:52:54.017] [jointLog] [info] Thread saw mini-batch with a maximum of 0.38% zero probability fragments
[2022-11-16 11:52:54.029] [jointLog] [info] Thread saw mini-batch with a maximum of 0.40% zero probability fragments
[2022-11-16 11:52:54.035] [jointLog] [info] Thread saw mini-batch with a maximum of 0.38% zero probability fragments
[2022-11-16 11:52:54.042] [jointLog] [info] Thread saw mini-batch with a maximum of 0.36% zero probability fragments
[2022-11-16 11:52:54.064] [jointLog] [info] Thread saw mini-batch with a maximum of 0.38% zero probability fragments
[2022-11-16 11:52:54.065] [jointLog] [info] Thread saw mini-batch with a maximum of 0.42% zero probability fragments
[2022-11-16 11:52:54.069] [jointLog] [info] Thread saw mini-batch with a maximum of 0.36% zero probability fragments
[2022-11-16 11:52:54.072] [jointLog] [info] Thread saw mini-batch with a maximum of 0.30% zero probability fragments
[2022-11-16 11:52:54.098] [jointLog] [info] Thread saw mini-batch with a maximum of 0.36% zero probability fragments
[2022-11-16 11:52:54.103] [jointLog] [info] Thread saw mini-batch with a maximum of 0.36% zero probability fragments
[2022-11-16 11:52:54.108] [jointLog] [info] Thread saw mini-batch with a maximum of 0.34% zero probability fragments
[2022-11-16 11:52:54.112] [jointLog] [info] Thread saw mini-batch with a maximum of 0.36% zero probability fragments
[2022-11-16 11:52:54.115] [jointLog] [info] Thread saw mini-batch with a maximum of 0.38% zero probability fragments
[2022-11-16 11:52:54.126] [jointLog] [info] Thread saw mini-batch with a maximum of 0.44% zero probability fragments
[2022-11-16 11:52:54.133] [jointLog] [info] Thread saw mini-batch with a maximum of 0.34% zero probability fragments
[2022-11-16 11:52:54.137] [jointLog] [info] Thread saw mini-batch with a maximum of 0.40% zero probability fragments
[2022-11-16 11:52:54.140] [jointLog] [info] Thread saw mini-batch with a maximum of 0.40% zero probability fragments
[2022-11-16 11:52:54.141] [jointLog] [info] Thread saw mini-batch with a maximum of 0.34% zero probability fragments
[2022-11-16 11:52:54.143] [jointLog] [info] Thread saw mini-batch with a maximum of 0.44% zero probability fragments
[2022-11-16 11:52:54.158] [jointLog] [info] Thread saw mini-batch with a maximum of 0.44% zero probability fragments
[2022-11-16 11:52:54.163] [jointLog] [info] Thread saw mini-batch with a maximum of 0.36% zero probability fragments
[2022-11-16 11:52:55.752] [jointLog] [info] Computed 447,301 rich equivalence classes for further processing
[2022-11-16 11:52:55.752] [jointLog] [info] Counted 28,248,095 total reads in the equivalence classes 
[2022-11-16 11:52:55.753] [fileLog] [info] 
At end of round 0
==================
Observed 31583980 total fragments (31583980 in most recent round)

[2022-11-16 11:52:56.070] [jointLog] [info] Number of mappings discarded because of alignment score : 13,260,048
[2022-11-16 11:52:56.070] [jointLog] [info] Number of fragments entirely discarded because of alignment score : 712,046
[2022-11-16 11:52:56.070] [jointLog] [info] Number of fragments discarded because they are best-mapped to decoys : 544,683
[2022-11-16 11:52:56.070] [jointLog] [info] Number of fragments discarded because they have only dovetail (discordant) mappings to valid targets : 55,387
[2022-11-16 11:52:56.070] [jointLog] [info] Mapping rate = 89.438%

[2022-11-16 11:52:56.076] [jointLog] [info] finished quantifyLibrary()
[2022-11-16 11:52:56.076] [jointLog] [info] Starting optimizer
[2022-11-16 11:52:56.258] [jointLog] [info] Marked 0 weighted equivalence classes as degenerate
[2022-11-16 11:52:56.268] [jointLog] [info] iteration = 0 | max rel diff. = 6922.05
[2022-11-16 11:52:57.106] [jointLog] [info] iteration = 100 | max rel diff. = 16.0715
[2022-11-16 11:52:57.925] [jointLog] [info] iteration = 200 | max rel diff. = 6.63339
[2022-11-16 11:52:58.747] [jointLog] [info] iteration = 300 | max rel diff. = 9.56729
[2022-11-16 11:52:59.584] [jointLog] [info] iteration = 400 | max rel diff. = 9.89657
[2022-11-16 11:53:00.410] [jointLog] [info] iteration = 500 | max rel diff. = 0.559006
[2022-11-16 11:53:01.265] [jointLog] [info] iteration = 600 | max rel diff. = 3.06617
[2022-11-16 11:53:02.124] [jointLog] [info] iteration = 700 | max rel diff. = 0.104626
[2022-11-16 11:53:02.984] [jointLog] [info] iteration = 800 | max rel diff. = 6.34658
[2022-11-16 11:53:03.822] [jointLog] [info] iteration = 900 | max rel diff. = 0.659402
[2022-11-16 11:53:04.652] [jointLog] [info] iteration = 1,000 | max rel diff. = 2.22983
[2022-11-16 11:53:05.475] [jointLog] [info] iteration = 1,100 | max rel diff. = 0.0919267
[2022-11-16 11:53:06.317] [jointLog] [info] iteration = 1,200 | max rel diff. = 0.112715
[2022-11-16 11:53:07.184] [jointLog] [info] iteration = 1,300 | max rel diff. = 0.092149
[2022-11-16 11:53:08.062] [jointLog] [info] iteration = 1,400 | max rel diff. = 0.328173
[2022-11-16 11:53:08.981] [jointLog] [info] iteration = 1,500 | max rel diff. = 2.69633
[2022-11-16 11:53:09.801] [jointLog] [info] iteration = 1,600 | max rel diff. = 0.112743
[2022-11-16 11:53:10.647] [jointLog] [info] iteration = 1,700 | max rel diff. = 0.0340609
[2022-11-16 11:53:11.449] [jointLog] [info] iteration = 1,799 | max rel diff. = 0.00899834
[2022-11-16 11:53:11.476] [jointLog] [info] Finished optimizer
[2022-11-16 11:53:11.476] [jointLog] [info] writing output 

