INFO [2022-11-18 12:35:12] [[1]]
INFO [2022-11-18 12:35:12] list(A673_overexpressed$Gene_name, TC71_overexpressed$Gene_name)
INFO [2022-11-18 12:35:12] 
INFO [2022-11-18 12:35:12] $category.names
INFO [2022-11-18 12:35:12] c("A673", "TC71")
INFO [2022-11-18 12:35:12] 
INFO [2022-11-18 12:35:12] $filename
INFO [2022-11-18 12:35:12] NULL
INFO [2022-11-18 12:35:12] 
INFO [2022-11-18 12:35:12] $main
INFO [2022-11-18 12:35:12] [1] "Overlapping Overexpressed Genes"
INFO [2022-11-18 12:35:12] 
INFO [2022-11-18 12:35:12] $fill
INFO [2022-11-18 12:35:12] c("red", "deepskyblue4")
INFO [2022-11-18 12:35:12] 
INFO [2022-11-18 12:35:12] $lwd
INFO [2022-11-18 12:35:12] [1] 1
INFO [2022-11-18 12:35:12] 
INFO [2022-11-18 12:35:12] $lty
INFO [2022-11-18 12:35:12] [1] 1
INFO [2022-11-18 12:35:12] 
INFO [2022-11-18 12:35:12] [[1]]
INFO [2022-11-18 12:35:12] list(A673_underexpressed$Gene_name, TC71_underexpressed$Gene_name)
INFO [2022-11-18 12:35:12] 
INFO [2022-11-18 12:35:12] $category.names
INFO [2022-11-18 12:35:12] c("A673", "TC71")
INFO [2022-11-18 12:35:12] 
INFO [2022-11-18 12:35:12] $filename
INFO [2022-11-18 12:35:12] NULL
INFO [2022-11-18 12:35:12] 
INFO [2022-11-18 12:35:12] $main
INFO [2022-11-18 12:35:12] [1] "Overlapping Underexpressed Genes"
INFO [2022-11-18 12:35:12] 
INFO [2022-11-18 12:35:12] $fill
INFO [2022-11-18 12:35:12] c("red", "deepskyblue4")
INFO [2022-11-18 12:35:12] 
INFO [2022-11-18 12:35:12] $lwd
INFO [2022-11-18 12:35:12] [1] 1
INFO [2022-11-18 12:35:12] 
INFO [2022-11-18 12:35:12] $lty
INFO [2022-11-18 12:35:12] [1] 1
INFO [2022-11-18 12:35:12] 
