INFO [2022-11-18 16:13:59] [[1]]
INFO [2022-11-18 16:13:59] list(A673_underexpressed$Gene_name, TC71_underexpressed$Gene_name)
INFO [2022-11-18 16:13:59] 
INFO [2022-11-18 16:13:59] $category.names
INFO [2022-11-18 16:13:59] c("A673", "TC71")
INFO [2022-11-18 16:13:59] 
INFO [2022-11-18 16:13:59] $filename
INFO [2022-11-18 16:13:59] NULL
INFO [2022-11-18 16:13:59] 
INFO [2022-11-18 16:13:59] $main
INFO [2022-11-18 16:13:59] [1] "Overlapping Underexpressed Genes"
INFO [2022-11-18 16:13:59] 
INFO [2022-11-18 16:13:59] $fill
INFO [2022-11-18 16:13:59] c("red", "deepskyblue4")
INFO [2022-11-18 16:13:59] 
INFO [2022-11-18 16:13:59] $lwd
INFO [2022-11-18 16:13:59] [1] 1
INFO [2022-11-18 16:13:59] 
INFO [2022-11-18 16:13:59] $lty
INFO [2022-11-18 16:13:59] [1] 1
INFO [2022-11-18 16:13:59] 
