INFO [2022-11-18 16:17:17] [[1]]
INFO [2022-11-18 16:17:17] list(A673_overexpressed$Gene_name, TC71_overexpressed$Gene_name)
INFO [2022-11-18 16:17:17] 
INFO [2022-11-18 16:17:17] $category.names
INFO [2022-11-18 16:17:17] c("A673", "TC71")
INFO [2022-11-18 16:17:17] 
INFO [2022-11-18 16:17:17] $filename
INFO [2022-11-18 16:17:17] NULL
INFO [2022-11-18 16:17:17] 
INFO [2022-11-18 16:17:17] $main
INFO [2022-11-18 16:17:17] [1] "Overlapping Overexpressed Genes"
INFO [2022-11-18 16:17:17] 
INFO [2022-11-18 16:17:17] $fill
INFO [2022-11-18 16:17:17] c("red", "deepskyblue4")
INFO [2022-11-18 16:17:17] 
INFO [2022-11-18 16:17:17] $lwd
INFO [2022-11-18 16:17:17] [1] 1
INFO [2022-11-18 16:17:17] 
INFO [2022-11-18 16:17:17] $lty
INFO [2022-11-18 16:17:17] [1] 1
INFO [2022-11-18 16:17:17] 
INFO [2022-11-18 16:17:17] [[1]]
INFO [2022-11-18 16:17:17] list(A673_underexpressed$Gene_name, TC71_underexpressed$Gene_name)
INFO [2022-11-18 16:17:17] 
INFO [2022-11-18 16:17:17] $category.names
INFO [2022-11-18 16:17:17] c("A673", "TC71")
INFO [2022-11-18 16:17:17] 
INFO [2022-11-18 16:17:17] $filename
INFO [2022-11-18 16:17:17] NULL
INFO [2022-11-18 16:17:17] 
INFO [2022-11-18 16:17:17] $main
INFO [2022-11-18 16:17:17] [1] "Overlapping Underexpressed Genes"
INFO [2022-11-18 16:17:17] 
INFO [2022-11-18 16:17:17] $fill
INFO [2022-11-18 16:17:17] c("red", "deepskyblue4")
INFO [2022-11-18 16:17:17] 
INFO [2022-11-18 16:17:17] $lwd
INFO [2022-11-18 16:17:17] [1] 1
INFO [2022-11-18 16:17:17] 
INFO [2022-11-18 16:17:17] $lty
INFO [2022-11-18 16:17:17] [1] 1
INFO [2022-11-18 16:17:17] 
