INFO [2022-11-18 16:13:58] [[1]]
INFO [2022-11-18 16:13:58] list(A673_overexpressed$Gene_name, TC71_overexpressed$Gene_name)
INFO [2022-11-18 16:13:58] 
INFO [2022-11-18 16:13:58] $category.names
INFO [2022-11-18 16:13:58] c("A673", "TC71")
INFO [2022-11-18 16:13:58] 
INFO [2022-11-18 16:13:58] $filename
INFO [2022-11-18 16:13:58] NULL
INFO [2022-11-18 16:13:58] 
INFO [2022-11-18 16:13:58] $main
INFO [2022-11-18 16:13:58] [1] "Overlapping Overexpressed Genes"
INFO [2022-11-18 16:13:58] 
INFO [2022-11-18 16:13:58] $fill
INFO [2022-11-18 16:13:58] c("red", "deepskyblue4")
INFO [2022-11-18 16:13:58] 
INFO [2022-11-18 16:13:58] $lwd
INFO [2022-11-18 16:13:58] [1] 1
INFO [2022-11-18 16:13:58] 
INFO [2022-11-18 16:13:58] $lty
INFO [2022-11-18 16:13:58] [1] 1
INFO [2022-11-18 16:13:58] 
