INFO [2022-11-18 15:23:51] [[1]]
INFO [2022-11-18 15:23:51] list(A673_overexpressed$Gene_name, TC71_overexpressed$Gene_name)
INFO [2022-11-18 15:23:51] 
INFO [2022-11-18 15:23:51] $category.names
INFO [2022-11-18 15:23:51] c("A673", "TC71")
INFO [2022-11-18 15:23:51] 
INFO [2022-11-18 15:23:51] $filename
INFO [2022-11-18 15:23:51] NULL
INFO [2022-11-18 15:23:51] 
INFO [2022-11-18 15:23:51] $main
INFO [2022-11-18 15:23:51] [1] "Overlapping Overexpressed Genes"
INFO [2022-11-18 15:23:51] 
INFO [2022-11-18 15:23:51] $fill
INFO [2022-11-18 15:23:51] c("red", "deepskyblue4")
INFO [2022-11-18 15:23:51] 
INFO [2022-11-18 15:23:51] $lwd
INFO [2022-11-18 15:23:51] [1] 1
INFO [2022-11-18 15:23:51] 
INFO [2022-11-18 15:23:51] $lty
INFO [2022-11-18 15:23:51] [1] 1
INFO [2022-11-18 15:23:51] 
INFO [2022-11-18 15:23:51] [[1]]
INFO [2022-11-18 15:23:51] list(A673_underexpressed$Gene_name, TC71_underexpressed$Gene_name)
INFO [2022-11-18 15:23:51] 
INFO [2022-11-18 15:23:51] $category.names
INFO [2022-11-18 15:23:51] c("A673", "TC71")
INFO [2022-11-18 15:23:51] 
INFO [2022-11-18 15:23:51] $filename
INFO [2022-11-18 15:23:51] NULL
INFO [2022-11-18 15:23:51] 
INFO [2022-11-18 15:23:51] $main
INFO [2022-11-18 15:23:51] [1] "Overlapping Underexpressed Genes"
INFO [2022-11-18 15:23:51] 
INFO [2022-11-18 15:23:51] $fill
INFO [2022-11-18 15:23:51] c("red", "deepskyblue4")
INFO [2022-11-18 15:23:51] 
INFO [2022-11-18 15:23:51] $lwd
INFO [2022-11-18 15:23:51] [1] 1
INFO [2022-11-18 15:23:51] 
INFO [2022-11-18 15:23:51] $lty
INFO [2022-11-18 15:23:51] [1] 1
INFO [2022-11-18 15:23:51] 
