INFO [2022-11-18 16:08:44] [[1]]
INFO [2022-11-18 16:08:44] list(A673_overexpressed$Gene_name, TC71_overexpressed$Gene_name)
INFO [2022-11-18 16:08:44] 
INFO [2022-11-18 16:08:44] $category.names
INFO [2022-11-18 16:08:44] c("A673", "TC71")
INFO [2022-11-18 16:08:44] 
INFO [2022-11-18 16:08:44] $filename
INFO [2022-11-18 16:08:44] NULL
INFO [2022-11-18 16:08:44] 
INFO [2022-11-18 16:08:44] $main
INFO [2022-11-18 16:08:44] [1] "Overlapping Overexpressed Genes"
INFO [2022-11-18 16:08:44] 
INFO [2022-11-18 16:08:44] $fill
INFO [2022-11-18 16:08:44] c("red", "deepskyblue4")
INFO [2022-11-18 16:08:44] 
INFO [2022-11-18 16:08:44] $lwd
INFO [2022-11-18 16:08:44] [1] 1
INFO [2022-11-18 16:08:44] 
INFO [2022-11-18 16:08:44] $lty
INFO [2022-11-18 16:08:44] [1] 1
INFO [2022-11-18 16:08:44] 
INFO [2022-11-18 16:08:44] [[1]]
INFO [2022-11-18 16:08:44] list(A673_underexpressed$Gene_name, TC71_underexpressed$Gene_name)
INFO [2022-11-18 16:08:44] 
INFO [2022-11-18 16:08:44] $category.names
INFO [2022-11-18 16:08:44] c("A673", "TC71")
INFO [2022-11-18 16:08:44] 
INFO [2022-11-18 16:08:44] $filename
INFO [2022-11-18 16:08:44] NULL
INFO [2022-11-18 16:08:44] 
INFO [2022-11-18 16:08:44] $main
INFO [2022-11-18 16:08:44] [1] "Overlapping Underexpressed Genes"
INFO [2022-11-18 16:08:44] 
INFO [2022-11-18 16:08:44] $fill
INFO [2022-11-18 16:08:44] c("red", "deepskyblue4")
INFO [2022-11-18 16:08:44] 
INFO [2022-11-18 16:08:44] $lwd
INFO [2022-11-18 16:08:44] [1] 1
INFO [2022-11-18 16:08:44] 
INFO [2022-11-18 16:08:44] $lty
INFO [2022-11-18 16:08:44] [1] 1
INFO [2022-11-18 16:08:44] 
