INFO [2022-11-18 14:56:10] [[1]]
INFO [2022-11-18 14:56:10] list(A673_overexpressed$Gene_name, TC71_overexpressed$Gene_name)
INFO [2022-11-18 14:56:10] 
INFO [2022-11-18 14:56:10] $category.names
INFO [2022-11-18 14:56:10] c("A673", "TC71")
INFO [2022-11-18 14:56:10] 
INFO [2022-11-18 14:56:10] $filename
INFO [2022-11-18 14:56:10] NULL
INFO [2022-11-18 14:56:10] 
INFO [2022-11-18 14:56:10] $main
INFO [2022-11-18 14:56:10] [1] "Overlapping Overexpressed Genes"
INFO [2022-11-18 14:56:10] 
INFO [2022-11-18 14:56:10] $fill
INFO [2022-11-18 14:56:10] c("red", "deepskyblue4")
INFO [2022-11-18 14:56:10] 
INFO [2022-11-18 14:56:10] $lwd
INFO [2022-11-18 14:56:10] [1] 1
INFO [2022-11-18 14:56:10] 
INFO [2022-11-18 14:56:10] $lty
INFO [2022-11-18 14:56:10] [1] 1
INFO [2022-11-18 14:56:10] 
INFO [2022-11-18 14:56:10] [[1]]
INFO [2022-11-18 14:56:10] list(A673_underexpressed$Gene_name, TC71_underexpressed$Gene_name)
INFO [2022-11-18 14:56:10] 
INFO [2022-11-18 14:56:10] $category.names
INFO [2022-11-18 14:56:10] c("A673", "TC71")
INFO [2022-11-18 14:56:10] 
INFO [2022-11-18 14:56:10] $filename
INFO [2022-11-18 14:56:10] NULL
INFO [2022-11-18 14:56:10] 
INFO [2022-11-18 14:56:10] $main
INFO [2022-11-18 14:56:10] [1] "Overlapping Underexpressed Genes"
INFO [2022-11-18 14:56:10] 
INFO [2022-11-18 14:56:10] $fill
INFO [2022-11-18 14:56:10] c("red", "deepskyblue4")
INFO [2022-11-18 14:56:10] 
INFO [2022-11-18 14:56:10] $lwd
INFO [2022-11-18 14:56:10] [1] 1
INFO [2022-11-18 14:56:10] 
INFO [2022-11-18 14:56:10] $lty
INFO [2022-11-18 14:56:10] [1] 1
INFO [2022-11-18 14:56:10] 
