INFO [2022-11-18 15:37:52] [[1]]
INFO [2022-11-18 15:37:52] list(A673_overexpressed$Gene_name, TC71_overexpressed$Gene_name)
INFO [2022-11-18 15:37:52] 
INFO [2022-11-18 15:37:52] $category.names
INFO [2022-11-18 15:37:52] c("A673", "TC71")
INFO [2022-11-18 15:37:52] 
INFO [2022-11-18 15:37:52] $filename
INFO [2022-11-18 15:37:52] NULL
INFO [2022-11-18 15:37:52] 
INFO [2022-11-18 15:37:52] $main
INFO [2022-11-18 15:37:52] [1] "Overlapping Overexpressed Genes"
INFO [2022-11-18 15:37:52] 
INFO [2022-11-18 15:37:52] $fill
INFO [2022-11-18 15:37:52] c("red", "deepskyblue4")
INFO [2022-11-18 15:37:52] 
INFO [2022-11-18 15:37:52] $lwd
INFO [2022-11-18 15:37:52] [1] 1
INFO [2022-11-18 15:37:52] 
INFO [2022-11-18 15:37:52] $lty
INFO [2022-11-18 15:37:52] [1] 1
INFO [2022-11-18 15:37:52] 
INFO [2022-11-18 15:37:52] [[1]]
INFO [2022-11-18 15:37:52] list(A673_underexpressed$Gene_name, TC71_underexpressed$Gene_name)
INFO [2022-11-18 15:37:52] 
INFO [2022-11-18 15:37:52] $category.names
INFO [2022-11-18 15:37:52] c("A673", "TC71")
INFO [2022-11-18 15:37:52] 
INFO [2022-11-18 15:37:52] $filename
INFO [2022-11-18 15:37:52] NULL
INFO [2022-11-18 15:37:52] 
INFO [2022-11-18 15:37:52] $main
INFO [2022-11-18 15:37:52] [1] "Overlapping Underexpressed Genes"
INFO [2022-11-18 15:37:52] 
INFO [2022-11-18 15:37:52] $fill
INFO [2022-11-18 15:37:52] c("red", "deepskyblue4")
INFO [2022-11-18 15:37:52] 
INFO [2022-11-18 15:37:52] $lwd
INFO [2022-11-18 15:37:52] [1] 1
INFO [2022-11-18 15:37:52] 
INFO [2022-11-18 15:37:52] $lty
INFO [2022-11-18 15:37:52] [1] 1
INFO [2022-11-18 15:37:52] 
