[2022-11-11 15:47:23.262] [jointLog] [info] setting maxHashResizeThreads to 192
[2022-11-11 15:47:23.262] [jointLog] [info] Fragment incompatibility prior below threshold.  Incompatible fragments will be ignored.
[2022-11-11 15:47:23.262] [jointLog] [info] Usage of --validateMappings implies use of minScoreFraction. Since not explicitly specified, it is being set to 0.65
[2022-11-11 15:47:23.262] [jointLog] [info] Setting consensusSlack to selective-alignment default of 0.35.
[2022-11-11 15:47:23.262] [jointLog] [info] parsing read library format
[2022-11-11 15:47:23.262] [jointLog] [info] There is 1 library.
[2022-11-11 15:47:23.262] [jointLog] [info] Loading pufferfish index
[2022-11-11 15:47:23.262] [jointLog] [info] Loading dense pufferfish index.
[2022-11-11 15:47:25.033] [jointLog] [info] done
[2022-11-11 15:47:25.186] [jointLog] [info] Index contained 177,503 targets
[2022-11-11 15:47:25.247] [jointLog] [info] Number of decoys : 47
[2022-11-11 15:47:25.247] [jointLog] [info] First decoy index : 177,412 
[2022-11-11 15:47:26.533] [jointLog] [info] Automatically detected most likely library type as ISR

[2022-11-11 15:48:14.051] [jointLog] [info] Thread saw mini-batch with a maximum of 1.08% zero probability fragments
[2022-11-11 15:48:14.051] [jointLog] [info] Thread saw mini-batch with a maximum of 1.22% zero probability fragments
[2022-11-11 15:48:14.051] [jointLog] [info] Thread saw mini-batch with a maximum of 1.10% zero probability fragments
[2022-11-11 15:48:14.051] [jointLog] [info] Thread saw mini-batch with a maximum of 1.12% zero probability fragments
[2022-11-11 15:48:14.051] [jointLog] [info] Thread saw mini-batch with a maximum of 1.04% zero probability fragments
[2022-11-11 15:48:14.051] [jointLog] [info] Thread saw mini-batch with a maximum of 1.00% zero probability fragments
[2022-11-11 15:48:14.051] [jointLog] [info] Thread saw mini-batch with a maximum of 1.04% zero probability fragments
[2022-11-11 15:48:14.051] [jointLog] [info] Thread saw mini-batch with a maximum of 1.14% zero probability fragments
[2022-11-11 15:48:14.051] [jointLog] [info] Thread saw mini-batch with a maximum of 1.06% zero probability fragments
[2022-11-11 15:48:14.051] [jointLog] [info] Thread saw mini-batch with a maximum of 1.16% zero probability fragments
[2022-11-11 15:48:14.051] [jointLog] [info] Thread saw mini-batch with a maximum of 0.98% zero probability fragments
[2022-11-11 15:48:14.051] [jointLog] [info] Thread saw mini-batch with a maximum of 1.18% zero probability fragments
[2022-11-11 15:48:14.051] [jointLog] [info] Thread saw mini-batch with a maximum of 1.02% zero probability fragments
[2022-11-11 15:48:14.051] [jointLog] [info] Thread saw mini-batch with a maximum of 1.18% zero probability fragments
[2022-11-11 15:48:14.051] [jointLog] [info] Thread saw mini-batch with a maximum of 1.12% zero probability fragments
[2022-11-11 15:48:14.051] [jointLog] [info] Thread saw mini-batch with a maximum of 1.04% zero probability fragments
[2022-11-11 15:48:14.051] [jointLog] [info] Thread saw mini-batch with a maximum of 1.22% zero probability fragments
[2022-11-11 15:48:14.051] [jointLog] [info] Thread saw mini-batch with a maximum of 1.16% zero probability fragments
[2022-11-11 15:48:14.051] [jointLog] [info] Thread saw mini-batch with a maximum of 1.10% zero probability fragments
[2022-11-11 15:48:14.051] [jointLog] [info] Thread saw mini-batch with a maximum of 1.12% zero probability fragments
[2022-11-11 15:48:14.051] [jointLog] [info] Thread saw mini-batch with a maximum of 1.00% zero probability fragments
[2022-11-11 15:48:14.051] [jointLog] [info] Thread saw mini-batch with a maximum of 1.04% zero probability fragments
[2022-11-11 15:48:14.051] [jointLog] [info] Thread saw mini-batch with a maximum of 1.02% zero probability fragments
[2022-11-11 15:48:14.051] [jointLog] [info] Thread saw mini-batch with a maximum of 1.16% zero probability fragments
[2022-11-11 15:48:14.051] [jointLog] [info] Thread saw mini-batch with a maximum of 0.98% zero probability fragments
[2022-11-11 15:48:14.051] [jointLog] [info] Thread saw mini-batch with a maximum of 1.12% zero probability fragments
[2022-11-11 15:48:14.051] [jointLog] [info] Thread saw mini-batch with a maximum of 1.14% zero probability fragments
[2022-11-11 15:48:14.051] [jointLog] [info] Thread saw mini-batch with a maximum of 1.08% zero probability fragments
[2022-11-11 15:48:14.051] [jointLog] [info] Thread saw mini-batch with a maximum of 1.02% zero probability fragments
[2022-11-11 15:48:14.051] [jointLog] [info] Thread saw mini-batch with a maximum of 1.14% zero probability fragments
[2022-11-11 15:48:14.051] [jointLog] [info] Thread saw mini-batch with a maximum of 1.16% zero probability fragments
[2022-11-11 15:48:14.051] [jointLog] [info] Thread saw mini-batch with a maximum of 0.98% zero probability fragments
[2022-11-11 15:48:14.051] [jointLog] [info] Thread saw mini-batch with a maximum of 1.08% zero probability fragments
[2022-11-11 15:48:14.051] [jointLog] [info] Thread saw mini-batch with a maximum of 1.08% zero probability fragments
[2022-11-11 15:48:14.051] [jointLog] [info] Thread saw mini-batch with a maximum of 0.96% zero probability fragments
[2022-11-11 15:48:14.051] [jointLog] [info] Thread saw mini-batch with a maximum of 1.10% zero probability fragments
[2022-11-11 15:48:14.051] [jointLog] [info] Thread saw mini-batch with a maximum of 1.22% zero probability fragments
[2022-11-11 15:48:14.051] [jointLog] [info] Thread saw mini-batch with a maximum of 1.12% zero probability fragments
[2022-11-11 15:48:14.051] [jointLog] [info] Thread saw mini-batch with a maximum of 1.14% zero probability fragments
[2022-11-11 15:48:14.051] [jointLog] [info] Thread saw mini-batch with a maximum of 1.14% zero probability fragments
[2022-11-11 15:48:14.051] [jointLog] [info] Thread saw mini-batch with a maximum of 1.12% zero probability fragments
[2022-11-11 15:48:14.051] [jointLog] [info] Thread saw mini-batch with a maximum of 1.14% zero probability fragments
[2022-11-11 15:48:14.051] [jointLog] [info] Thread saw mini-batch with a maximum of 1.06% zero probability fragments
[2022-11-11 15:48:14.051] [jointLog] [info] Thread saw mini-batch with a maximum of 1.10% zero probability fragments
[2022-11-11 15:48:14.051] [jointLog] [info] Thread saw mini-batch with a maximum of 0.98% zero probability fragments
[2022-11-11 15:48:14.051] [jointLog] [info] Thread saw mini-batch with a maximum of 1.04% zero probability fragments
[2022-11-11 15:48:14.051] [jointLog] [info] Thread saw mini-batch with a maximum of 1.08% zero probability fragments
[2022-11-11 15:48:14.051] [jointLog] [info] Thread saw mini-batch with a maximum of 1.06% zero probability fragments
[2022-11-11 15:48:14.051] [jointLog] [info] Thread saw mini-batch with a maximum of 1.10% zero probability fragments
[2022-11-11 15:48:14.051] [jointLog] [info] Thread saw mini-batch with a maximum of 1.08% zero probability fragments
[2022-11-11 15:48:14.051] [jointLog] [info] Thread saw mini-batch with a maximum of 1.06% zero probability fragments
[2022-11-11 15:48:14.051] [jointLog] [info] Thread saw mini-batch with a maximum of 1.32% zero probability fragments
[2022-11-11 15:48:14.051] [jointLog] [info] Thread saw mini-batch with a maximum of 1.04% zero probability fragments
[2022-11-11 15:48:14.051] [jointLog] [info] Thread saw mini-batch with a maximum of 1.02% zero probability fragments
[2022-11-11 15:48:14.051] [jointLog] [info] Thread saw mini-batch with a maximum of 1.20% zero probability fragments
[2022-11-11 15:48:14.051] [jointLog] [info] Thread saw mini-batch with a maximum of 1.06% zero probability fragments
[2022-11-11 15:48:14.051] [jointLog] [info] Thread saw mini-batch with a maximum of 1.00% zero probability fragments
[2022-11-11 15:48:14.051] [jointLog] [info] Thread saw mini-batch with a maximum of 1.16% zero probability fragments
[2022-11-11 15:48:14.051] [jointLog] [info] Thread saw mini-batch with a maximum of 1.10% zero probability fragments
[2022-11-11 15:48:14.051] [jointLog] [info] Thread saw mini-batch with a maximum of 1.10% zero probability fragments
[2022-11-11 15:48:14.051] [jointLog] [info] Thread saw mini-batch with a maximum of 1.06% zero probability fragments
[2022-11-11 15:48:14.051] [jointLog] [info] Thread saw mini-batch with a maximum of 1.08% zero probability fragments
[2022-11-11 15:48:14.051] [jointLog] [info] Thread saw mini-batch with a maximum of 1.14% zero probability fragments
[2022-11-11 15:48:14.051] [jointLog] [info] Thread saw mini-batch with a maximum of 1.10% zero probability fragments
[2022-11-11 15:48:14.051] [jointLog] [info] Thread saw mini-batch with a maximum of 1.08% zero probability fragments
[2022-11-11 15:48:14.051] [jointLog] [info] Thread saw mini-batch with a maximum of 1.06% zero probability fragments
[2022-11-11 15:48:14.051] [jointLog] [info] Thread saw mini-batch with a maximum of 0.94% zero probability fragments
[2022-11-11 15:48:14.051] [jointLog] [info] Thread saw mini-batch with a maximum of 1.30% zero probability fragments
[2022-11-11 15:48:14.051] [jointLog] [info] Thread saw mini-batch with a maximum of 1.36% zero probability fragments
[2022-11-11 15:48:14.051] [jointLog] [info] Thread saw mini-batch with a maximum of 1.06% zero probability fragments
[2022-11-11 15:48:14.051] [jointLog] [info] Thread saw mini-batch with a maximum of 1.24% zero probability fragments
[2022-11-11 15:48:14.051] [jointLog] [info] Thread saw mini-batch with a maximum of 1.00% zero probability fragments
[2022-11-11 15:48:14.051] [jointLog] [info] Thread saw mini-batch with a maximum of 0.98% zero probability fragments
[2022-11-11 15:48:14.051] [jointLog] [info] Thread saw mini-batch with a maximum of 1.06% zero probability fragments
[2022-11-11 15:48:14.051] [jointLog] [info] Thread saw mini-batch with a maximum of 1.12% zero probability fragments
[2022-11-11 15:48:14.051] [jointLog] [info] Thread saw mini-batch with a maximum of 1.10% zero probability fragments
[2022-11-11 15:48:14.051] [jointLog] [info] Thread saw mini-batch with a maximum of 1.16% zero probability fragments
[2022-11-11 15:48:14.051] [jointLog] [info] Thread saw mini-batch with a maximum of 1.12% zero probability fragments
[2022-11-11 15:48:14.051] [jointLog] [info] Thread saw mini-batch with a maximum of 1.04% zero probability fragments
[2022-11-11 15:48:14.051] [jointLog] [info] Thread saw mini-batch with a maximum of 1.08% zero probability fragments
[2022-11-11 15:48:14.051] [jointLog] [info] Thread saw mini-batch with a maximum of 1.04% zero probability fragments
[2022-11-11 15:48:14.051] [jointLog] [info] Thread saw mini-batch with a maximum of 1.22% zero probability fragments
[2022-11-11 15:48:14.051] [jointLog] [info] Thread saw mini-batch with a maximum of 1.06% zero probability fragments
[2022-11-11 15:48:14.051] [jointLog] [info] Thread saw mini-batch with a maximum of 1.04% zero probability fragments
[2022-11-11 15:48:14.051] [jointLog] [info] Thread saw mini-batch with a maximum of 1.12% zero probability fragments
[2022-11-11 15:48:14.051] [jointLog] [info] Thread saw mini-batch with a maximum of 1.10% zero probability fragments
[2022-11-11 15:48:14.051] [jointLog] [info] Thread saw mini-batch with a maximum of 0.96% zero probability fragments
[2022-11-11 15:48:14.051] [jointLog] [info] Thread saw mini-batch with a maximum of 1.20% zero probability fragments
[2022-11-11 15:48:14.051] [jointLog] [info] Thread saw mini-batch with a maximum of 1.04% zero probability fragments
[2022-11-11 15:48:14.051] [jointLog] [info] Thread saw mini-batch with a maximum of 1.10% zero probability fragments
[2022-11-11 15:48:14.051] [jointLog] [info] Thread saw mini-batch with a maximum of 1.12% zero probability fragments
[2022-11-11 15:48:14.052] [jointLog] [info] Thread saw mini-batch with a maximum of 1.26% zero probability fragments
[2022-11-11 15:48:14.052] [jointLog] [info] Thread saw mini-batch with a maximum of 1.08% zero probability fragments
[2022-11-11 15:48:14.052] [jointLog] [info] Thread saw mini-batch with a maximum of 1.06% zero probability fragments
[2022-11-11 15:48:14.052] [jointLog] [info] Thread saw mini-batch with a maximum of 1.10% zero probability fragments
[2022-11-11 15:48:14.052] [jointLog] [info] Thread saw mini-batch with a maximum of 1.06% zero probability fragments
[2022-11-11 15:48:14.052] [jointLog] [info] Thread saw mini-batch with a maximum of 1.00% zero probability fragments
[2022-11-11 15:48:14.052] [jointLog] [info] Thread saw mini-batch with a maximum of 1.00% zero probability fragments
[2022-11-11 15:48:14.052] [jointLog] [info] Thread saw mini-batch with a maximum of 1.04% zero probability fragments
[2022-11-11 15:48:14.052] [jointLog] [info] Thread saw mini-batch with a maximum of 1.20% zero probability fragments
[2022-11-11 15:48:14.052] [jointLog] [info] Thread saw mini-batch with a maximum of 1.08% zero probability fragments
[2022-11-11 15:48:14.053] [jointLog] [info] Thread saw mini-batch with a maximum of 1.16% zero probability fragments
[2022-11-11 15:48:14.053] [jointLog] [info] Thread saw mini-batch with a maximum of 1.10% zero probability fragments
[2022-11-11 15:48:14.053] [jointLog] [info] Thread saw mini-batch with a maximum of 1.00% zero probability fragments
[2022-11-11 15:48:14.054] [jointLog] [info] Thread saw mini-batch with a maximum of 1.04% zero probability fragments
[2022-11-11 15:48:14.055] [jointLog] [info] Thread saw mini-batch with a maximum of 1.14% zero probability fragments
[2022-11-11 15:48:14.055] [jointLog] [info] Thread saw mini-batch with a maximum of 1.10% zero probability fragments
[2022-11-11 15:48:14.056] [jointLog] [info] Thread saw mini-batch with a maximum of 0.98% zero probability fragments
[2022-11-11 15:48:14.056] [jointLog] [info] Thread saw mini-batch with a maximum of 0.98% zero probability fragments
[2022-11-11 15:48:14.056] [jointLog] [info] Thread saw mini-batch with a maximum of 1.02% zero probability fragments
[2022-11-11 15:48:14.056] [jointLog] [info] Thread saw mini-batch with a maximum of 1.08% zero probability fragments
[2022-11-11 15:48:14.057] [jointLog] [info] Thread saw mini-batch with a maximum of 1.04% zero probability fragments
[2022-11-11 15:48:14.057] [jointLog] [info] Thread saw mini-batch with a maximum of 1.16% zero probability fragments
[2022-11-11 15:48:14.057] [jointLog] [info] Thread saw mini-batch with a maximum of 1.10% zero probability fragments
[2022-11-11 15:48:14.057] [jointLog] [info] Thread saw mini-batch with a maximum of 1.04% zero probability fragments
[2022-11-11 15:48:14.057] [jointLog] [info] Thread saw mini-batch with a maximum of 1.00% zero probability fragments
[2022-11-11 15:48:14.057] [jointLog] [info] Thread saw mini-batch with a maximum of 1.02% zero probability fragments
[2022-11-11 15:48:14.057] [jointLog] [info] Thread saw mini-batch with a maximum of 1.12% zero probability fragments
[2022-11-11 15:48:14.057] [jointLog] [info] Thread saw mini-batch with a maximum of 1.04% zero probability fragments
[2022-11-11 15:48:14.057] [jointLog] [info] Thread saw mini-batch with a maximum of 1.14% zero probability fragments
[2022-11-11 15:48:14.057] [jointLog] [info] Thread saw mini-batch with a maximum of 1.00% zero probability fragments
[2022-11-11 15:48:14.057] [jointLog] [info] Thread saw mini-batch with a maximum of 1.04% zero probability fragments
[2022-11-11 15:48:14.057] [jointLog] [info] Thread saw mini-batch with a maximum of 1.04% zero probability fragments
[2022-11-11 15:48:14.057] [jointLog] [info] Thread saw mini-batch with a maximum of 1.12% zero probability fragments
[2022-11-11 15:48:14.058] [jointLog] [info] Thread saw mini-batch with a maximum of 1.08% zero probability fragments
[2022-11-11 15:48:14.058] [jointLog] [info] Thread saw mini-batch with a maximum of 1.04% zero probability fragments
[2022-11-11 15:48:14.058] [jointLog] [info] Thread saw mini-batch with a maximum of 0.98% zero probability fragments
[2022-11-11 15:48:14.058] [jointLog] [info] Thread saw mini-batch with a maximum of 1.06% zero probability fragments
[2022-11-11 15:48:14.058] [jointLog] [info] Thread saw mini-batch with a maximum of 1.04% zero probability fragments
[2022-11-11 15:48:14.058] [jointLog] [info] Thread saw mini-batch with a maximum of 0.92% zero probability fragments
[2022-11-11 15:48:14.058] [jointLog] [info] Thread saw mini-batch with a maximum of 1.06% zero probability fragments
[2022-11-11 15:48:14.058] [jointLog] [info] Thread saw mini-batch with a maximum of 1.08% zero probability fragments
[2022-11-11 15:48:14.058] [jointLog] [info] Thread saw mini-batch with a maximum of 1.10% zero probability fragments
[2022-11-11 15:48:14.058] [jointLog] [info] Thread saw mini-batch with a maximum of 1.14% zero probability fragments
[2022-11-11 15:48:14.058] [jointLog] [info] Thread saw mini-batch with a maximum of 0.98% zero probability fragments
[2022-11-11 15:48:14.058] [jointLog] [info] Thread saw mini-batch with a maximum of 1.16% zero probability fragments
[2022-11-11 15:48:14.059] [jointLog] [info] Thread saw mini-batch with a maximum of 1.00% zero probability fragments
[2022-11-11 15:48:14.059] [jointLog] [info] Thread saw mini-batch with a maximum of 1.08% zero probability fragments
[2022-11-11 15:48:14.059] [jointLog] [info] Thread saw mini-batch with a maximum of 1.12% zero probability fragments
[2022-11-11 15:48:14.059] [jointLog] [info] Thread saw mini-batch with a maximum of 1.04% zero probability fragments
[2022-11-11 15:48:14.060] [jointLog] [info] Thread saw mini-batch with a maximum of 1.24% zero probability fragments
[2022-11-11 15:48:14.060] [jointLog] [info] Thread saw mini-batch with a maximum of 0.98% zero probability fragments
[2022-11-11 15:48:14.060] [jointLog] [info] Thread saw mini-batch with a maximum of 1.08% zero probability fragments
[2022-11-11 15:48:14.060] [jointLog] [info] Thread saw mini-batch with a maximum of 1.14% zero probability fragments
[2022-11-11 15:48:14.060] [jointLog] [info] Thread saw mini-batch with a maximum of 1.14% zero probability fragments
[2022-11-11 15:48:14.060] [jointLog] [info] Thread saw mini-batch with a maximum of 1.08% zero probability fragments
[2022-11-11 15:48:14.060] [jointLog] [info] Thread saw mini-batch with a maximum of 1.20% zero probability fragments
[2022-11-11 15:48:14.060] [jointLog] [info] Thread saw mini-batch with a maximum of 1.08% zero probability fragments
[2022-11-11 15:48:14.060] [jointLog] [info] Thread saw mini-batch with a maximum of 1.04% zero probability fragments
[2022-11-11 15:48:14.061] [jointLog] [info] Thread saw mini-batch with a maximum of 1.16% zero probability fragments
[2022-11-11 15:48:14.061] [jointLog] [info] Thread saw mini-batch with a maximum of 1.04% zero probability fragments
[2022-11-11 15:48:14.061] [jointLog] [info] Thread saw mini-batch with a maximum of 1.08% zero probability fragments
[2022-11-11 15:48:14.062] [jointLog] [info] Thread saw mini-batch with a maximum of 1.10% zero probability fragments
[2022-11-11 15:48:14.062] [jointLog] [info] Thread saw mini-batch with a maximum of 1.12% zero probability fragments
[2022-11-11 15:48:14.063] [jointLog] [info] Thread saw mini-batch with a maximum of 1.14% zero probability fragments
[2022-11-11 15:48:14.063] [jointLog] [info] Thread saw mini-batch with a maximum of 1.20% zero probability fragments
[2022-11-11 15:48:14.063] [jointLog] [info] Thread saw mini-batch with a maximum of 1.10% zero probability fragments
[2022-11-11 15:48:14.063] [jointLog] [info] Thread saw mini-batch with a maximum of 1.18% zero probability fragments
[2022-11-11 15:48:14.063] [jointLog] [info] Thread saw mini-batch with a maximum of 1.10% zero probability fragments
[2022-11-11 15:48:14.091] [jointLog] [info] Thread saw mini-batch with a maximum of 1.12% zero probability fragments
[2022-11-11 15:48:14.094] [jointLog] [info] Thread saw mini-batch with a maximum of 1.24% zero probability fragments
[2022-11-11 15:48:14.095] [jointLog] [info] Thread saw mini-batch with a maximum of 0.98% zero probability fragments
[2022-11-11 15:48:14.118] [jointLog] [info] Thread saw mini-batch with a maximum of 1.00% zero probability fragments
[2022-11-11 15:48:14.129] [jointLog] [info] Thread saw mini-batch with a maximum of 1.04% zero probability fragments
[2022-11-11 15:48:14.162] [jointLog] [info] Thread saw mini-batch with a maximum of 1.04% zero probability fragments
[2022-11-11 15:48:14.213] [jointLog] [info] Thread saw mini-batch with a maximum of 1.04% zero probability fragments
[2022-11-11 15:48:14.218] [jointLog] [info] Thread saw mini-batch with a maximum of 1.04% zero probability fragments
[2022-11-11 15:48:14.262] [jointLog] [info] Thread saw mini-batch with a maximum of 1.12% zero probability fragments
[2022-11-11 15:48:14.304] [jointLog] [info] Thread saw mini-batch with a maximum of 1.04% zero probability fragments
[2022-11-11 15:48:14.307] [jointLog] [info] Thread saw mini-batch with a maximum of 1.10% zero probability fragments
[2022-11-11 15:48:14.310] [jointLog] [info] Thread saw mini-batch with a maximum of 1.12% zero probability fragments
[2022-11-11 15:48:14.331] [jointLog] [info] Thread saw mini-batch with a maximum of 1.26% zero probability fragments
[2022-11-11 15:48:14.331] [jointLog] [info] Thread saw mini-batch with a maximum of 1.10% zero probability fragments
[2022-11-11 15:48:14.337] [jointLog] [info] Thread saw mini-batch with a maximum of 1.18% zero probability fragments
[2022-11-11 15:48:14.340] [jointLog] [info] Thread saw mini-batch with a maximum of 1.02% zero probability fragments
[2022-11-11 15:48:14.349] [jointLog] [info] Thread saw mini-batch with a maximum of 1.04% zero probability fragments
[2022-11-11 15:48:14.359] [jointLog] [info] Thread saw mini-batch with a maximum of 1.04% zero probability fragments
[2022-11-11 15:48:14.365] [jointLog] [info] Thread saw mini-batch with a maximum of 1.06% zero probability fragments
[2022-11-11 15:48:14.375] [jointLog] [info] Thread saw mini-batch with a maximum of 1.06% zero probability fragments
[2022-11-11 15:48:14.379] [jointLog] [info] Thread saw mini-batch with a maximum of 1.06% zero probability fragments
[2022-11-11 15:48:14.387] [jointLog] [info] Thread saw mini-batch with a maximum of 1.02% zero probability fragments
[2022-11-11 15:48:14.389] [jointLog] [info] Thread saw mini-batch with a maximum of 1.10% zero probability fragments
[2022-11-11 15:48:14.393] [jointLog] [info] Thread saw mini-batch with a maximum of 1.18% zero probability fragments
[2022-11-11 15:48:14.395] [jointLog] [info] Thread saw mini-batch with a maximum of 1.10% zero probability fragments
[2022-11-11 15:48:14.396] [jointLog] [info] Thread saw mini-batch with a maximum of 1.24% zero probability fragments
[2022-11-11 15:48:14.397] [jointLog] [info] Thread saw mini-batch with a maximum of 1.22% zero probability fragments
[2022-11-11 15:48:14.410] [jointLog] [info] Thread saw mini-batch with a maximum of 1.14% zero probability fragments
[2022-11-11 15:48:14.413] [jointLog] [info] Thread saw mini-batch with a maximum of 1.04% zero probability fragments
[2022-11-11 15:48:14.415] [jointLog] [info] Thread saw mini-batch with a maximum of 1.16% zero probability fragments
[2022-11-11 15:48:14.417] [jointLog] [info] Thread saw mini-batch with a maximum of 1.00% zero probability fragments
[2022-11-11 15:48:14.436] [jointLog] [info] Thread saw mini-batch with a maximum of 0.98% zero probability fragments
[2022-11-11 15:48:14.470] [jointLog] [info] Thread saw mini-batch with a maximum of 1.10% zero probability fragments
[2022-11-11 15:48:17.642] [jointLog] [info] Computed 938,884 rich equivalence classes for further processing
[2022-11-11 15:48:17.642] [jointLog] [info] Counted 23,358,021 total reads in the equivalence classes 
[2022-11-11 15:48:17.643] [fileLog] [info] 
At end of round 0
==================
Observed 26460351 total fragments (26460351 in most recent round)

[2022-11-11 15:48:18.810] [jointLog] [info] Number of mappings discarded because of alignment score : 7,760,237
[2022-11-11 15:48:18.810] [jointLog] [info] Number of fragments entirely discarded because of alignment score : 347,192
[2022-11-11 15:48:18.810] [jointLog] [info] Number of fragments discarded because they are best-mapped to decoys : 159,087
[2022-11-11 15:48:18.810] [jointLog] [info] Number of fragments discarded because they have only dovetail (discordant) mappings to valid targets : 57,604
[2022-11-11 15:48:18.810] [jointLog] [info] Mapping rate = 88.2756%

[2022-11-11 15:48:18.810] [jointLog] [info] finished quantifyLibrary()
[2022-11-11 15:48:18.826] [jointLog] [info] Starting optimizer
[2022-11-11 15:48:19.353] [jointLog] [info] Marked 0 weighted equivalence classes as degenerate
[2022-11-11 15:48:19.388] [jointLog] [info] iteration = 0 | max rel diff. = 6924.29
[2022-11-11 15:48:21.795] [jointLog] [info] iteration = 100 | max rel diff. = 14.76
[2022-11-11 15:48:24.197] [jointLog] [info] iteration = 200 | max rel diff. = 13.1162
[2022-11-11 15:48:26.721] [jointLog] [info] iteration = 300 | max rel diff. = 3.94076
[2022-11-11 15:48:29.165] [jointLog] [info] iteration = 400 | max rel diff. = 6.55353
[2022-11-11 15:48:31.521] [jointLog] [info] iteration = 500 | max rel diff. = 1.19541
[2022-11-11 15:48:33.856] [jointLog] [info] iteration = 600 | max rel diff. = 0.375567
[2022-11-11 15:48:36.319] [jointLog] [info] iteration = 700 | max rel diff. = 0.308849
[2022-11-11 15:48:38.662] [jointLog] [info] iteration = 800 | max rel diff. = 4.63291
[2022-11-11 15:48:41.032] [jointLog] [info] iteration = 900 | max rel diff. = 0.402114
[2022-11-11 15:48:43.333] [jointLog] [info] iteration = 1,000 | max rel diff. = 0.16372
[2022-11-11 15:48:45.808] [jointLog] [info] iteration = 1,100 | max rel diff. = 0.844574
[2022-11-11 15:48:48.094] [jointLog] [info] iteration = 1,200 | max rel diff. = 0.0639339
[2022-11-11 15:48:50.626] [jointLog] [info] iteration = 1,300 | max rel diff. = 0.0778675
[2022-11-11 15:48:53.123] [jointLog] [info] iteration = 1,400 | max rel diff. = 0.0535326
[2022-11-11 15:48:55.467] [jointLog] [info] iteration = 1,493 | max rel diff. = 0.00900518
[2022-11-11 15:48:55.557] [jointLog] [info] Finished optimizer
[2022-11-11 15:48:55.557] [jointLog] [info] writing output 

