[2022-11-11 14:00:25.052] [jointLog] [info] setting maxHashResizeThreads to 192
[2022-11-11 14:00:25.052] [jointLog] [info] Fragment incompatibility prior below threshold.  Incompatible fragments will be ignored.
[2022-11-11 14:00:25.052] [jointLog] [info] Usage of --validateMappings implies use of minScoreFraction. Since not explicitly specified, it is being set to 0.65
[2022-11-11 14:00:25.052] [jointLog] [info] Setting consensusSlack to selective-alignment default of 0.35.
[2022-11-11 14:00:25.052] [jointLog] [info] parsing read library format
[2022-11-11 14:00:25.052] [jointLog] [info] There is 1 library.
[2022-11-11 14:00:25.052] [jointLog] [info] Loading pufferfish index
[2022-11-11 14:00:25.052] [jointLog] [info] Loading dense pufferfish index.
[2022-11-11 14:00:26.640] [jointLog] [info] done
[2022-11-11 14:00:26.765] [jointLog] [info] Index contained 177,503 targets
[2022-11-11 14:00:26.830] [jointLog] [info] Number of decoys : 47
[2022-11-11 14:00:26.830] [jointLog] [info] First decoy index : 177,412 
[2022-11-11 14:00:28.125] [jointLog] [info] Automatically detected most likely library type as ISR

[2022-11-11 14:01:48.216] [jointLog] [info] Thread saw mini-batch with a maximum of 0.62% zero probability fragments
[2022-11-11 14:01:48.216] [jointLog] [info] Thread saw mini-batch with a maximum of 0.62% zero probability fragments
[2022-11-11 14:01:48.216] [jointLog] [info] Thread saw mini-batch with a maximum of 0.60% zero probability fragments
[2022-11-11 14:01:48.216] [jointLog] [info] Thread saw mini-batch with a maximum of 0.60% zero probability fragments
[2022-11-11 14:01:48.216] [jointLog] [info] Thread saw mini-batch with a maximum of 0.62% zero probability fragments
[2022-11-11 14:01:48.216] [jointLog] [info] Thread saw mini-batch with a maximum of 0.62% zero probability fragments
[2022-11-11 14:01:48.216] [jointLog] [info] Thread saw mini-batch with a maximum of 0.58% zero probability fragments
[2022-11-11 14:01:48.216] [jointLog] [info] Thread saw mini-batch with a maximum of 0.62% zero probability fragments
[2022-11-11 14:01:48.216] [jointLog] [info] Thread saw mini-batch with a maximum of 0.58% zero probability fragments
[2022-11-11 14:01:48.216] [jointLog] [info] Thread saw mini-batch with a maximum of 0.68% zero probability fragments
[2022-11-11 14:01:48.216] [jointLog] [info] Thread saw mini-batch with a maximum of 0.62% zero probability fragments
[2022-11-11 14:01:48.216] [jointLog] [info] Thread saw mini-batch with a maximum of 0.60% zero probability fragments
[2022-11-11 14:01:48.216] [jointLog] [info] Thread saw mini-batch with a maximum of 0.66% zero probability fragments
[2022-11-11 14:01:48.216] [jointLog] [info] Thread saw mini-batch with a maximum of 0.62% zero probability fragments
[2022-11-11 14:01:48.216] [jointLog] [info] Thread saw mini-batch with a maximum of 0.68% zero probability fragments
[2022-11-11 14:01:48.216] [jointLog] [info] Thread saw mini-batch with a maximum of 0.60% zero probability fragments
[2022-11-11 14:01:48.216] [jointLog] [info] Thread saw mini-batch with a maximum of 0.76% zero probability fragments
[2022-11-11 14:01:48.216] [jointLog] [info] Thread saw mini-batch with a maximum of 0.56% zero probability fragments
[2022-11-11 14:01:48.216] [jointLog] [info] Thread saw mini-batch with a maximum of 0.64% zero probability fragments
[2022-11-11 14:01:48.216] [jointLog] [info] Thread saw mini-batch with a maximum of 0.62% zero probability fragments
[2022-11-11 14:01:48.216] [jointLog] [info] Thread saw mini-batch with a maximum of 0.58% zero probability fragments
[2022-11-11 14:01:48.216] [jointLog] [info] Thread saw mini-batch with a maximum of 0.58% zero probability fragments
[2022-11-11 14:01:48.216] [jointLog] [info] Thread saw mini-batch with a maximum of 0.60% zero probability fragments
[2022-11-11 14:01:48.216] [jointLog] [info] Thread saw mini-batch with a maximum of 0.62% zero probability fragments
[2022-11-11 14:01:48.216] [jointLog] [info] Thread saw mini-batch with a maximum of 0.62% zero probability fragments
[2022-11-11 14:01:48.216] [jointLog] [info] Thread saw mini-batch with a maximum of 0.66% zero probability fragments
[2022-11-11 14:01:48.216] [jointLog] [info] Thread saw mini-batch with a maximum of 0.66% zero probability fragments
[2022-11-11 14:01:48.216] [jointLog] [info] Thread saw mini-batch with a maximum of 0.60% zero probability fragments
[2022-11-11 14:01:48.216] [jointLog] [info] Thread saw mini-batch with a maximum of 0.60% zero probability fragments
[2022-11-11 14:01:48.216] [jointLog] [info] Thread saw mini-batch with a maximum of 0.70% zero probability fragments
[2022-11-11 14:01:48.216] [jointLog] [info] Thread saw mini-batch with a maximum of 0.60% zero probability fragments
[2022-11-11 14:01:48.216] [jointLog] [info] Thread saw mini-batch with a maximum of 0.72% zero probability fragments
[2022-11-11 14:01:48.216] [jointLog] [info] Thread saw mini-batch with a maximum of 0.62% zero probability fragments
[2022-11-11 14:01:48.216] [jointLog] [info] Thread saw mini-batch with a maximum of 0.60% zero probability fragments
[2022-11-11 14:01:48.216] [jointLog] [info] Thread saw mini-batch with a maximum of 0.62% zero probability fragments
[2022-11-11 14:01:48.216] [jointLog] [info] Thread saw mini-batch with a maximum of 0.64% zero probability fragments
[2022-11-11 14:01:48.216] [jointLog] [info] Thread saw mini-batch with a maximum of 0.64% zero probability fragments
[2022-11-11 14:01:48.216] [jointLog] [info] Thread saw mini-batch with a maximum of 0.68% zero probability fragments
[2022-11-11 14:01:48.216] [jointLog] [info] Thread saw mini-batch with a maximum of 0.68% zero probability fragments
[2022-11-11 14:01:48.216] [jointLog] [info] Thread saw mini-batch with a maximum of 0.60% zero probability fragments
[2022-11-11 14:01:48.216] [jointLog] [info] Thread saw mini-batch with a maximum of 0.66% zero probability fragments
[2022-11-11 14:01:48.216] [jointLog] [info] Thread saw mini-batch with a maximum of 0.60% zero probability fragments
[2022-11-11 14:01:48.216] [jointLog] [info] Thread saw mini-batch with a maximum of 0.70% zero probability fragments
[2022-11-11 14:01:48.216] [jointLog] [info] Thread saw mini-batch with a maximum of 0.62% zero probability fragments
[2022-11-11 14:01:48.216] [jointLog] [info] Thread saw mini-batch with a maximum of 0.60% zero probability fragments
[2022-11-11 14:01:48.216] [jointLog] [info] Thread saw mini-batch with a maximum of 0.72% zero probability fragments
[2022-11-11 14:01:48.216] [jointLog] [info] Thread saw mini-batch with a maximum of 0.62% zero probability fragments
[2022-11-11 14:01:48.216] [jointLog] [info] Thread saw mini-batch with a maximum of 0.58% zero probability fragments
[2022-11-11 14:01:48.216] [jointLog] [info] Thread saw mini-batch with a maximum of 0.64% zero probability fragments
[2022-11-11 14:01:48.216] [jointLog] [info] Thread saw mini-batch with a maximum of 0.64% zero probability fragments
[2022-11-11 14:01:48.216] [jointLog] [info] Thread saw mini-batch with a maximum of 0.60% zero probability fragments
[2022-11-11 14:01:48.216] [jointLog] [info] Thread saw mini-batch with a maximum of 0.60% zero probability fragments
[2022-11-11 14:01:48.216] [jointLog] [info] Thread saw mini-batch with a maximum of 0.62% zero probability fragments
[2022-11-11 14:01:48.216] [jointLog] [info] Thread saw mini-batch with a maximum of 0.68% zero probability fragments
[2022-11-11 14:01:48.216] [jointLog] [info] Thread saw mini-batch with a maximum of 0.74% zero probability fragments
[2022-11-11 14:01:48.216] [jointLog] [info] Thread saw mini-batch with a maximum of 0.62% zero probability fragments
[2022-11-11 14:01:48.216] [jointLog] [info] Thread saw mini-batch with a maximum of 0.72% zero probability fragments
[2022-11-11 14:01:48.216] [jointLog] [info] Thread saw mini-batch with a maximum of 0.64% zero probability fragments
[2022-11-11 14:01:48.216] [jointLog] [info] Thread saw mini-batch with a maximum of 0.76% zero probability fragments
[2022-11-11 14:01:48.216] [jointLog] [info] Thread saw mini-batch with a maximum of 0.60% zero probability fragments
[2022-11-11 14:01:48.216] [jointLog] [info] Thread saw mini-batch with a maximum of 0.66% zero probability fragments
[2022-11-11 14:01:48.216] [jointLog] [info] Thread saw mini-batch with a maximum of 0.60% zero probability fragments
[2022-11-11 14:01:48.216] [jointLog] [info] Thread saw mini-batch with a maximum of 0.60% zero probability fragments
[2022-11-11 14:01:48.216] [jointLog] [info] Thread saw mini-batch with a maximum of 0.62% zero probability fragments
[2022-11-11 14:01:48.216] [jointLog] [info] Thread saw mini-batch with a maximum of 0.68% zero probability fragments
[2022-11-11 14:01:48.216] [jointLog] [info] Thread saw mini-batch with a maximum of 0.62% zero probability fragments
[2022-11-11 14:01:48.217] [jointLog] [info] Thread saw mini-batch with a maximum of 0.62% zero probability fragments
[2022-11-11 14:01:48.217] [jointLog] [info] Thread saw mini-batch with a maximum of 0.62% zero probability fragments
[2022-11-11 14:01:48.217] [jointLog] [info] Thread saw mini-batch with a maximum of 0.62% zero probability fragments
[2022-11-11 14:01:48.218] [jointLog] [info] Thread saw mini-batch with a maximum of 0.62% zero probability fragments
[2022-11-11 14:01:48.218] [jointLog] [info] Thread saw mini-batch with a maximum of 0.60% zero probability fragments
[2022-11-11 14:01:48.218] [jointLog] [info] Thread saw mini-batch with a maximum of 0.68% zero probability fragments
[2022-11-11 14:01:48.218] [jointLog] [info] Thread saw mini-batch with a maximum of 0.66% zero probability fragments
[2022-11-11 14:01:48.218] [jointLog] [info] Thread saw mini-batch with a maximum of 0.60% zero probability fragments
[2022-11-11 14:01:48.218] [jointLog] [info] Thread saw mini-batch with a maximum of 0.64% zero probability fragments
[2022-11-11 14:01:48.219] [jointLog] [info] Thread saw mini-batch with a maximum of 0.62% zero probability fragments
[2022-11-11 14:01:48.219] [jointLog] [info] Thread saw mini-batch with a maximum of 0.74% zero probability fragments
[2022-11-11 14:01:48.219] [jointLog] [info] Thread saw mini-batch with a maximum of 0.66% zero probability fragments
[2022-11-11 14:01:48.219] [jointLog] [info] Thread saw mini-batch with a maximum of 0.74% zero probability fragments
[2022-11-11 14:01:48.219] [jointLog] [info] Thread saw mini-batch with a maximum of 0.64% zero probability fragments
[2022-11-11 14:01:48.219] [jointLog] [info] Thread saw mini-batch with a maximum of 0.56% zero probability fragments
[2022-11-11 14:01:48.219] [jointLog] [info] Thread saw mini-batch with a maximum of 0.60% zero probability fragments
[2022-11-11 14:01:48.219] [jointLog] [info] Thread saw mini-batch with a maximum of 0.66% zero probability fragments
[2022-11-11 14:01:48.219] [jointLog] [info] Thread saw mini-batch with a maximum of 0.66% zero probability fragments
[2022-11-11 14:01:48.219] [jointLog] [info] Thread saw mini-batch with a maximum of 0.62% zero probability fragments
[2022-11-11 14:01:48.219] [jointLog] [info] Thread saw mini-batch with a maximum of 0.66% zero probability fragments
[2022-11-11 14:01:48.219] [jointLog] [info] Thread saw mini-batch with a maximum of 0.58% zero probability fragments
[2022-11-11 14:01:48.219] [jointLog] [info] Thread saw mini-batch with a maximum of 0.66% zero probability fragments
[2022-11-11 14:01:48.220] [jointLog] [info] Thread saw mini-batch with a maximum of 0.66% zero probability fragments
[2022-11-11 14:01:48.220] [jointLog] [info] Thread saw mini-batch with a maximum of 0.68% zero probability fragments
[2022-11-11 14:01:48.220] [jointLog] [info] Thread saw mini-batch with a maximum of 0.80% zero probability fragments
[2022-11-11 14:01:48.220] [jointLog] [info] Thread saw mini-batch with a maximum of 0.56% zero probability fragments
[2022-11-11 14:01:48.220] [jointLog] [info] Thread saw mini-batch with a maximum of 0.62% zero probability fragments
[2022-11-11 14:01:48.220] [jointLog] [info] Thread saw mini-batch with a maximum of 0.64% zero probability fragments
[2022-11-11 14:01:48.220] [jointLog] [info] Thread saw mini-batch with a maximum of 0.58% zero probability fragments
[2022-11-11 14:01:48.220] [jointLog] [info] Thread saw mini-batch with a maximum of 0.62% zero probability fragments
[2022-11-11 14:01:48.220] [jointLog] [info] Thread saw mini-batch with a maximum of 0.70% zero probability fragments
[2022-11-11 14:01:48.220] [jointLog] [info] Thread saw mini-batch with a maximum of 0.62% zero probability fragments
[2022-11-11 14:01:48.220] [jointLog] [info] Thread saw mini-batch with a maximum of 0.60% zero probability fragments
[2022-11-11 14:01:48.221] [jointLog] [info] Thread saw mini-batch with a maximum of 0.58% zero probability fragments
[2022-11-11 14:01:48.221] [jointLog] [info] Thread saw mini-batch with a maximum of 0.64% zero probability fragments
[2022-11-11 14:01:48.221] [jointLog] [info] Thread saw mini-batch with a maximum of 0.58% zero probability fragments
[2022-11-11 14:01:48.221] [jointLog] [info] Thread saw mini-batch with a maximum of 0.68% zero probability fragments
[2022-11-11 14:01:48.221] [jointLog] [info] Thread saw mini-batch with a maximum of 0.68% zero probability fragments
[2022-11-11 14:01:48.221] [jointLog] [info] Thread saw mini-batch with a maximum of 0.68% zero probability fragments
[2022-11-11 14:01:48.221] [jointLog] [info] Thread saw mini-batch with a maximum of 0.60% zero probability fragments
[2022-11-11 14:01:48.221] [jointLog] [info] Thread saw mini-batch with a maximum of 0.70% zero probability fragments
[2022-11-11 14:01:48.221] [jointLog] [info] Thread saw mini-batch with a maximum of 0.78% zero probability fragments
[2022-11-11 14:01:48.221] [jointLog] [info] Thread saw mini-batch with a maximum of 0.68% zero probability fragments
[2022-11-11 14:01:48.221] [jointLog] [info] Thread saw mini-batch with a maximum of 0.54% zero probability fragments
[2022-11-11 14:01:48.221] [jointLog] [info] Thread saw mini-batch with a maximum of 0.62% zero probability fragments
[2022-11-11 14:01:48.221] [jointLog] [info] Thread saw mini-batch with a maximum of 0.72% zero probability fragments
[2022-11-11 14:01:48.221] [jointLog] [info] Thread saw mini-batch with a maximum of 0.68% zero probability fragments
[2022-11-11 14:01:48.221] [jointLog] [info] Thread saw mini-batch with a maximum of 0.58% zero probability fragments
[2022-11-11 14:01:48.221] [jointLog] [info] Thread saw mini-batch with a maximum of 0.60% zero probability fragments
[2022-11-11 14:01:48.221] [jointLog] [info] Thread saw mini-batch with a maximum of 0.60% zero probability fragments
[2022-11-11 14:01:48.221] [jointLog] [info] Thread saw mini-batch with a maximum of 0.58% zero probability fragments
[2022-11-11 14:01:48.221] [jointLog] [info] Thread saw mini-batch with a maximum of 0.60% zero probability fragments
[2022-11-11 14:01:48.221] [jointLog] [info] Thread saw mini-batch with a maximum of 0.74% zero probability fragments
[2022-11-11 14:01:48.221] [jointLog] [info] Thread saw mini-batch with a maximum of 0.64% zero probability fragments
[2022-11-11 14:01:48.221] [jointLog] [info] Thread saw mini-batch with a maximum of 0.66% zero probability fragments
[2022-11-11 14:01:48.221] [jointLog] [info] Thread saw mini-batch with a maximum of 0.56% zero probability fragments
[2022-11-11 14:01:48.221] [jointLog] [info] Thread saw mini-batch with a maximum of 0.66% zero probability fragments
[2022-11-11 14:01:48.222] [jointLog] [info] Thread saw mini-batch with a maximum of 0.58% zero probability fragments
[2022-11-11 14:01:48.222] [jointLog] [info] Thread saw mini-batch with a maximum of 0.56% zero probability fragments
[2022-11-11 14:01:48.222] [jointLog] [info] Thread saw mini-batch with a maximum of 0.62% zero probability fragments
[2022-11-11 14:01:48.222] [jointLog] [info] Thread saw mini-batch with a maximum of 0.66% zero probability fragments
[2022-11-11 14:01:48.222] [jointLog] [info] Thread saw mini-batch with a maximum of 0.58% zero probability fragments
[2022-11-11 14:01:48.222] [jointLog] [info] Thread saw mini-batch with a maximum of 0.66% zero probability fragments
[2022-11-11 14:01:48.222] [jointLog] [info] Thread saw mini-batch with a maximum of 0.64% zero probability fragments
[2022-11-11 14:01:48.222] [jointLog] [info] Thread saw mini-batch with a maximum of 0.56% zero probability fragments
[2022-11-11 14:01:48.222] [jointLog] [info] Thread saw mini-batch with a maximum of 0.64% zero probability fragments
[2022-11-11 14:01:48.222] [jointLog] [info] Thread saw mini-batch with a maximum of 0.62% zero probability fragments
[2022-11-11 14:01:48.222] [jointLog] [info] Thread saw mini-batch with a maximum of 0.62% zero probability fragments
[2022-11-11 14:01:48.222] [jointLog] [info] Thread saw mini-batch with a maximum of 0.66% zero probability fragments
[2022-11-11 14:01:48.223] [jointLog] [info] Thread saw mini-batch with a maximum of 0.60% zero probability fragments
[2022-11-11 14:01:48.223] [jointLog] [info] Thread saw mini-batch with a maximum of 0.66% zero probability fragments
[2022-11-11 14:01:48.223] [jointLog] [info] Thread saw mini-batch with a maximum of 0.62% zero probability fragments
[2022-11-11 14:01:48.224] [jointLog] [info] Thread saw mini-batch with a maximum of 0.72% zero probability fragments
[2022-11-11 14:01:48.224] [jointLog] [info] Thread saw mini-batch with a maximum of 0.66% zero probability fragments
[2022-11-11 14:01:48.224] [jointLog] [info] Thread saw mini-batch with a maximum of 0.66% zero probability fragments
[2022-11-11 14:01:48.224] [jointLog] [info] Thread saw mini-batch with a maximum of 0.66% zero probability fragments
[2022-11-11 14:01:48.224] [jointLog] [info] Thread saw mini-batch with a maximum of 0.66% zero probability fragments
[2022-11-11 14:01:48.224] [jointLog] [info] Thread saw mini-batch with a maximum of 0.64% zero probability fragments
[2022-11-11 14:01:48.224] [jointLog] [info] Thread saw mini-batch with a maximum of 0.72% zero probability fragments
[2022-11-11 14:01:48.224] [jointLog] [info] Thread saw mini-batch with a maximum of 0.66% zero probability fragments
[2022-11-11 14:01:48.224] [jointLog] [info] Thread saw mini-batch with a maximum of 0.66% zero probability fragments
[2022-11-11 14:01:48.225] [jointLog] [info] Thread saw mini-batch with a maximum of 0.76% zero probability fragments
[2022-11-11 14:01:48.225] [jointLog] [info] Thread saw mini-batch with a maximum of 0.64% zero probability fragments
[2022-11-11 14:01:48.227] [jointLog] [info] Thread saw mini-batch with a maximum of 0.60% zero probability fragments
[2022-11-11 14:01:48.227] [jointLog] [info] Thread saw mini-batch with a maximum of 0.64% zero probability fragments
[2022-11-11 14:01:48.247] [jointLog] [info] Thread saw mini-batch with a maximum of 0.60% zero probability fragments
[2022-11-11 14:01:48.271] [jointLog] [info] Thread saw mini-batch with a maximum of 0.58% zero probability fragments
[2022-11-11 14:01:48.328] [jointLog] [info] Thread saw mini-batch with a maximum of 0.56% zero probability fragments
[2022-11-11 14:01:48.379] [jointLog] [info] Thread saw mini-batch with a maximum of 0.74% zero probability fragments
[2022-11-11 14:01:48.387] [jointLog] [info] Thread saw mini-batch with a maximum of 0.58% zero probability fragments
[2022-11-11 14:01:48.403] [jointLog] [info] Thread saw mini-batch with a maximum of 0.56% zero probability fragments
[2022-11-11 14:01:48.408] [jointLog] [info] Thread saw mini-batch with a maximum of 0.66% zero probability fragments
[2022-11-11 14:01:48.419] [jointLog] [info] Thread saw mini-batch with a maximum of 0.66% zero probability fragments
[2022-11-11 14:01:48.427] [jointLog] [info] Thread saw mini-batch with a maximum of 0.64% zero probability fragments
[2022-11-11 14:01:48.430] [jointLog] [info] Thread saw mini-batch with a maximum of 0.62% zero probability fragments
[2022-11-11 14:01:48.442] [jointLog] [info] Thread saw mini-batch with a maximum of 0.66% zero probability fragments
[2022-11-11 14:01:48.447] [jointLog] [info] Thread saw mini-batch with a maximum of 0.63% zero probability fragments
[2022-11-11 14:01:48.468] [jointLog] [info] Thread saw mini-batch with a maximum of 0.62% zero probability fragments
[2022-11-11 14:01:48.487] [jointLog] [info] Thread saw mini-batch with a maximum of 0.66% zero probability fragments
[2022-11-11 14:01:48.488] [jointLog] [info] Thread saw mini-batch with a maximum of 0.60% zero probability fragments
[2022-11-11 14:01:48.489] [jointLog] [info] Thread saw mini-batch with a maximum of 0.66% zero probability fragments
[2022-11-11 14:01:48.498] [jointLog] [info] Thread saw mini-batch with a maximum of 0.58% zero probability fragments
[2022-11-11 14:01:48.511] [jointLog] [info] Thread saw mini-batch with a maximum of 0.62% zero probability fragments
[2022-11-11 14:01:48.518] [jointLog] [info] Thread saw mini-batch with a maximum of 0.70% zero probability fragments
[2022-11-11 14:01:48.539] [jointLog] [info] Thread saw mini-batch with a maximum of 0.56% zero probability fragments
[2022-11-11 14:01:48.545] [jointLog] [info] Thread saw mini-batch with a maximum of 0.64% zero probability fragments
[2022-11-11 14:01:48.554] [jointLog] [info] Thread saw mini-batch with a maximum of 0.70% zero probability fragments
[2022-11-11 14:01:48.575] [jointLog] [info] Thread saw mini-batch with a maximum of 0.64% zero probability fragments
[2022-11-11 14:01:48.578] [jointLog] [info] Thread saw mini-batch with a maximum of 0.60% zero probability fragments
[2022-11-11 14:01:48.585] [jointLog] [info] Thread saw mini-batch with a maximum of 0.60% zero probability fragments
[2022-11-11 14:01:48.591] [jointLog] [info] Thread saw mini-batch with a maximum of 0.76% zero probability fragments
[2022-11-11 14:01:48.604] [jointLog] [info] Thread saw mini-batch with a maximum of 0.66% zero probability fragments
[2022-11-11 14:01:48.610] [jointLog] [info] Thread saw mini-batch with a maximum of 0.58% zero probability fragments
[2022-11-11 14:01:48.612] [jointLog] [info] Thread saw mini-batch with a maximum of 0.64% zero probability fragments
[2022-11-11 14:01:48.625] [jointLog] [info] Thread saw mini-batch with a maximum of 0.66% zero probability fragments
[2022-11-11 14:01:48.635] [jointLog] [info] Thread saw mini-batch with a maximum of 0.68% zero probability fragments
[2022-11-11 14:01:48.642] [jointLog] [info] Thread saw mini-batch with a maximum of 0.60% zero probability fragments
[2022-11-11 14:01:48.659] [jointLog] [info] Thread saw mini-batch with a maximum of 0.64% zero probability fragments
[2022-11-11 14:01:48.661] [jointLog] [info] Thread saw mini-batch with a maximum of 0.66% zero probability fragments
[2022-11-11 14:01:48.679] [jointLog] [info] Thread saw mini-batch with a maximum of 0.64% zero probability fragments
[2022-11-11 14:01:48.680] [jointLog] [info] Thread saw mini-batch with a maximum of 0.60% zero probability fragments
[2022-11-11 14:01:48.685] [jointLog] [info] Thread saw mini-batch with a maximum of 0.68% zero probability fragments
[2022-11-11 14:01:48.691] [jointLog] [info] Thread saw mini-batch with a maximum of 0.56% zero probability fragments
[2022-11-11 14:01:48.697] [jointLog] [info] Thread saw mini-batch with a maximum of 0.72% zero probability fragments
[2022-11-11 14:01:48.715] [jointLog] [info] Thread saw mini-batch with a maximum of 0.62% zero probability fragments
[2022-11-11 14:01:48.715] [jointLog] [info] Thread saw mini-batch with a maximum of 0.56% zero probability fragments
[2022-11-11 14:01:50.603] [fileLog] [info] 
At end of round 0
==================
Observed 44026577 total fragments (44026577 in most recent round)

[2022-11-11 14:01:50.603] [jointLog] [info] Computed 490,332 rich equivalence classes for further processing
[2022-11-11 14:01:50.603] [jointLog] [info] Counted 41,038,966 total reads in the equivalence classes 
[2022-11-11 14:01:51.008] [jointLog] [info] Number of mappings discarded because of alignment score : 25,223,346
[2022-11-11 14:01:51.008] [jointLog] [info] Number of fragments entirely discarded because of alignment score : 818,463
[2022-11-11 14:01:51.008] [jointLog] [info] Number of fragments discarded because they are best-mapped to decoys : 225,327
[2022-11-11 14:01:51.008] [jointLog] [info] Number of fragments discarded because they have only dovetail (discordant) mappings to valid targets : 121,159
[2022-11-11 14:01:51.008] [jointLog] [info] Mapping rate = 93.2141%

[2022-11-11 14:01:51.008] [jointLog] [info] finished quantifyLibrary()
[2022-11-11 14:01:51.013] [jointLog] [info] Starting optimizer
[2022-11-11 14:01:51.227] [jointLog] [info] Marked 0 weighted equivalence classes as degenerate
[2022-11-11 14:01:51.244] [jointLog] [info] iteration = 0 | max rel diff. = 4142.12
[2022-11-11 14:01:52.124] [jointLog] [info] iteration = 100 | max rel diff. = 17.5124
[2022-11-11 14:01:52.992] [jointLog] [info] iteration = 200 | max rel diff. = 4.53828
[2022-11-11 14:01:53.861] [jointLog] [info] iteration = 300 | max rel diff. = 5.63047
[2022-11-11 14:01:54.738] [jointLog] [info] iteration = 400 | max rel diff. = 1.2131
[2022-11-11 14:01:55.603] [jointLog] [info] iteration = 500 | max rel diff. = 6.41992
[2022-11-11 14:01:56.421] [jointLog] [info] iteration = 600 | max rel diff. = 0.715257
[2022-11-11 14:01:57.212] [jointLog] [info] iteration = 700 | max rel diff. = 0.728361
[2022-11-11 14:01:57.991] [jointLog] [info] iteration = 800 | max rel diff. = 0.117837
[2022-11-11 14:01:58.760] [jointLog] [info] iteration = 900 | max rel diff. = 8.04511
[2022-11-11 14:01:59.529] [jointLog] [info] iteration = 1,000 | max rel diff. = 0.0660355
[2022-11-11 14:02:00.302] [jointLog] [info] iteration = 1,100 | max rel diff. = 0.176169
[2022-11-11 14:02:01.074] [jointLog] [info] iteration = 1,200 | max rel diff. = 0.0323002
[2022-11-11 14:02:01.847] [jointLog] [info] iteration = 1,300 | max rel diff. = 0.406762
[2022-11-11 14:02:02.619] [jointLog] [info] iteration = 1,400 | max rel diff. = 0.54637
[2022-11-11 14:02:03.394] [jointLog] [info] iteration = 1,500 | max rel diff. = 0.0253062
[2022-11-11 14:02:04.168] [jointLog] [info] iteration = 1,600 | max rel diff. = 0.0438551
[2022-11-11 14:02:04.946] [jointLog] [info] iteration = 1,700 | max rel diff. = 0.0380651
[2022-11-11 14:02:05.722] [jointLog] [info] iteration = 1,800 | max rel diff. = 0.0392662
[2022-11-11 14:02:06.498] [jointLog] [info] iteration = 1,900 | max rel diff. = 0.158103
[2022-11-11 14:02:07.276] [jointLog] [info] iteration = 2,000 | max rel diff. = 0.0769148
[2022-11-11 14:02:08.056] [jointLog] [info] iteration = 2,100 | max rel diff. = 0.09758
[2022-11-11 14:02:08.833] [jointLog] [info] iteration = 2,200 | max rel diff. = 0.415643
[2022-11-11 14:02:09.607] [jointLog] [info] iteration = 2,300 | max rel diff. = 0.0144236
[2022-11-11 14:02:10.394] [jointLog] [info] iteration = 2,400 | max rel diff. = 3.09721
[2022-11-11 14:02:11.174] [jointLog] [info] iteration = 2,500 | max rel diff. = 0.0278501
[2022-11-11 14:02:11.539] [jointLog] [info] iteration = 2,548 | max rel diff. = 0.00964564
[2022-11-11 14:02:11.566] [jointLog] [info] Finished optimizer
[2022-11-11 14:02:11.566] [jointLog] [info] writing output 

