[2022-11-16 10:56:39.062] [jointLog] [info] setting maxHashResizeThreads to 192
[2022-11-16 10:56:39.062] [jointLog] [info] Fragment incompatibility prior below threshold.  Incompatible fragments will be ignored.
[2022-11-16 10:56:39.062] [jointLog] [info] Usage of --validateMappings implies use of minScoreFraction. Since not explicitly specified, it is being set to 0.65
[2022-11-16 10:56:39.062] [jointLog] [info] Setting consensusSlack to selective-alignment default of 0.35.
[2022-11-16 10:56:39.062] [jointLog] [info] parsing read library format
[2022-11-16 10:56:39.062] [jointLog] [info] There is 1 library.
[2022-11-16 10:56:39.062] [jointLog] [info] Loading pufferfish index
[2022-11-16 10:56:39.062] [jointLog] [info] Loading dense pufferfish index.
[2022-11-16 10:57:13.281] [jointLog] [info] done
[2022-11-16 10:57:13.397] [jointLog] [info] Index contained 177,651 targets
[2022-11-16 10:57:13.451] [jointLog] [info] Number of decoys : 195
[2022-11-16 10:57:13.451] [jointLog] [info] First decoy index : 177,412 
[2022-11-16 10:57:14.802] [jointLog] [info] Automatically detected most likely library type as ISR

[2022-11-16 10:58:35.569] [jointLog] [info] Thread saw mini-batch with a maximum of 0.42% zero probability fragments
[2022-11-16 10:58:35.569] [jointLog] [info] Thread saw mini-batch with a maximum of 0.40% zero probability fragments
[2022-11-16 10:58:35.569] [jointLog] [info] Thread saw mini-batch with a maximum of 0.44% zero probability fragments
[2022-11-16 10:58:35.569] [jointLog] [info] Thread saw mini-batch with a maximum of 0.48% zero probability fragments
[2022-11-16 10:58:35.569] [jointLog] [info] Thread saw mini-batch with a maximum of 0.38% zero probability fragments
[2022-11-16 10:58:35.569] [jointLog] [info] Thread saw mini-batch with a maximum of 0.48% zero probability fragments
[2022-11-16 10:58:35.569] [jointLog] [info] Thread saw mini-batch with a maximum of 0.50% zero probability fragments
[2022-11-16 10:58:35.569] [jointLog] [info] Thread saw mini-batch with a maximum of 0.38% zero probability fragments
[2022-11-16 10:58:35.569] [jointLog] [info] Thread saw mini-batch with a maximum of 0.52% zero probability fragments
[2022-11-16 10:58:35.569] [jointLog] [info] Thread saw mini-batch with a maximum of 0.54% zero probability fragments
[2022-11-16 10:58:35.569] [jointLog] [info] Thread saw mini-batch with a maximum of 0.42% zero probability fragments
[2022-11-16 10:58:35.569] [jointLog] [info] Thread saw mini-batch with a maximum of 0.52% zero probability fragments
[2022-11-16 10:58:35.569] [jointLog] [info] Thread saw mini-batch with a maximum of 0.36% zero probability fragments
[2022-11-16 10:58:35.569] [jointLog] [info] Thread saw mini-batch with a maximum of 0.40% zero probability fragments
[2022-11-16 10:58:35.569] [jointLog] [info] Thread saw mini-batch with a maximum of 0.42% zero probability fragments
[2022-11-16 10:58:35.569] [jointLog] [info] Thread saw mini-batch with a maximum of 0.42% zero probability fragments
[2022-11-16 10:58:35.569] [jointLog] [info] Thread saw mini-batch with a maximum of 0.40% zero probability fragments
[2022-11-16 10:58:35.569] [jointLog] [info] Thread saw mini-batch with a maximum of 0.42% zero probability fragments
[2022-11-16 10:58:35.569] [jointLog] [info] Thread saw mini-batch with a maximum of 0.46% zero probability fragments
[2022-11-16 10:58:35.569] [jointLog] [info] Thread saw mini-batch with a maximum of 0.46% zero probability fragments
[2022-11-16 10:58:35.569] [jointLog] [info] Thread saw mini-batch with a maximum of 0.48% zero probability fragments
[2022-11-16 10:58:35.569] [jointLog] [info] Thread saw mini-batch with a maximum of 0.50% zero probability fragments
[2022-11-16 10:58:35.569] [jointLog] [info] Thread saw mini-batch with a maximum of 0.48% zero probability fragments
[2022-11-16 10:58:35.569] [jointLog] [info] Thread saw mini-batch with a maximum of 0.48% zero probability fragments
[2022-11-16 10:58:35.569] [jointLog] [info] Thread saw mini-batch with a maximum of 0.44% zero probability fragments
[2022-11-16 10:58:35.569] [jointLog] [info] Thread saw mini-batch with a maximum of 0.52% zero probability fragments
[2022-11-16 10:58:35.569] [jointLog] [info] Thread saw mini-batch with a maximum of 0.44% zero probability fragments
[2022-11-16 10:58:35.569] [jointLog] [info] Thread saw mini-batch with a maximum of 0.46% zero probability fragments
[2022-11-16 10:58:35.569] [jointLog] [info] Thread saw mini-batch with a maximum of 0.46% zero probability fragments
[2022-11-16 10:58:35.569] [jointLog] [info] Thread saw mini-batch with a maximum of 0.46% zero probability fragments
[2022-11-16 10:58:35.569] [jointLog] [info] Thread saw mini-batch with a maximum of 0.40% zero probability fragments
[2022-11-16 10:58:35.569] [jointLog] [info] Thread saw mini-batch with a maximum of 0.46% zero probability fragments
[2022-11-16 10:58:35.569] [jointLog] [info] Thread saw mini-batch with a maximum of 0.48% zero probability fragments
[2022-11-16 10:58:35.569] [jointLog] [info] Thread saw mini-batch with a maximum of 0.52% zero probability fragments
[2022-11-16 10:58:35.569] [jointLog] [info] Thread saw mini-batch with a maximum of 0.42% zero probability fragments
[2022-11-16 10:58:35.569] [jointLog] [info] Thread saw mini-batch with a maximum of 0.40% zero probability fragments
[2022-11-16 10:58:35.569] [jointLog] [info] Thread saw mini-batch with a maximum of 0.46% zero probability fragments
[2022-11-16 10:58:35.569] [jointLog] [info] Thread saw mini-batch with a maximum of 0.50% zero probability fragments
[2022-11-16 10:58:35.569] [jointLog] [info] Thread saw mini-batch with a maximum of 0.52% zero probability fragments
[2022-11-16 10:58:35.569] [jointLog] [info] Thread saw mini-batch with a maximum of 0.48% zero probability fragments
[2022-11-16 10:58:35.569] [jointLog] [info] Thread saw mini-batch with a maximum of 0.52% zero probability fragments
[2022-11-16 10:58:35.569] [jointLog] [info] Thread saw mini-batch with a maximum of 0.40% zero probability fragments
[2022-11-16 10:58:35.569] [jointLog] [info] Thread saw mini-batch with a maximum of 0.40% zero probability fragments
[2022-11-16 10:58:35.569] [jointLog] [info] Thread saw mini-batch with a maximum of 0.46% zero probability fragments
[2022-11-16 10:58:35.569] [jointLog] [info] Thread saw mini-batch with a maximum of 0.42% zero probability fragments
[2022-11-16 10:58:35.569] [jointLog] [info] Thread saw mini-batch with a maximum of 0.46% zero probability fragments
[2022-11-16 10:58:35.569] [jointLog] [info] Thread saw mini-batch with a maximum of 0.48% zero probability fragments
[2022-11-16 10:58:35.569] [jointLog] [info] Thread saw mini-batch with a maximum of 0.50% zero probability fragments
[2022-11-16 10:58:35.569] [jointLog] [info] Thread saw mini-batch with a maximum of 0.50% zero probability fragments
[2022-11-16 10:58:35.569] [jointLog] [info] Thread saw mini-batch with a maximum of 0.44% zero probability fragments
[2022-11-16 10:58:35.569] [jointLog] [info] Thread saw mini-batch with a maximum of 0.46% zero probability fragments
[2022-11-16 10:58:35.569] [jointLog] [info] Thread saw mini-batch with a maximum of 0.46% zero probability fragments
[2022-11-16 10:58:35.569] [jointLog] [info] Thread saw mini-batch with a maximum of 0.48% zero probability fragments
[2022-11-16 10:58:35.569] [jointLog] [info] Thread saw mini-batch with a maximum of 0.44% zero probability fragments
[2022-11-16 10:58:35.569] [jointLog] [info] Thread saw mini-batch with a maximum of 0.46% zero probability fragments
[2022-11-16 10:58:35.569] [jointLog] [info] Thread saw mini-batch with a maximum of 0.44% zero probability fragments
[2022-11-16 10:58:35.569] [jointLog] [info] Thread saw mini-batch with a maximum of 0.42% zero probability fragments
[2022-11-16 10:58:35.569] [jointLog] [info] Thread saw mini-batch with a maximum of 0.52% zero probability fragments
[2022-11-16 10:58:35.569] [jointLog] [info] Thread saw mini-batch with a maximum of 0.40% zero probability fragments
[2022-11-16 10:58:35.569] [jointLog] [info] Thread saw mini-batch with a maximum of 0.46% zero probability fragments
[2022-11-16 10:58:35.569] [jointLog] [info] Thread saw mini-batch with a maximum of 0.44% zero probability fragments
[2022-11-16 10:58:35.569] [jointLog] [info] Thread saw mini-batch with a maximum of 0.44% zero probability fragments
[2022-11-16 10:58:35.569] [jointLog] [info] Thread saw mini-batch with a maximum of 0.42% zero probability fragments
[2022-11-16 10:58:35.569] [jointLog] [info] Thread saw mini-batch with a maximum of 0.44% zero probability fragments
[2022-11-16 10:58:35.569] [jointLog] [info] Thread saw mini-batch with a maximum of 0.48% zero probability fragments
[2022-11-16 10:58:35.569] [jointLog] [info] Thread saw mini-batch with a maximum of 0.42% zero probability fragments
[2022-11-16 10:58:35.569] [jointLog] [info] Thread saw mini-batch with a maximum of 0.44% zero probability fragments
[2022-11-16 10:58:35.569] [jointLog] [info] Thread saw mini-batch with a maximum of 0.50% zero probability fragments
[2022-11-16 10:58:35.569] [jointLog] [info] Thread saw mini-batch with a maximum of 0.52% zero probability fragments
[2022-11-16 10:58:35.569] [jointLog] [info] Thread saw mini-batch with a maximum of 0.46% zero probability fragments
[2022-11-16 10:58:35.569] [jointLog] [info] Thread saw mini-batch with a maximum of 0.42% zero probability fragments
[2022-11-16 10:58:35.569] [jointLog] [info] Thread saw mini-batch with a maximum of 0.44% zero probability fragments
[2022-11-16 10:58:35.569] [jointLog] [info] Thread saw mini-batch with a maximum of 0.42% zero probability fragments
[2022-11-16 10:58:35.569] [jointLog] [info] Thread saw mini-batch with a maximum of 0.46% zero probability fragments
[2022-11-16 10:58:35.570] [jointLog] [info] Thread saw mini-batch with a maximum of 0.42% zero probability fragments
[2022-11-16 10:58:35.570] [jointLog] [info] Thread saw mini-batch with a maximum of 0.52% zero probability fragments
[2022-11-16 10:58:35.570] [jointLog] [info] Thread saw mini-batch with a maximum of 0.44% zero probability fragments
[2022-11-16 10:58:35.570] [jointLog] [info] Thread saw mini-batch with a maximum of 0.42% zero probability fragments
[2022-11-16 10:58:35.570] [jointLog] [info] Thread saw mini-batch with a maximum of 0.42% zero probability fragments
[2022-11-16 10:58:35.570] [jointLog] [info] Thread saw mini-batch with a maximum of 0.40% zero probability fragments
[2022-11-16 10:58:35.570] [jointLog] [info] Thread saw mini-batch with a maximum of 0.46% zero probability fragments
[2022-11-16 10:58:35.570] [jointLog] [info] Thread saw mini-batch with a maximum of 0.36% zero probability fragments
[2022-11-16 10:58:35.570] [jointLog] [info] Thread saw mini-batch with a maximum of 0.46% zero probability fragments
[2022-11-16 10:58:35.570] [jointLog] [info] Thread saw mini-batch with a maximum of 0.42% zero probability fragments
[2022-11-16 10:58:35.570] [jointLog] [info] Thread saw mini-batch with a maximum of 0.50% zero probability fragments
[2022-11-16 10:58:35.570] [jointLog] [info] Thread saw mini-batch with a maximum of 0.48% zero probability fragments
[2022-11-16 10:58:35.570] [jointLog] [info] Thread saw mini-batch with a maximum of 0.40% zero probability fragments
[2022-11-16 10:58:35.570] [jointLog] [info] Thread saw mini-batch with a maximum of 0.46% zero probability fragments
[2022-11-16 10:58:35.570] [jointLog] [info] Thread saw mini-batch with a maximum of 0.42% zero probability fragments
[2022-11-16 10:58:35.575] [jointLog] [info] Thread saw mini-batch with a maximum of 0.52% zero probability fragments
[2022-11-16 10:58:35.577] [jointLog] [info] Thread saw mini-batch with a maximum of 0.46% zero probability fragments
[2022-11-16 10:58:35.577] [jointLog] [info] Thread saw mini-batch with a maximum of 0.42% zero probability fragments
[2022-11-16 10:58:35.577] [jointLog] [info] Thread saw mini-batch with a maximum of 0.44% zero probability fragments
[2022-11-16 10:58:35.577] [jointLog] [info] Thread saw mini-batch with a maximum of 0.50% zero probability fragments
[2022-11-16 10:58:35.577] [jointLog] [info] Thread saw mini-batch with a maximum of 0.52% zero probability fragments
[2022-11-16 10:58:35.577] [jointLog] [info] Thread saw mini-batch with a maximum of 0.48% zero probability fragments
[2022-11-16 10:58:35.577] [jointLog] [info] Thread saw mini-batch with a maximum of 0.38% zero probability fragments
[2022-11-16 10:58:35.577] [jointLog] [info] Thread saw mini-batch with a maximum of 0.42% zero probability fragments
[2022-11-16 10:58:35.577] [jointLog] [info] Thread saw mini-batch with a maximum of 0.50% zero probability fragments
[2022-11-16 10:58:35.577] [jointLog] [info] Thread saw mini-batch with a maximum of 0.52% zero probability fragments
[2022-11-16 10:58:35.577] [jointLog] [info] Thread saw mini-batch with a maximum of 0.42% zero probability fragments
[2022-11-16 10:58:35.577] [jointLog] [info] Thread saw mini-batch with a maximum of 0.44% zero probability fragments
[2022-11-16 10:58:35.577] [jointLog] [info] Thread saw mini-batch with a maximum of 0.40% zero probability fragments
[2022-11-16 10:58:35.577] [jointLog] [info] Thread saw mini-batch with a maximum of 0.48% zero probability fragments
[2022-11-16 10:58:35.577] [jointLog] [info] Thread saw mini-batch with a maximum of 0.42% zero probability fragments
[2022-11-16 10:58:35.577] [jointLog] [info] Thread saw mini-batch with a maximum of 0.42% zero probability fragments
[2022-11-16 10:58:35.577] [jointLog] [info] Thread saw mini-batch with a maximum of 0.50% zero probability fragments
[2022-11-16 10:58:35.578] [jointLog] [info] Thread saw mini-batch with a maximum of 0.52% zero probability fragments
[2022-11-16 10:58:35.578] [jointLog] [info] Thread saw mini-batch with a maximum of 0.44% zero probability fragments
[2022-11-16 10:58:35.578] [jointLog] [info] Thread saw mini-batch with a maximum of 0.52% zero probability fragments
[2022-11-16 10:58:35.578] [jointLog] [info] Thread saw mini-batch with a maximum of 0.42% zero probability fragments
[2022-11-16 10:58:35.578] [jointLog] [info] Thread saw mini-batch with a maximum of 0.48% zero probability fragments
[2022-11-16 10:58:35.578] [jointLog] [info] Thread saw mini-batch with a maximum of 0.54% zero probability fragments
[2022-11-16 10:58:35.578] [jointLog] [info] Thread saw mini-batch with a maximum of 0.52% zero probability fragments
[2022-11-16 10:58:35.578] [jointLog] [info] Thread saw mini-batch with a maximum of 0.42% zero probability fragments
[2022-11-16 10:58:35.578] [jointLog] [info] Thread saw mini-batch with a maximum of 0.46% zero probability fragments
[2022-11-16 10:58:35.578] [jointLog] [info] Thread saw mini-batch with a maximum of 0.42% zero probability fragments
[2022-11-16 10:58:35.578] [jointLog] [info] Thread saw mini-batch with a maximum of 0.42% zero probability fragments
[2022-11-16 10:58:35.578] [jointLog] [info] Thread saw mini-batch with a maximum of 0.44% zero probability fragments
[2022-11-16 10:58:35.578] [jointLog] [info] Thread saw mini-batch with a maximum of 0.38% zero probability fragments
[2022-11-16 10:58:35.578] [jointLog] [info] Thread saw mini-batch with a maximum of 0.44% zero probability fragments
[2022-11-16 10:58:35.579] [jointLog] [info] Thread saw mini-batch with a maximum of 0.48% zero probability fragments
[2022-11-16 10:58:35.579] [jointLog] [info] Thread saw mini-batch with a maximum of 0.38% zero probability fragments
[2022-11-16 10:58:35.579] [jointLog] [info] Thread saw mini-batch with a maximum of 0.54% zero probability fragments
[2022-11-16 10:58:35.579] [jointLog] [info] Thread saw mini-batch with a maximum of 0.52% zero probability fragments
[2022-11-16 10:58:35.581] [jointLog] [info] Thread saw mini-batch with a maximum of 0.42% zero probability fragments
[2022-11-16 10:58:35.581] [jointLog] [info] Thread saw mini-batch with a maximum of 0.52% zero probability fragments
[2022-11-16 10:58:35.581] [jointLog] [info] Thread saw mini-batch with a maximum of 0.48% zero probability fragments
[2022-11-16 10:58:35.581] [jointLog] [info] Thread saw mini-batch with a maximum of 0.60% zero probability fragments
[2022-11-16 10:58:35.581] [jointLog] [info] Thread saw mini-batch with a maximum of 0.46% zero probability fragments
[2022-11-16 10:58:35.581] [jointLog] [info] Thread saw mini-batch with a maximum of 0.42% zero probability fragments
[2022-11-16 10:58:35.581] [jointLog] [info] Thread saw mini-batch with a maximum of 0.46% zero probability fragments
[2022-11-16 10:58:35.582] [jointLog] [info] Thread saw mini-batch with a maximum of 0.42% zero probability fragments
[2022-11-16 10:58:35.585] [jointLog] [info] Thread saw mini-batch with a maximum of 0.42% zero probability fragments
[2022-11-16 10:58:35.585] [jointLog] [info] Thread saw mini-batch with a maximum of 0.46% zero probability fragments
[2022-11-16 10:58:35.585] [jointLog] [info] Thread saw mini-batch with a maximum of 0.42% zero probability fragments
[2022-11-16 10:58:35.585] [jointLog] [info] Thread saw mini-batch with a maximum of 0.44% zero probability fragments
[2022-11-16 10:58:35.589] [jointLog] [info] Thread saw mini-batch with a maximum of 0.44% zero probability fragments
[2022-11-16 10:58:35.593] [jointLog] [info] Thread saw mini-batch with a maximum of 0.42% zero probability fragments
[2022-11-16 10:58:35.593] [jointLog] [info] Thread saw mini-batch with a maximum of 0.40% zero probability fragments
[2022-11-16 10:58:35.595] [jointLog] [info] Thread saw mini-batch with a maximum of 0.46% zero probability fragments
[2022-11-16 10:58:35.597] [jointLog] [info] Thread saw mini-batch with a maximum of 0.44% zero probability fragments
[2022-11-16 10:58:35.607] [jointLog] [info] Thread saw mini-batch with a maximum of 0.50% zero probability fragments
[2022-11-16 10:58:35.620] [jointLog] [info] Thread saw mini-batch with a maximum of 0.44% zero probability fragments
[2022-11-16 10:58:35.621] [jointLog] [info] Thread saw mini-batch with a maximum of 0.44% zero probability fragments
[2022-11-16 10:58:35.671] [jointLog] [info] Thread saw mini-batch with a maximum of 0.46% zero probability fragments
[2022-11-16 10:58:35.677] [jointLog] [info] Thread saw mini-batch with a maximum of 0.44% zero probability fragments
[2022-11-16 10:58:35.678] [jointLog] [info] Thread saw mini-batch with a maximum of 0.46% zero probability fragments
[2022-11-16 10:58:35.686] [jointLog] [info] Thread saw mini-batch with a maximum of 0.44% zero probability fragments
[2022-11-16 10:58:35.686] [jointLog] [info] Thread saw mini-batch with a maximum of 0.42% zero probability fragments
[2022-11-16 10:58:35.695] [jointLog] [info] Thread saw mini-batch with a maximum of 0.48% zero probability fragments
[2022-11-16 10:58:35.707] [jointLog] [info] Thread saw mini-batch with a maximum of 0.44% zero probability fragments
[2022-11-16 10:58:35.710] [jointLog] [info] Thread saw mini-batch with a maximum of 0.42% zero probability fragments
[2022-11-16 10:58:35.712] [jointLog] [info] Thread saw mini-batch with a maximum of 0.42% zero probability fragments
[2022-11-16 10:58:35.717] [jointLog] [info] Thread saw mini-batch with a maximum of 0.52% zero probability fragments
[2022-11-16 10:58:35.718] [jointLog] [info] Thread saw mini-batch with a maximum of 0.40% zero probability fragments
[2022-11-16 10:58:35.723] [jointLog] [info] Thread saw mini-batch with a maximum of 0.42% zero probability fragments
[2022-11-16 10:58:35.726] [jointLog] [info] Thread saw mini-batch with a maximum of 0.42% zero probability fragments
[2022-11-16 10:58:35.736] [jointLog] [info] Thread saw mini-batch with a maximum of 0.44% zero probability fragments
[2022-11-16 10:58:35.743] [jointLog] [info] Thread saw mini-batch with a maximum of 0.52% zero probability fragments
[2022-11-16 10:58:35.747] [jointLog] [info] Thread saw mini-batch with a maximum of 0.56% zero probability fragments
[2022-11-16 10:58:35.755] [jointLog] [info] Thread saw mini-batch with a maximum of 0.46% zero probability fragments
[2022-11-16 10:58:35.775] [jointLog] [info] Thread saw mini-batch with a maximum of 0.54% zero probability fragments
[2022-11-16 10:58:35.778] [jointLog] [info] Thread saw mini-batch with a maximum of 0.46% zero probability fragments
[2022-11-16 10:58:35.783] [jointLog] [info] Thread saw mini-batch with a maximum of 0.58% zero probability fragments
[2022-11-16 10:58:35.787] [jointLog] [info] Thread saw mini-batch with a maximum of 0.46% zero probability fragments
[2022-11-16 10:58:35.793] [jointLog] [info] Thread saw mini-batch with a maximum of 0.50% zero probability fragments
[2022-11-16 10:58:35.803] [jointLog] [info] Thread saw mini-batch with a maximum of 0.44% zero probability fragments
[2022-11-16 10:58:35.812] [jointLog] [info] Thread saw mini-batch with a maximum of 0.46% zero probability fragments
[2022-11-16 10:58:35.816] [jointLog] [info] Thread saw mini-batch with a maximum of 0.52% zero probability fragments
[2022-11-16 10:58:35.819] [jointLog] [info] Thread saw mini-batch with a maximum of 0.42% zero probability fragments
[2022-11-16 10:58:35.827] [jointLog] [info] Thread saw mini-batch with a maximum of 0.48% zero probability fragments
[2022-11-16 10:58:35.841] [jointLog] [info] Thread saw mini-batch with a maximum of 0.54% zero probability fragments
[2022-11-16 10:58:35.841] [jointLog] [info] Thread saw mini-batch with a maximum of 0.46% zero probability fragments
[2022-11-16 10:58:35.843] [jointLog] [info] Thread saw mini-batch with a maximum of 0.42% zero probability fragments
[2022-11-16 10:58:35.846] [jointLog] [info] Thread saw mini-batch with a maximum of 0.40% zero probability fragments
[2022-11-16 10:58:35.859] [jointLog] [info] Thread saw mini-batch with a maximum of 0.46% zero probability fragments
[2022-11-16 10:58:35.866] [jointLog] [info] Thread saw mini-batch with a maximum of 0.58% zero probability fragments
[2022-11-16 10:58:35.867] [jointLog] [info] Thread saw mini-batch with a maximum of 0.46% zero probability fragments
[2022-11-16 10:58:35.874] [jointLog] [info] Thread saw mini-batch with a maximum of 0.56% zero probability fragments
[2022-11-16 10:58:35.878] [jointLog] [info] Thread saw mini-batch with a maximum of 0.48% zero probability fragments
[2022-11-16 10:58:35.882] [jointLog] [info] Thread saw mini-batch with a maximum of 0.48% zero probability fragments
[2022-11-16 10:58:35.889] [jointLog] [info] Thread saw mini-batch with a maximum of 0.44% zero probability fragments
[2022-11-16 10:58:35.895] [jointLog] [info] Thread saw mini-batch with a maximum of 0.48% zero probability fragments
[2022-11-16 10:58:35.902] [jointLog] [info] Thread saw mini-batch with a maximum of 0.40% zero probability fragments
[2022-11-16 10:58:35.907] [jointLog] [info] Thread saw mini-batch with a maximum of 0.48% zero probability fragments
[2022-11-16 10:58:35.920] [jointLog] [info] Thread saw mini-batch with a maximum of 0.50% zero probability fragments
[2022-11-16 10:58:35.926] [jointLog] [info] Thread saw mini-batch with a maximum of 0.42% zero probability fragments
[2022-11-16 10:58:35.928] [jointLog] [info] Thread saw mini-batch with a maximum of 0.44% zero probability fragments
[2022-11-16 10:58:35.935] [jointLog] [info] Thread saw mini-batch with a maximum of 0.44% zero probability fragments
[2022-11-16 10:58:35.941] [jointLog] [info] Thread saw mini-batch with a maximum of 0.46% zero probability fragments
[2022-11-16 10:58:35.953] [jointLog] [info] Thread saw mini-batch with a maximum of 0.46% zero probability fragments
[2022-11-16 10:58:37.934] [jointLog] [info] Computed 626,880 rich equivalence classes for further processing
[2022-11-16 10:58:37.934] [jointLog] [info] Counted 44,129,940 total reads in the equivalence classes 
[2022-11-16 10:58:38.259] [jointLog] [info] Number of mappings discarded because of alignment score : 18,973,456
[2022-11-16 10:58:38.259] [jointLog] [info] Number of fragments entirely discarded because of alignment score : 904,279
[2022-11-16 10:58:38.259] [jointLog] [info] Number of fragments discarded because they are best-mapped to decoys : 636,273
[2022-11-16 10:58:38.259] [jointLog] [info] Number of fragments discarded because they have only dovetail (discordant) mappings to valid targets : 106,845
[2022-11-16 10:58:38.259] [jointLog] [info] Mapping rate = 92.7308%

[2022-11-16 10:58:38.259] [jointLog] [info] finished quantifyLibrary()
[2022-11-16 10:58:38.263] [jointLog] [info] Starting optimizer
[2022-11-16 10:58:37.935] [fileLog] [info] 
At end of round 0
==================
Observed 47589296 total fragments (47589296 in most recent round)

[2022-11-16 10:58:38.499] [jointLog] [info] Marked 0 weighted equivalence classes as degenerate
[2022-11-16 10:58:38.514] [jointLog] [info] iteration = 0 | max rel diff. = 2910.03
[2022-11-16 10:58:39.785] [jointLog] [info] iteration = 100 | max rel diff. = 15.5946
[2022-11-16 10:58:41.040] [jointLog] [info] iteration = 200 | max rel diff. = 6.90102
[2022-11-16 10:58:42.274] [jointLog] [info] iteration = 300 | max rel diff. = 2.6337
[2022-11-16 10:58:43.528] [jointLog] [info] iteration = 400 | max rel diff. = 10.9599
[2022-11-16 10:58:44.785] [jointLog] [info] iteration = 500 | max rel diff. = 10.5582
[2022-11-16 10:58:46.003] [jointLog] [info] iteration = 600 | max rel diff. = 0.88995
[2022-11-16 10:58:47.232] [jointLog] [info] iteration = 700 | max rel diff. = 0.0873994
[2022-11-16 10:58:48.518] [jointLog] [info] iteration = 800 | max rel diff. = 0.156997
[2022-11-16 10:58:49.871] [jointLog] [info] iteration = 900 | max rel diff. = 0.588905
[2022-11-16 10:58:51.159] [jointLog] [info] iteration = 1,000 | max rel diff. = 0.106564
[2022-11-16 10:58:52.347] [jointLog] [info] iteration = 1,100 | max rel diff. = 0.0629423
[2022-11-16 10:58:53.555] [jointLog] [info] iteration = 1,200 | max rel diff. = 0.0236781
[2022-11-16 10:58:54.827] [jointLog] [info] iteration = 1,300 | max rel diff. = 0.0372582
[2022-11-16 10:58:56.101] [jointLog] [info] iteration = 1,400 | max rel diff. = 2.9449
[2022-11-16 10:58:57.375] [jointLog] [info] iteration = 1,500 | max rel diff. = 0.123457
[2022-11-16 10:58:58.627] [jointLog] [info] iteration = 1,600 | max rel diff. = 0.0165229
[2022-11-16 10:58:59.841] [jointLog] [info] iteration = 1,700 | max rel diff. = 0.0197168
[2022-11-16 10:59:01.082] [jointLog] [info] iteration = 1,800 | max rel diff. = 0.124148
[2022-11-16 10:59:02.321] [jointLog] [info] iteration = 1,900 | max rel diff. = 0.383031
[2022-11-16 10:59:02.659] [jointLog] [info] iteration = 1,929 | max rel diff. = 0.00497765
[2022-11-16 10:59:02.682] [jointLog] [info] Finished optimizer
[2022-11-16 10:59:02.682] [jointLog] [info] writing output 

