INFO [2022-11-16 17:25:22] [[1]]
INFO [2022-11-16 17:25:22] list(A673_overexpressed$Gene_name, TC71_overexpressed$Gene_name)
INFO [2022-11-16 17:25:22] 
INFO [2022-11-16 17:25:22] $category.names
INFO [2022-11-16 17:25:22] c("A673", "TC71")
INFO [2022-11-16 17:25:22] 
INFO [2022-11-16 17:25:22] $filename
INFO [2022-11-16 17:25:22] NULL
INFO [2022-11-16 17:25:22] 
INFO [2022-11-16 17:25:22] $main
INFO [2022-11-16 17:25:22] [1] "Overlapping Overexpressed Genes"
INFO [2022-11-16 17:25:22] 
INFO [2022-11-16 17:25:22] $fill
INFO [2022-11-16 17:25:22] c("red", "deepskyblue4")
INFO [2022-11-16 17:25:22] 
INFO [2022-11-16 17:25:22] $lwd
INFO [2022-11-16 17:25:22] [1] 1
INFO [2022-11-16 17:25:22] 
INFO [2022-11-16 17:25:22] $lty
INFO [2022-11-16 17:25:22] [1] 1
INFO [2022-11-16 17:25:22] 
INFO [2022-11-16 17:25:22] [[1]]
INFO [2022-11-16 17:25:22] list(A673_underexpressed$Gene_name, TC71_underexpressed$Gene_name)
INFO [2022-11-16 17:25:22] 
INFO [2022-11-16 17:25:22] $category.names
INFO [2022-11-16 17:25:22] c("A673", "TC71")
INFO [2022-11-16 17:25:22] 
INFO [2022-11-16 17:25:22] $filename
INFO [2022-11-16 17:25:22] NULL
INFO [2022-11-16 17:25:22] 
INFO [2022-11-16 17:25:22] $main
INFO [2022-11-16 17:25:22] [1] "Overlapping Underexpressed Genes"
INFO [2022-11-16 17:25:22] 
INFO [2022-11-16 17:25:22] $fill
INFO [2022-11-16 17:25:22] c("red", "deepskyblue4")
INFO [2022-11-16 17:25:22] 
INFO [2022-11-16 17:25:22] $lwd
INFO [2022-11-16 17:25:22] [1] 1
INFO [2022-11-16 17:25:22] 
INFO [2022-11-16 17:25:22] $lty
INFO [2022-11-16 17:25:22] [1] 1
INFO [2022-11-16 17:25:22] 
