INFO [2022-11-16 13:33:25] [[1]]
INFO [2022-11-16 13:33:25] list(A673_overexpressed$Gene_name, TC71_overexpressed$Gene_name)
INFO [2022-11-16 13:33:25] 
INFO [2022-11-16 13:33:25] $category.names
INFO [2022-11-16 13:33:25] c("A673", "TC71")
INFO [2022-11-16 13:33:25] 
INFO [2022-11-16 13:33:25] $filename
INFO [2022-11-16 13:33:25] NULL
INFO [2022-11-16 13:33:25] 
INFO [2022-11-16 13:33:25] $main
INFO [2022-11-16 13:33:25] [1] "Overlapping Overexpressed Genes"
INFO [2022-11-16 13:33:25] 
INFO [2022-11-16 13:33:25] $fill
INFO [2022-11-16 13:33:25] c("red", "deepskyblue4")
INFO [2022-11-16 13:33:25] 
INFO [2022-11-16 13:33:25] $lwd
INFO [2022-11-16 13:33:25] [1] 1
INFO [2022-11-16 13:33:25] 
INFO [2022-11-16 13:33:25] $lty
INFO [2022-11-16 13:33:25] [1] 1
INFO [2022-11-16 13:33:25] 
