INFO [2022-11-16 17:20:50] [[1]]
INFO [2022-11-16 17:20:50] list(A673_overexpressed$Gene_name, TC71_overexpressed$Gene_name)
INFO [2022-11-16 17:20:50] 
INFO [2022-11-16 17:20:50] $category.names
INFO [2022-11-16 17:20:50] c("A673", "TC71")
INFO [2022-11-16 17:20:50] 
INFO [2022-11-16 17:20:50] $filename
INFO [2022-11-16 17:20:50] NULL
INFO [2022-11-16 17:20:50] 
INFO [2022-11-16 17:20:50] $main
INFO [2022-11-16 17:20:50] [1] "Overlapping Overexpressed Genes"
INFO [2022-11-16 17:20:50] 
INFO [2022-11-16 17:20:50] $fill
INFO [2022-11-16 17:20:50] c("red", "deepskyblue4")
INFO [2022-11-16 17:20:50] 
INFO [2022-11-16 17:20:50] $lwd
INFO [2022-11-16 17:20:50] [1] 1
INFO [2022-11-16 17:20:50] 
INFO [2022-11-16 17:20:50] $lty
INFO [2022-11-16 17:20:50] [1] 1
INFO [2022-11-16 17:20:50] 
INFO [2022-11-16 17:20:50] [[1]]
INFO [2022-11-16 17:20:50] list(A673_underexpressed$Gene_name, TC71_underexpressed$Gene_name)
INFO [2022-11-16 17:20:50] 
INFO [2022-11-16 17:20:50] $category.names
INFO [2022-11-16 17:20:50] c("A673", "TC71")
INFO [2022-11-16 17:20:50] 
INFO [2022-11-16 17:20:50] $filename
INFO [2022-11-16 17:20:50] NULL
INFO [2022-11-16 17:20:50] 
INFO [2022-11-16 17:20:50] $main
INFO [2022-11-16 17:20:50] [1] "Overlapping Underexpressed Genes"
INFO [2022-11-16 17:20:50] 
INFO [2022-11-16 17:20:50] $fill
INFO [2022-11-16 17:20:50] c("red", "deepskyblue4")
INFO [2022-11-16 17:20:50] 
INFO [2022-11-16 17:20:50] $lwd
INFO [2022-11-16 17:20:50] [1] 1
INFO [2022-11-16 17:20:50] 
INFO [2022-11-16 17:20:50] $lty
INFO [2022-11-16 17:20:50] [1] 1
INFO [2022-11-16 17:20:50] 
