INFO [2022-11-16 13:33:26] [[1]]
INFO [2022-11-16 13:33:26] list(A673_underexpressed$Gene_name, TC71_underexpressed$Gene_name)
INFO [2022-11-16 13:33:26] 
INFO [2022-11-16 13:33:26] $category.names
INFO [2022-11-16 13:33:26] c("A673", "TC71")
INFO [2022-11-16 13:33:26] 
INFO [2022-11-16 13:33:26] $filename
INFO [2022-11-16 13:33:26] NULL
INFO [2022-11-16 13:33:26] 
INFO [2022-11-16 13:33:26] $main
INFO [2022-11-16 13:33:26] [1] "Overlapping Overexpressed Genes"
INFO [2022-11-16 13:33:26] 
INFO [2022-11-16 13:33:26] $fill
INFO [2022-11-16 13:33:26] c("red", "deepskyblue4")
INFO [2022-11-16 13:33:26] 
INFO [2022-11-16 13:33:26] $lwd
INFO [2022-11-16 13:33:26] [1] 1
INFO [2022-11-16 13:33:26] 
INFO [2022-11-16 13:33:26] $lty
INFO [2022-11-16 13:33:26] [1] 1
INFO [2022-11-16 13:33:26] 
