INFO [2022-11-16 13:38:02] [[1]]
INFO [2022-11-16 13:38:02] list(A673_overexpressed$Gene_name, TC71_overexpressed$Gene_name)
INFO [2022-11-16 13:38:02] 
INFO [2022-11-16 13:38:02] $category.names
INFO [2022-11-16 13:38:02] c("A673", "TC71")
INFO [2022-11-16 13:38:02] 
INFO [2022-11-16 13:38:02] $filename
INFO [2022-11-16 13:38:02] NULL
INFO [2022-11-16 13:38:02] 
INFO [2022-11-16 13:38:02] $main
INFO [2022-11-16 13:38:02] [1] "Overlapping Overexpressed Genes"
INFO [2022-11-16 13:38:02] 
INFO [2022-11-16 13:38:02] $fill
INFO [2022-11-16 13:38:02] c("red", "deepskyblue4")
INFO [2022-11-16 13:38:02] 
INFO [2022-11-16 13:38:02] $lwd
INFO [2022-11-16 13:38:02] [1] 1
INFO [2022-11-16 13:38:02] 
INFO [2022-11-16 13:38:02] $lty
INFO [2022-11-16 13:38:02] [1] 1
INFO [2022-11-16 13:38:02] 
INFO [2022-11-16 13:38:02] [[1]]
INFO [2022-11-16 13:38:02] list(A673_underexpressed$Gene_name, TC71_underexpressed$Gene_name)
INFO [2022-11-16 13:38:02] 
INFO [2022-11-16 13:38:02] $category.names
INFO [2022-11-16 13:38:02] c("A673", "TC71")
INFO [2022-11-16 13:38:02] 
INFO [2022-11-16 13:38:02] $filename
INFO [2022-11-16 13:38:02] NULL
INFO [2022-11-16 13:38:02] 
INFO [2022-11-16 13:38:02] $main
INFO [2022-11-16 13:38:02] [1] "Overlapping Underexpressed Genes"
INFO [2022-11-16 13:38:02] 
INFO [2022-11-16 13:38:02] $fill
INFO [2022-11-16 13:38:02] c("red", "deepskyblue4")
INFO [2022-11-16 13:38:02] 
INFO [2022-11-16 13:38:02] $lwd
INFO [2022-11-16 13:38:02] [1] 1
INFO [2022-11-16 13:38:02] 
INFO [2022-11-16 13:38:02] $lty
INFO [2022-11-16 13:38:02] [1] 1
INFO [2022-11-16 13:38:02] 
