INFO [2022-11-16 16:38:18] [[1]]
INFO [2022-11-16 16:38:18] list(A673_overexpressed$Gene_name, TC71_overexpressed$Gene_name)
INFO [2022-11-16 16:38:18] 
INFO [2022-11-16 16:38:18] $category.names
INFO [2022-11-16 16:38:18] c("A673", "TC71")
INFO [2022-11-16 16:38:18] 
INFO [2022-11-16 16:38:18] $filename
INFO [2022-11-16 16:38:18] NULL
INFO [2022-11-16 16:38:18] 
INFO [2022-11-16 16:38:18] $main
INFO [2022-11-16 16:38:18] [1] "Overlapping Overexpressed Genes"
INFO [2022-11-16 16:38:18] 
INFO [2022-11-16 16:38:18] $fill
INFO [2022-11-16 16:38:18] c("red", "deepskyblue4")
INFO [2022-11-16 16:38:18] 
INFO [2022-11-16 16:38:18] $lwd
INFO [2022-11-16 16:38:18] [1] 1
INFO [2022-11-16 16:38:18] 
INFO [2022-11-16 16:38:18] $lty
INFO [2022-11-16 16:38:18] [1] 1
INFO [2022-11-16 16:38:18] 
INFO [2022-11-16 16:38:18] [[1]]
INFO [2022-11-16 16:38:18] list(A673_underexpressed$Gene_name, TC71_underexpressed$Gene_name)
INFO [2022-11-16 16:38:18] 
INFO [2022-11-16 16:38:18] $category.names
INFO [2022-11-16 16:38:18] c("A673", "TC71")
INFO [2022-11-16 16:38:18] 
INFO [2022-11-16 16:38:18] $filename
INFO [2022-11-16 16:38:18] NULL
INFO [2022-11-16 16:38:18] 
INFO [2022-11-16 16:38:18] $main
INFO [2022-11-16 16:38:18] [1] "Overlapping Underexpressed Genes"
INFO [2022-11-16 16:38:18] 
INFO [2022-11-16 16:38:18] $fill
INFO [2022-11-16 16:38:18] c("red", "deepskyblue4")
INFO [2022-11-16 16:38:18] 
INFO [2022-11-16 16:38:18] $lwd
INFO [2022-11-16 16:38:18] [1] 1
INFO [2022-11-16 16:38:18] 
INFO [2022-11-16 16:38:18] $lty
INFO [2022-11-16 16:38:18] [1] 1
INFO [2022-11-16 16:38:18] 
