INFO [2022-11-17 10:05:21] [[1]]
INFO [2022-11-17 10:05:21] list(A673_underexpressed$Gene_name, TC71_underexpressed$Gene_name)
INFO [2022-11-17 10:05:21] 
INFO [2022-11-17 10:05:21] $category.names
INFO [2022-11-17 10:05:21] c("A673", "TC71")
INFO [2022-11-17 10:05:21] 
INFO [2022-11-17 10:05:21] $filename
INFO [2022-11-17 10:05:21] NULL
INFO [2022-11-17 10:05:21] 
INFO [2022-11-17 10:05:21] $main
INFO [2022-11-17 10:05:21] [1] "Overlapping Underexpressed Genes"
INFO [2022-11-17 10:05:21] 
INFO [2022-11-17 10:05:21] $fill
INFO [2022-11-17 10:05:21] c("red", "deepskyblue4")
INFO [2022-11-17 10:05:21] 
INFO [2022-11-17 10:05:21] $lwd
INFO [2022-11-17 10:05:21] [1] 1
INFO [2022-11-17 10:05:21] 
INFO [2022-11-17 10:05:21] $lty
INFO [2022-11-17 10:05:21] [1] 1
INFO [2022-11-17 10:05:21] 
