INFO [2022-11-16 17:00:49] [[1]]
INFO [2022-11-16 17:00:49] list(A673_overexpressed$Gene_name, TC71_overexpressed$Gene_name)
INFO [2022-11-16 17:00:49] 
INFO [2022-11-16 17:00:49] $category.names
INFO [2022-11-16 17:00:49] c("A673", "TC71")
INFO [2022-11-16 17:00:49] 
INFO [2022-11-16 17:00:49] $filename
INFO [2022-11-16 17:00:49] NULL
INFO [2022-11-16 17:00:49] 
INFO [2022-11-16 17:00:49] $main
INFO [2022-11-16 17:00:49] [1] "Overlapping Overexpressed Genes"
INFO [2022-11-16 17:00:49] 
INFO [2022-11-16 17:00:49] $fill
INFO [2022-11-16 17:00:49] c("red", "deepskyblue4")
INFO [2022-11-16 17:00:49] 
INFO [2022-11-16 17:00:49] $lwd
INFO [2022-11-16 17:00:49] [1] 1
INFO [2022-11-16 17:00:49] 
INFO [2022-11-16 17:00:49] $lty
INFO [2022-11-16 17:00:49] [1] 1
INFO [2022-11-16 17:00:49] 
INFO [2022-11-16 17:00:49] [[1]]
INFO [2022-11-16 17:00:49] list(A673_underexpressed$Gene_name, TC71_underexpressed$Gene_name)
INFO [2022-11-16 17:00:49] 
INFO [2022-11-16 17:00:49] $category.names
INFO [2022-11-16 17:00:49] c("A673", "TC71")
INFO [2022-11-16 17:00:49] 
INFO [2022-11-16 17:00:49] $filename
INFO [2022-11-16 17:00:49] NULL
INFO [2022-11-16 17:00:49] 
INFO [2022-11-16 17:00:49] $main
INFO [2022-11-16 17:00:49] [1] "Overlapping Underexpressed Genes"
INFO [2022-11-16 17:00:49] 
INFO [2022-11-16 17:00:49] $fill
INFO [2022-11-16 17:00:49] c("red", "deepskyblue4")
INFO [2022-11-16 17:00:49] 
INFO [2022-11-16 17:00:49] $lwd
INFO [2022-11-16 17:00:49] [1] 1
INFO [2022-11-16 17:00:49] 
INFO [2022-11-16 17:00:49] $lty
INFO [2022-11-16 17:00:49] [1] 1
INFO [2022-11-16 17:00:49] 
