INFO [2022-11-16 13:34:48] [[1]]
INFO [2022-11-16 13:34:48] list(A673_overexpressed$Gene_name, TC71_overexpressed$Gene_name)
INFO [2022-11-16 13:34:48] 
INFO [2022-11-16 13:34:48] $category.names
INFO [2022-11-16 13:34:48] c("A673", "TC71")
INFO [2022-11-16 13:34:48] 
INFO [2022-11-16 13:34:48] $filename
INFO [2022-11-16 13:34:48] NULL
INFO [2022-11-16 13:34:48] 
INFO [2022-11-16 13:34:48] $main
INFO [2022-11-16 13:34:48] [1] "Overlapping Overexpressed Genes"
INFO [2022-11-16 13:34:48] 
INFO [2022-11-16 13:34:48] $fill
INFO [2022-11-16 13:34:48] c("red", "deepskyblue4")
INFO [2022-11-16 13:34:48] 
INFO [2022-11-16 13:34:48] $lwd
INFO [2022-11-16 13:34:48] [1] 1
INFO [2022-11-16 13:34:48] 
INFO [2022-11-16 13:34:48] $lty
INFO [2022-11-16 13:34:48] [1] 1
INFO [2022-11-16 13:34:48] 
INFO [2022-11-16 13:34:48] [[1]]
INFO [2022-11-16 13:34:48] list(A673_underexpressed$Gene_name, TC71_underexpressed$Gene_name)
INFO [2022-11-16 13:34:48] 
INFO [2022-11-16 13:34:48] $category.names
INFO [2022-11-16 13:34:48] c("A673", "TC71")
INFO [2022-11-16 13:34:48] 
INFO [2022-11-16 13:34:48] $filename
INFO [2022-11-16 13:34:48] NULL
INFO [2022-11-16 13:34:48] 
INFO [2022-11-16 13:34:48] $main
INFO [2022-11-16 13:34:48] [1] "Overlapping Underexpressed Genes"
INFO [2022-11-16 13:34:48] 
INFO [2022-11-16 13:34:48] $fill
INFO [2022-11-16 13:34:48] c("red", "deepskyblue4")
INFO [2022-11-16 13:34:48] 
INFO [2022-11-16 13:34:48] $lwd
INFO [2022-11-16 13:34:48] [1] 1
INFO [2022-11-16 13:34:48] 
INFO [2022-11-16 13:34:48] $lty
INFO [2022-11-16 13:34:48] [1] 1
INFO [2022-11-16 13:34:48] 
