INFO [2022-11-16 17:33:20] [[1]]
INFO [2022-11-16 17:33:20] list(A673_overexpressed$Gene_name, TC71_overexpressed$Gene_name)
INFO [2022-11-16 17:33:20] 
INFO [2022-11-16 17:33:20] $category.names
INFO [2022-11-16 17:33:20] c("A673", "TC71")
INFO [2022-11-16 17:33:20] 
INFO [2022-11-16 17:33:20] $filename
INFO [2022-11-16 17:33:20] NULL
INFO [2022-11-16 17:33:20] 
INFO [2022-11-16 17:33:20] $main
INFO [2022-11-16 17:33:20] [1] "Overlapping Overexpressed Genes"
INFO [2022-11-16 17:33:20] 
INFO [2022-11-16 17:33:20] $fill
INFO [2022-11-16 17:33:20] c("red", "deepskyblue4")
INFO [2022-11-16 17:33:20] 
INFO [2022-11-16 17:33:20] $lwd
INFO [2022-11-16 17:33:20] [1] 1
INFO [2022-11-16 17:33:20] 
INFO [2022-11-16 17:33:20] $lty
INFO [2022-11-16 17:33:20] [1] 1
INFO [2022-11-16 17:33:20] 
INFO [2022-11-16 17:33:20] [[1]]
INFO [2022-11-16 17:33:20] list(A673_underexpressed$Gene_name, TC71_underexpressed$Gene_name)
INFO [2022-11-16 17:33:20] 
INFO [2022-11-16 17:33:20] $category.names
INFO [2022-11-16 17:33:20] c("A673", "TC71")
INFO [2022-11-16 17:33:20] 
INFO [2022-11-16 17:33:20] $filename
INFO [2022-11-16 17:33:20] NULL
INFO [2022-11-16 17:33:20] 
INFO [2022-11-16 17:33:20] $main
INFO [2022-11-16 17:33:20] [1] "Overlapping Underexpressed Genes"
INFO [2022-11-16 17:33:20] 
INFO [2022-11-16 17:33:20] $fill
INFO [2022-11-16 17:33:20] c("red", "deepskyblue4")
INFO [2022-11-16 17:33:20] 
INFO [2022-11-16 17:33:20] $lwd
INFO [2022-11-16 17:33:20] [1] 1
INFO [2022-11-16 17:33:20] 
INFO [2022-11-16 17:33:20] $lty
INFO [2022-11-16 17:33:20] [1] 1
INFO [2022-11-16 17:33:20] 
