INFO [2022-11-17 09:54:31] [[1]]
INFO [2022-11-17 09:54:31] list(A673_overexpressed$Gene_name, TC71_overexpressed$Gene_name)
INFO [2022-11-17 09:54:31] 
INFO [2022-11-17 09:54:31] $category.names
INFO [2022-11-17 09:54:31] c("A673", "TC71")
INFO [2022-11-17 09:54:31] 
INFO [2022-11-17 09:54:31] $filename
INFO [2022-11-17 09:54:31] NULL
INFO [2022-11-17 09:54:31] 
INFO [2022-11-17 09:54:31] $main
INFO [2022-11-17 09:54:31] [1] "Overlapping Overexpressed Genes"
INFO [2022-11-17 09:54:31] 
INFO [2022-11-17 09:54:31] $fill
INFO [2022-11-17 09:54:31] c("red", "deepskyblue4")
INFO [2022-11-17 09:54:31] 
INFO [2022-11-17 09:54:31] $lwd
INFO [2022-11-17 09:54:31] [1] 1
INFO [2022-11-17 09:54:31] 
INFO [2022-11-17 09:54:31] $lty
INFO [2022-11-17 09:54:31] [1] 1
INFO [2022-11-17 09:54:31] 
INFO [2022-11-17 09:54:31] [[1]]
INFO [2022-11-17 09:54:31] list(A673_underexpressed$Gene_name, TC71_underexpressed$Gene_name)
INFO [2022-11-17 09:54:31] 
INFO [2022-11-17 09:54:31] $category.names
INFO [2022-11-17 09:54:31] c("A673", "TC71")
INFO [2022-11-17 09:54:31] 
INFO [2022-11-17 09:54:31] $filename
INFO [2022-11-17 09:54:31] NULL
INFO [2022-11-17 09:54:31] 
INFO [2022-11-17 09:54:31] $main
INFO [2022-11-17 09:54:31] [1] "Overlapping Underexpressed Genes"
INFO [2022-11-17 09:54:31] 
INFO [2022-11-17 09:54:31] $fill
INFO [2022-11-17 09:54:31] c("red", "deepskyblue4")
INFO [2022-11-17 09:54:31] 
INFO [2022-11-17 09:54:31] $lwd
INFO [2022-11-17 09:54:31] [1] 1
INFO [2022-11-17 09:54:31] 
INFO [2022-11-17 09:54:31] $lty
INFO [2022-11-17 09:54:31] [1] 1
INFO [2022-11-17 09:54:31] 
