INFO [2022-11-16 17:12:08] [[1]]
INFO [2022-11-16 17:12:08] list(A673_overexpressed$Gene_name, TC71_overexpressed$Gene_name)
INFO [2022-11-16 17:12:08] 
INFO [2022-11-16 17:12:08] $category.names
INFO [2022-11-16 17:12:08] c("A673", "TC71")
INFO [2022-11-16 17:12:08] 
INFO [2022-11-16 17:12:08] $filename
INFO [2022-11-16 17:12:08] NULL
INFO [2022-11-16 17:12:08] 
INFO [2022-11-16 17:12:08] $main
INFO [2022-11-16 17:12:08] [1] "Overlapping Overexpressed Genes"
INFO [2022-11-16 17:12:08] 
INFO [2022-11-16 17:12:08] $fill
INFO [2022-11-16 17:12:08] c("red", "deepskyblue4")
INFO [2022-11-16 17:12:08] 
INFO [2022-11-16 17:12:08] $lwd
INFO [2022-11-16 17:12:08] [1] 1
INFO [2022-11-16 17:12:08] 
INFO [2022-11-16 17:12:08] $lty
INFO [2022-11-16 17:12:08] [1] 1
INFO [2022-11-16 17:12:08] 
INFO [2022-11-16 17:12:08] [[1]]
INFO [2022-11-16 17:12:08] list(A673_underexpressed$Gene_name, TC71_underexpressed$Gene_name)
INFO [2022-11-16 17:12:08] 
INFO [2022-11-16 17:12:08] $category.names
INFO [2022-11-16 17:12:08] c("A673", "TC71")
INFO [2022-11-16 17:12:08] 
INFO [2022-11-16 17:12:08] $filename
INFO [2022-11-16 17:12:08] NULL
INFO [2022-11-16 17:12:08] 
INFO [2022-11-16 17:12:08] $main
INFO [2022-11-16 17:12:08] [1] "Overlapping Underexpressed Genes"
INFO [2022-11-16 17:12:08] 
INFO [2022-11-16 17:12:08] $fill
INFO [2022-11-16 17:12:08] c("red", "deepskyblue4")
INFO [2022-11-16 17:12:08] 
INFO [2022-11-16 17:12:08] $lwd
INFO [2022-11-16 17:12:08] [1] 1
INFO [2022-11-16 17:12:08] 
INFO [2022-11-16 17:12:08] $lty
INFO [2022-11-16 17:12:08] [1] 1
INFO [2022-11-16 17:12:08] 
