INFO [2022-11-16 13:39:45] [[1]]
INFO [2022-11-16 13:39:45] list(A673_overexpressed$Gene_name, TC71_overexpressed$Gene_name)
INFO [2022-11-16 13:39:45] 
INFO [2022-11-16 13:39:45] $category.names
INFO [2022-11-16 13:39:45] c("A673", "TC71")
INFO [2022-11-16 13:39:45] 
INFO [2022-11-16 13:39:45] $filename
INFO [2022-11-16 13:39:45] NULL
INFO [2022-11-16 13:39:45] 
INFO [2022-11-16 13:39:45] $main
INFO [2022-11-16 13:39:45] [1] "Overlapping Overexpressed Genes"
INFO [2022-11-16 13:39:45] 
INFO [2022-11-16 13:39:45] $fill
INFO [2022-11-16 13:39:45] c("red", "deepskyblue4")
INFO [2022-11-16 13:39:45] 
INFO [2022-11-16 13:39:45] $lwd
INFO [2022-11-16 13:39:45] [1] 1
INFO [2022-11-16 13:39:45] 
INFO [2022-11-16 13:39:45] $lty
INFO [2022-11-16 13:39:45] [1] 1
INFO [2022-11-16 13:39:45] 
INFO [2022-11-16 13:39:45] [[1]]
INFO [2022-11-16 13:39:45] list(A673_underexpressed$Gene_name, TC71_underexpressed$Gene_name)
INFO [2022-11-16 13:39:45] 
INFO [2022-11-16 13:39:45] $category.names
INFO [2022-11-16 13:39:45] c("A673", "TC71")
INFO [2022-11-16 13:39:45] 
INFO [2022-11-16 13:39:45] $filename
INFO [2022-11-16 13:39:45] NULL
INFO [2022-11-16 13:39:45] 
INFO [2022-11-16 13:39:45] $main
INFO [2022-11-16 13:39:45] [1] "Overlapping Underexpressed Genes"
INFO [2022-11-16 13:39:45] 
INFO [2022-11-16 13:39:45] $fill
INFO [2022-11-16 13:39:45] c("red", "deepskyblue4")
INFO [2022-11-16 13:39:45] 
INFO [2022-11-16 13:39:45] $lwd
INFO [2022-11-16 13:39:45] [1] 1
INFO [2022-11-16 13:39:45] 
INFO [2022-11-16 13:39:45] $lty
INFO [2022-11-16 13:39:45] [1] 1
INFO [2022-11-16 13:39:45] 
