INFO [2022-11-16 14:22:30] [[1]]
INFO [2022-11-16 14:22:30] list(A673_overexpressed$Gene_name, TC71_overexpressed$Gene_name)
INFO [2022-11-16 14:22:30] 
INFO [2022-11-16 14:22:30] $category.names
INFO [2022-11-16 14:22:30] c("A673", "TC71")
INFO [2022-11-16 14:22:30] 
INFO [2022-11-16 14:22:30] $filename
INFO [2022-11-16 14:22:30] NULL
INFO [2022-11-16 14:22:30] 
INFO [2022-11-16 14:22:30] $main
INFO [2022-11-16 14:22:30] [1] "Overlapping Overexpressed Genes"
INFO [2022-11-16 14:22:30] 
INFO [2022-11-16 14:22:30] $fill
INFO [2022-11-16 14:22:30] c("red", "deepskyblue4")
INFO [2022-11-16 14:22:30] 
INFO [2022-11-16 14:22:30] $lwd
INFO [2022-11-16 14:22:30] [1] 1
INFO [2022-11-16 14:22:30] 
INFO [2022-11-16 14:22:30] $lty
INFO [2022-11-16 14:22:30] [1] 1
INFO [2022-11-16 14:22:30] 
INFO [2022-11-16 14:22:30] [[1]]
INFO [2022-11-16 14:22:30] list(A673_underexpressed$Gene_name, TC71_underexpressed$Gene_name)
INFO [2022-11-16 14:22:30] 
INFO [2022-11-16 14:22:30] $category.names
INFO [2022-11-16 14:22:30] c("A673", "TC71")
INFO [2022-11-16 14:22:30] 
INFO [2022-11-16 14:22:30] $filename
INFO [2022-11-16 14:22:30] NULL
INFO [2022-11-16 14:22:30] 
INFO [2022-11-16 14:22:30] $main
INFO [2022-11-16 14:22:30] [1] "Overlapping Underexpressed Genes"
INFO [2022-11-16 14:22:30] 
INFO [2022-11-16 14:22:30] $fill
INFO [2022-11-16 14:22:30] c("red", "deepskyblue4")
INFO [2022-11-16 14:22:30] 
INFO [2022-11-16 14:22:30] $lwd
INFO [2022-11-16 14:22:30] [1] 1
INFO [2022-11-16 14:22:30] 
INFO [2022-11-16 14:22:30] $lty
INFO [2022-11-16 14:22:30] [1] 1
INFO [2022-11-16 14:22:30] 
