INFO [2022-11-16 15:21:39] [[1]]
INFO [2022-11-16 15:21:39] list(A673_overexpressed$Gene_name, TC71_overexpressed$Gene_name)
INFO [2022-11-16 15:21:39] 
INFO [2022-11-16 15:21:39] $category.names
INFO [2022-11-16 15:21:39] c("A673", "TC71")
INFO [2022-11-16 15:21:39] 
INFO [2022-11-16 15:21:39] $filename
INFO [2022-11-16 15:21:39] NULL
INFO [2022-11-16 15:21:39] 
INFO [2022-11-16 15:21:39] $main
INFO [2022-11-16 15:21:39] [1] "Overlapping Overexpressed Genes"
INFO [2022-11-16 15:21:39] 
INFO [2022-11-16 15:21:39] $fill
INFO [2022-11-16 15:21:39] c("red", "deepskyblue4")
INFO [2022-11-16 15:21:39] 
INFO [2022-11-16 15:21:39] $lwd
INFO [2022-11-16 15:21:39] [1] 1
INFO [2022-11-16 15:21:39] 
INFO [2022-11-16 15:21:39] $lty
INFO [2022-11-16 15:21:39] [1] 1
INFO [2022-11-16 15:21:39] 
