INFO [2022-11-16 17:38:57] [[1]]
INFO [2022-11-16 17:38:57] list(A673_overexpressed$Gene_name, TC71_overexpressed$Gene_name)
INFO [2022-11-16 17:38:57] 
INFO [2022-11-16 17:38:57] $category.names
INFO [2022-11-16 17:38:57] c("A673", "TC71")
INFO [2022-11-16 17:38:57] 
INFO [2022-11-16 17:38:57] $filename
INFO [2022-11-16 17:38:57] NULL
INFO [2022-11-16 17:38:57] 
INFO [2022-11-16 17:38:57] $main
INFO [2022-11-16 17:38:57] [1] "Overlapping Overexpressed Genes"
INFO [2022-11-16 17:38:57] 
INFO [2022-11-16 17:38:57] $fill
INFO [2022-11-16 17:38:57] c("red", "deepskyblue4")
INFO [2022-11-16 17:38:57] 
INFO [2022-11-16 17:38:57] $lwd
INFO [2022-11-16 17:38:57] [1] 1
INFO [2022-11-16 17:38:57] 
INFO [2022-11-16 17:38:57] $lty
INFO [2022-11-16 17:38:57] [1] 1
INFO [2022-11-16 17:38:57] 
INFO [2022-11-16 17:38:57] [[1]]
INFO [2022-11-16 17:38:57] list(A673_underexpressed$Gene_name, TC71_underexpressed$Gene_name)
INFO [2022-11-16 17:38:57] 
INFO [2022-11-16 17:38:57] $category.names
INFO [2022-11-16 17:38:57] c("A673", "TC71")
INFO [2022-11-16 17:38:57] 
INFO [2022-11-16 17:38:57] $filename
INFO [2022-11-16 17:38:57] NULL
INFO [2022-11-16 17:38:57] 
INFO [2022-11-16 17:38:57] $main
INFO [2022-11-16 17:38:57] [1] "Overlapping Underexpressed Genes"
INFO [2022-11-16 17:38:57] 
INFO [2022-11-16 17:38:57] $fill
INFO [2022-11-16 17:38:57] c("red", "deepskyblue4")
INFO [2022-11-16 17:38:57] 
INFO [2022-11-16 17:38:57] $lwd
INFO [2022-11-16 17:38:57] [1] 1
INFO [2022-11-16 17:38:57] 
INFO [2022-11-16 17:38:57] $lty
INFO [2022-11-16 17:38:57] [1] 1
INFO [2022-11-16 17:38:57] 
