INFO [2022-11-16 17:15:37] [[1]]
INFO [2022-11-16 17:15:37] list(A673_overexpressed$Gene_name, TC71_overexpressed$Gene_name)
INFO [2022-11-16 17:15:37] 
INFO [2022-11-16 17:15:37] $category.names
INFO [2022-11-16 17:15:37] c("A673", "TC71")
INFO [2022-11-16 17:15:37] 
INFO [2022-11-16 17:15:37] $filename
INFO [2022-11-16 17:15:37] NULL
INFO [2022-11-16 17:15:37] 
INFO [2022-11-16 17:15:37] $main
INFO [2022-11-16 17:15:37] [1] "Overlapping Overexpressed Genes"
INFO [2022-11-16 17:15:37] 
INFO [2022-11-16 17:15:37] $fill
INFO [2022-11-16 17:15:37] c("red", "deepskyblue4")
INFO [2022-11-16 17:15:37] 
INFO [2022-11-16 17:15:37] $lwd
INFO [2022-11-16 17:15:37] [1] 1
INFO [2022-11-16 17:15:37] 
INFO [2022-11-16 17:15:37] $lty
INFO [2022-11-16 17:15:37] [1] 1
INFO [2022-11-16 17:15:37] 
