INFO [2022-11-16 17:09:09] [[1]]
INFO [2022-11-16 17:09:09] list(A673_overexpressed$Gene_name, TC71_overexpressed$Gene_name)
INFO [2022-11-16 17:09:09] 
INFO [2022-11-16 17:09:09] $category.names
INFO [2022-11-16 17:09:09] c("A673", "TC71")
INFO [2022-11-16 17:09:09] 
INFO [2022-11-16 17:09:09] $filename
INFO [2022-11-16 17:09:09] NULL
INFO [2022-11-16 17:09:09] 
INFO [2022-11-16 17:09:09] $main
INFO [2022-11-16 17:09:09] [1] "Overlapping Overexpressed Genes"
INFO [2022-11-16 17:09:09] 
INFO [2022-11-16 17:09:09] $fill
INFO [2022-11-16 17:09:09] c("red", "deepskyblue4")
INFO [2022-11-16 17:09:09] 
INFO [2022-11-16 17:09:09] $lwd
INFO [2022-11-16 17:09:09] [1] 1
INFO [2022-11-16 17:09:09] 
INFO [2022-11-16 17:09:09] $lty
INFO [2022-11-16 17:09:09] [1] 1
INFO [2022-11-16 17:09:09] 
