INFO [2022-11-16 15:15:24] [[1]]
INFO [2022-11-16 15:15:24] list(A673_overexpressed$Gene_name, TC71_overexpressed$Gene_name)
INFO [2022-11-16 15:15:24] 
INFO [2022-11-16 15:15:24] $category.names
INFO [2022-11-16 15:15:24] c("A673", "TC71")
INFO [2022-11-16 15:15:24] 
INFO [2022-11-16 15:15:24] $filename
INFO [2022-11-16 15:15:24] NULL
INFO [2022-11-16 15:15:24] 
INFO [2022-11-16 15:15:24] $main
INFO [2022-11-16 15:15:24] [1] "Overlapping Overexpressed Genes"
INFO [2022-11-16 15:15:24] 
INFO [2022-11-16 15:15:24] $fill
INFO [2022-11-16 15:15:24] c("red", "deepskyblue4")
INFO [2022-11-16 15:15:24] 
INFO [2022-11-16 15:15:24] $lwd
INFO [2022-11-16 15:15:24] [1] 1
INFO [2022-11-16 15:15:24] 
INFO [2022-11-16 15:15:24] $lty
INFO [2022-11-16 15:15:24] [1] 1
INFO [2022-11-16 15:15:24] 
INFO [2022-11-16 15:15:24] [[1]]
INFO [2022-11-16 15:15:24] list(A673_underexpressed$Gene_name, TC71_underexpressed$Gene_name)
INFO [2022-11-16 15:15:24] 
INFO [2022-11-16 15:15:24] $category.names
INFO [2022-11-16 15:15:24] c("A673", "TC71")
INFO [2022-11-16 15:15:24] 
INFO [2022-11-16 15:15:24] $filename
INFO [2022-11-16 15:15:24] NULL
INFO [2022-11-16 15:15:24] 
INFO [2022-11-16 15:15:24] $main
INFO [2022-11-16 15:15:24] [1] "Overlapping Underexpressed Genes"
INFO [2022-11-16 15:15:24] 
INFO [2022-11-16 15:15:24] $fill
INFO [2022-11-16 15:15:24] c("red", "deepskyblue4")
INFO [2022-11-16 15:15:24] 
INFO [2022-11-16 15:15:24] $lwd
INFO [2022-11-16 15:15:24] [1] 1
INFO [2022-11-16 15:15:24] 
INFO [2022-11-16 15:15:24] $lty
INFO [2022-11-16 15:15:24] [1] 1
INFO [2022-11-16 15:15:24] 
