INFO [2022-11-17 11:06:01] [[1]]
INFO [2022-11-17 11:06:01] list(A673_overexpressed$Gene_name, TC71_overexpressed$Gene_name)
INFO [2022-11-17 11:06:01] 
INFO [2022-11-17 11:06:01] $category.names
INFO [2022-11-17 11:06:01] c("A673", "TC71")
INFO [2022-11-17 11:06:01] 
INFO [2022-11-17 11:06:01] $filename
INFO [2022-11-17 11:06:01] NULL
INFO [2022-11-17 11:06:01] 
INFO [2022-11-17 11:06:01] $main
INFO [2022-11-17 11:06:01] [1] "Overlapping Overexpressed Genes"
INFO [2022-11-17 11:06:01] 
INFO [2022-11-17 11:06:01] $fill
INFO [2022-11-17 11:06:01] c("red", "deepskyblue4")
INFO [2022-11-17 11:06:01] 
INFO [2022-11-17 11:06:01] $lwd
INFO [2022-11-17 11:06:01] [1] 1
INFO [2022-11-17 11:06:01] 
INFO [2022-11-17 11:06:01] $lty
INFO [2022-11-17 11:06:01] [1] 1
INFO [2022-11-17 11:06:01] 
INFO [2022-11-17 11:06:01] [[1]]
INFO [2022-11-17 11:06:01] list(A673_underexpressed$Gene_name, TC71_underexpressed$Gene_name)
INFO [2022-11-17 11:06:01] 
INFO [2022-11-17 11:06:01] $category.names
INFO [2022-11-17 11:06:01] c("A673", "TC71")
INFO [2022-11-17 11:06:01] 
INFO [2022-11-17 11:06:01] $filename
INFO [2022-11-17 11:06:01] NULL
INFO [2022-11-17 11:06:01] 
INFO [2022-11-17 11:06:01] $main
INFO [2022-11-17 11:06:01] [1] "Overlapping Underexpressed Genes"
INFO [2022-11-17 11:06:01] 
INFO [2022-11-17 11:06:01] $fill
INFO [2022-11-17 11:06:01] c("red", "deepskyblue4")
INFO [2022-11-17 11:06:01] 
INFO [2022-11-17 11:06:01] $lwd
INFO [2022-11-17 11:06:01] [1] 1
INFO [2022-11-17 11:06:01] 
INFO [2022-11-17 11:06:01] $lty
INFO [2022-11-17 11:06:01] [1] 1
INFO [2022-11-17 11:06:01] 
