[2022-11-16 12:02:56.907] [jointLog] [info] setting maxHashResizeThreads to 192
[2022-11-16 12:02:56.907] [jointLog] [info] Fragment incompatibility prior below threshold.  Incompatible fragments will be ignored.
[2022-11-16 12:02:56.907] [jointLog] [info] Usage of --validateMappings implies use of minScoreFraction. Since not explicitly specified, it is being set to 0.65
[2022-11-16 12:02:56.907] [jointLog] [info] Setting consensusSlack to selective-alignment default of 0.35.
[2022-11-16 12:02:56.907] [jointLog] [info] parsing read library format
[2022-11-16 12:02:56.907] [jointLog] [info] There is 1 library.
[2022-11-16 12:02:56.908] [jointLog] [info] Loading pufferfish index
[2022-11-16 12:02:56.908] [jointLog] [info] Loading dense pufferfish index.
[2022-11-16 12:03:31.655] [jointLog] [info] done
[2022-11-16 12:03:31.797] [jointLog] [info] Index contained 177,651 targets
[2022-11-16 12:03:31.875] [jointLog] [info] Number of decoys : 195
[2022-11-16 12:03:31.875] [jointLog] [info] First decoy index : 177,412 
[2022-11-16 12:03:33.202] [jointLog] [info] Automatically detected most likely library type as ISR

[2022-11-16 12:04:53.507] [jointLog] [info] Thread saw mini-batch with a maximum of 0.48% zero probability fragments
[2022-11-16 12:04:53.507] [jointLog] [info] Thread saw mini-batch with a maximum of 0.46% zero probability fragments
[2022-11-16 12:04:53.507] [jointLog] [info] Thread saw mini-batch with a maximum of 0.42% zero probability fragments
[2022-11-16 12:04:53.507] [jointLog] [info] Thread saw mini-batch with a maximum of 0.48% zero probability fragments
[2022-11-16 12:04:53.507] [jointLog] [info] Thread saw mini-batch with a maximum of 0.48% zero probability fragments
[2022-11-16 12:04:53.507] [jointLog] [info] Thread saw mini-batch with a maximum of 0.48% zero probability fragments
[2022-11-16 12:04:53.507] [jointLog] [info] Thread saw mini-batch with a maximum of 0.40% zero probability fragments
[2022-11-16 12:04:53.507] [jointLog] [info] Thread saw mini-batch with a maximum of 0.48% zero probability fragments
[2022-11-16 12:04:53.507] [jointLog] [info] Thread saw mini-batch with a maximum of 0.38% zero probability fragments
[2022-11-16 12:04:53.507] [jointLog] [info] Thread saw mini-batch with a maximum of 0.40% zero probability fragments
[2022-11-16 12:04:53.507] [jointLog] [info] Thread saw mini-batch with a maximum of 0.40% zero probability fragments
[2022-11-16 12:04:53.507] [jointLog] [info] Thread saw mini-batch with a maximum of 0.44% zero probability fragments
[2022-11-16 12:04:53.507] [jointLog] [info] Thread saw mini-batch with a maximum of 0.44% zero probability fragments
[2022-11-16 12:04:53.507] [jointLog] [info] Thread saw mini-batch with a maximum of 0.38% zero probability fragments
[2022-11-16 12:04:53.507] [jointLog] [info] Thread saw mini-batch with a maximum of 0.46% zero probability fragments
[2022-11-16 12:04:53.507] [jointLog] [info] Thread saw mini-batch with a maximum of 0.44% zero probability fragments
[2022-11-16 12:04:53.507] [jointLog] [info] Thread saw mini-batch with a maximum of 0.36% zero probability fragments
[2022-11-16 12:04:53.507] [jointLog] [info] Thread saw mini-batch with a maximum of 0.38% zero probability fragments
[2022-11-16 12:04:53.507] [jointLog] [info] Thread saw mini-batch with a maximum of 0.44% zero probability fragments
[2022-11-16 12:04:53.507] [jointLog] [info] Thread saw mini-batch with a maximum of 0.44% zero probability fragments
[2022-11-16 12:04:53.507] [jointLog] [info] Thread saw mini-batch with a maximum of 0.42% zero probability fragments
[2022-11-16 12:04:53.507] [jointLog] [info] Thread saw mini-batch with a maximum of 0.40% zero probability fragments
[2022-11-16 12:04:53.507] [jointLog] [info] Thread saw mini-batch with a maximum of 0.46% zero probability fragments
[2022-11-16 12:04:53.507] [jointLog] [info] Thread saw mini-batch with a maximum of 0.44% zero probability fragments
[2022-11-16 12:04:53.507] [jointLog] [info] Thread saw mini-batch with a maximum of 0.40% zero probability fragments
[2022-11-16 12:04:53.507] [jointLog] [info] Thread saw mini-batch with a maximum of 0.44% zero probability fragments
[2022-11-16 12:04:53.507] [jointLog] [info] Thread saw mini-batch with a maximum of 0.38% zero probability fragments
[2022-11-16 12:04:53.507] [jointLog] [info] Thread saw mini-batch with a maximum of 0.38% zero probability fragments
[2022-11-16 12:04:53.507] [jointLog] [info] Thread saw mini-batch with a maximum of 0.44% zero probability fragments
[2022-11-16 12:04:53.508] [jointLog] [info] Thread saw mini-batch with a maximum of 0.46% zero probability fragments
[2022-11-16 12:04:53.508] [jointLog] [info] Thread saw mini-batch with a maximum of 0.44% zero probability fragments
[2022-11-16 12:04:53.508] [jointLog] [info] Thread saw mini-batch with a maximum of 0.40% zero probability fragments
[2022-11-16 12:04:53.508] [jointLog] [info] Thread saw mini-batch with a maximum of 0.42% zero probability fragments
[2022-11-16 12:04:53.508] [jointLog] [info] Thread saw mini-batch with a maximum of 0.48% zero probability fragments
[2022-11-16 12:04:53.508] [jointLog] [info] Thread saw mini-batch with a maximum of 0.50% zero probability fragments
[2022-11-16 12:04:53.508] [jointLog] [info] Thread saw mini-batch with a maximum of 0.44% zero probability fragments
[2022-11-16 12:04:53.508] [jointLog] [info] Thread saw mini-batch with a maximum of 0.38% zero probability fragments
[2022-11-16 12:04:53.508] [jointLog] [info] Thread saw mini-batch with a maximum of 0.42% zero probability fragments
[2022-11-16 12:04:53.508] [jointLog] [info] Thread saw mini-batch with a maximum of 0.50% zero probability fragments
[2022-11-16 12:04:53.508] [jointLog] [info] Thread saw mini-batch with a maximum of 0.40% zero probability fragments
[2022-11-16 12:04:53.508] [jointLog] [info] Thread saw mini-batch with a maximum of 0.42% zero probability fragments
[2022-11-16 12:04:53.508] [jointLog] [info] Thread saw mini-batch with a maximum of 0.48% zero probability fragments
[2022-11-16 12:04:53.508] [jointLog] [info] Thread saw mini-batch with a maximum of 0.46% zero probability fragments
[2022-11-16 12:04:53.508] [jointLog] [info] Thread saw mini-batch with a maximum of 0.42% zero probability fragments
[2022-11-16 12:04:53.508] [jointLog] [info] Thread saw mini-batch with a maximum of 0.44% zero probability fragments
[2022-11-16 12:04:53.508] [jointLog] [info] Thread saw mini-batch with a maximum of 0.50% zero probability fragments
[2022-11-16 12:04:53.508] [jointLog] [info] Thread saw mini-batch with a maximum of 0.42% zero probability fragments
[2022-11-16 12:04:53.508] [jointLog] [info] Thread saw mini-batch with a maximum of 0.54% zero probability fragments
[2022-11-16 12:04:53.508] [jointLog] [info] Thread saw mini-batch with a maximum of 0.46% zero probability fragments
[2022-11-16 12:04:53.508] [jointLog] [info] Thread saw mini-batch with a maximum of 0.44% zero probability fragments
[2022-11-16 12:04:53.508] [jointLog] [info] Thread saw mini-batch with a maximum of 0.46% zero probability fragments
[2022-11-16 12:04:53.508] [jointLog] [info] Thread saw mini-batch with a maximum of 0.44% zero probability fragments
[2022-11-16 12:04:53.508] [jointLog] [info] Thread saw mini-batch with a maximum of 0.44% zero probability fragments
[2022-11-16 12:04:53.508] [jointLog] [info] Thread saw mini-batch with a maximum of 0.44% zero probability fragments
[2022-11-16 12:04:53.508] [jointLog] [info] Thread saw mini-batch with a maximum of 0.44% zero probability fragments
[2022-11-16 12:04:53.508] [jointLog] [info] Thread saw mini-batch with a maximum of 0.44% zero probability fragments
[2022-11-16 12:04:53.508] [jointLog] [info] Thread saw mini-batch with a maximum of 0.50% zero probability fragments
[2022-11-16 12:04:53.508] [jointLog] [info] Thread saw mini-batch with a maximum of 0.40% zero probability fragments
[2022-11-16 12:04:53.508] [jointLog] [info] Thread saw mini-batch with a maximum of 0.44% zero probability fragments
[2022-11-16 12:04:53.508] [jointLog] [info] Thread saw mini-batch with a maximum of 0.40% zero probability fragments
[2022-11-16 12:04:53.508] [jointLog] [info] Thread saw mini-batch with a maximum of 0.48% zero probability fragments
[2022-11-16 12:04:53.508] [jointLog] [info] Thread saw mini-batch with a maximum of 0.44% zero probability fragments
[2022-11-16 12:04:53.508] [jointLog] [info] Thread saw mini-batch with a maximum of 0.44% zero probability fragments
[2022-11-16 12:04:53.508] [jointLog] [info] Thread saw mini-batch with a maximum of 0.52% zero probability fragments
[2022-11-16 12:04:53.508] [jointLog] [info] Thread saw mini-batch with a maximum of 0.44% zero probability fragments
[2022-11-16 12:04:53.508] [jointLog] [info] Thread saw mini-batch with a maximum of 0.36% zero probability fragments
[2022-11-16 12:04:53.508] [jointLog] [info] Thread saw mini-batch with a maximum of 0.46% zero probability fragments
[2022-11-16 12:04:53.508] [jointLog] [info] Thread saw mini-batch with a maximum of 0.48% zero probability fragments
[2022-11-16 12:04:53.508] [jointLog] [info] Thread saw mini-batch with a maximum of 0.44% zero probability fragments
[2022-11-16 12:04:53.508] [jointLog] [info] Thread saw mini-batch with a maximum of 0.52% zero probability fragments
[2022-11-16 12:04:53.508] [jointLog] [info] Thread saw mini-batch with a maximum of 0.38% zero probability fragments
[2022-11-16 12:04:53.508] [jointLog] [info] Thread saw mini-batch with a maximum of 0.46% zero probability fragments
[2022-11-16 12:04:53.508] [jointLog] [info] Thread saw mini-batch with a maximum of 0.44% zero probability fragments
[2022-11-16 12:04:53.508] [jointLog] [info] Thread saw mini-batch with a maximum of 0.44% zero probability fragments
[2022-11-16 12:04:53.508] [jointLog] [info] Thread saw mini-batch with a maximum of 0.38% zero probability fragments
[2022-11-16 12:04:53.508] [jointLog] [info] Thread saw mini-batch with a maximum of 0.40% zero probability fragments
[2022-11-16 12:04:53.508] [jointLog] [info] Thread saw mini-batch with a maximum of 0.40% zero probability fragments
[2022-11-16 12:04:53.508] [jointLog] [info] Thread saw mini-batch with a maximum of 0.50% zero probability fragments
[2022-11-16 12:04:53.508] [jointLog] [info] Thread saw mini-batch with a maximum of 0.40% zero probability fragments
[2022-11-16 12:04:53.508] [jointLog] [info] Thread saw mini-batch with a maximum of 0.46% zero probability fragments
[2022-11-16 12:04:53.508] [jointLog] [info] Thread saw mini-batch with a maximum of 0.40% zero probability fragments
[2022-11-16 12:04:53.508] [jointLog] [info] Thread saw mini-batch with a maximum of 0.44% zero probability fragments
[2022-11-16 12:04:53.508] [jointLog] [info] Thread saw mini-batch with a maximum of 0.44% zero probability fragments
[2022-11-16 12:04:53.508] [jointLog] [info] Thread saw mini-batch with a maximum of 0.48% zero probability fragments
[2022-11-16 12:04:53.508] [jointLog] [info] Thread saw mini-batch with a maximum of 0.42% zero probability fragments
[2022-11-16 12:04:53.508] [jointLog] [info] Thread saw mini-batch with a maximum of 0.42% zero probability fragments
[2022-11-16 12:04:53.508] [jointLog] [info] Thread saw mini-batch with a maximum of 0.46% zero probability fragments
[2022-11-16 12:04:53.508] [jointLog] [info] Thread saw mini-batch with a maximum of 0.44% zero probability fragments
[2022-11-16 12:04:53.508] [jointLog] [info] Thread saw mini-batch with a maximum of 0.40% zero probability fragments
[2022-11-16 12:04:53.508] [jointLog] [info] Thread saw mini-batch with a maximum of 0.40% zero probability fragments
[2022-11-16 12:04:53.508] [jointLog] [info] Thread saw mini-batch with a maximum of 0.44% zero probability fragments
[2022-11-16 12:04:53.508] [jointLog] [info] Thread saw mini-batch with a maximum of 0.54% zero probability fragments
[2022-11-16 12:04:53.508] [jointLog] [info] Thread saw mini-batch with a maximum of 0.46% zero probability fragments
[2022-11-16 12:04:53.508] [jointLog] [info] Thread saw mini-batch with a maximum of 0.42% zero probability fragments
[2022-11-16 12:04:53.508] [jointLog] [info] Thread saw mini-batch with a maximum of 0.44% zero probability fragments
[2022-11-16 12:04:53.508] [jointLog] [info] Thread saw mini-batch with a maximum of 0.48% zero probability fragments
[2022-11-16 12:04:53.508] [jointLog] [info] Thread saw mini-batch with a maximum of 0.46% zero probability fragments
[2022-11-16 12:04:53.508] [jointLog] [info] Thread saw mini-batch with a maximum of 0.36% zero probability fragments
[2022-11-16 12:04:53.508] [jointLog] [info] Thread saw mini-batch with a maximum of 0.46% zero probability fragments
[2022-11-16 12:04:53.508] [jointLog] [info] Thread saw mini-batch with a maximum of 0.40% zero probability fragments
[2022-11-16 12:04:53.508] [jointLog] [info] Thread saw mini-batch with a maximum of 0.50% zero probability fragments
[2022-11-16 12:04:53.508] [jointLog] [info] Thread saw mini-batch with a maximum of 0.42% zero probability fragments
[2022-11-16 12:04:53.508] [jointLog] [info] Thread saw mini-batch with a maximum of 0.36% zero probability fragments
[2022-11-16 12:04:53.508] [jointLog] [info] Thread saw mini-batch with a maximum of 0.46% zero probability fragments
[2022-11-16 12:04:53.508] [jointLog] [info] Thread saw mini-batch with a maximum of 0.50% zero probability fragments
[2022-11-16 12:04:53.508] [jointLog] [info] Thread saw mini-batch with a maximum of 0.44% zero probability fragments
[2022-11-16 12:04:53.508] [jointLog] [info] Thread saw mini-batch with a maximum of 0.40% zero probability fragments
[2022-11-16 12:04:53.508] [jointLog] [info] Thread saw mini-batch with a maximum of 0.42% zero probability fragments
[2022-11-16 12:04:53.508] [jointLog] [info] Thread saw mini-batch with a maximum of 0.38% zero probability fragments
[2022-11-16 12:04:53.508] [jointLog] [info] Thread saw mini-batch with a maximum of 0.36% zero probability fragments
[2022-11-16 12:04:53.508] [jointLog] [info] Thread saw mini-batch with a maximum of 0.38% zero probability fragments
[2022-11-16 12:04:53.508] [jointLog] [info] Thread saw mini-batch with a maximum of 0.42% zero probability fragments
[2022-11-16 12:04:53.508] [jointLog] [info] Thread saw mini-batch with a maximum of 0.40% zero probability fragments
[2022-11-16 12:04:53.508] [jointLog] [info] Thread saw mini-batch with a maximum of 0.46% zero probability fragments
[2022-11-16 12:04:53.508] [jointLog] [info] Thread saw mini-batch with a maximum of 0.46% zero probability fragments
[2022-11-16 12:04:53.508] [jointLog] [info] Thread saw mini-batch with a maximum of 0.40% zero probability fragments
[2022-11-16 12:04:53.509] [jointLog] [info] Thread saw mini-batch with a maximum of 0.52% zero probability fragments
[2022-11-16 12:04:53.509] [jointLog] [info] Thread saw mini-batch with a maximum of 0.48% zero probability fragments
[2022-11-16 12:04:53.509] [jointLog] [info] Thread saw mini-batch with a maximum of 0.44% zero probability fragments
[2022-11-16 12:04:53.509] [jointLog] [info] Thread saw mini-batch with a maximum of 0.44% zero probability fragments
[2022-11-16 12:04:53.509] [jointLog] [info] Thread saw mini-batch with a maximum of 0.38% zero probability fragments
[2022-11-16 12:04:53.509] [jointLog] [info] Thread saw mini-batch with a maximum of 0.44% zero probability fragments
[2022-11-16 12:04:53.509] [jointLog] [info] Thread saw mini-batch with a maximum of 0.42% zero probability fragments
[2022-11-16 12:04:53.509] [jointLog] [info] Thread saw mini-batch with a maximum of 0.46% zero probability fragments
[2022-11-16 12:04:53.509] [jointLog] [info] Thread saw mini-batch with a maximum of 0.36% zero probability fragments
[2022-11-16 12:04:53.509] [jointLog] [info] Thread saw mini-batch with a maximum of 0.38% zero probability fragments
[2022-11-16 12:04:53.510] [jointLog] [info] Thread saw mini-batch with a maximum of 0.38% zero probability fragments
[2022-11-16 12:04:53.511] [jointLog] [info] Thread saw mini-batch with a maximum of 0.48% zero probability fragments
[2022-11-16 12:04:53.512] [jointLog] [info] Thread saw mini-batch with a maximum of 0.46% zero probability fragments
[2022-11-16 12:04:53.514] [jointLog] [info] Thread saw mini-batch with a maximum of 0.46% zero probability fragments
[2022-11-16 12:04:53.516] [jointLog] [info] Thread saw mini-batch with a maximum of 0.44% zero probability fragments
[2022-11-16 12:04:53.517] [jointLog] [info] Thread saw mini-batch with a maximum of 0.46% zero probability fragments
[2022-11-16 12:04:53.518] [jointLog] [info] Thread saw mini-batch with a maximum of 0.42% zero probability fragments
[2022-11-16 12:04:53.518] [jointLog] [info] Thread saw mini-batch with a maximum of 0.50% zero probability fragments
[2022-11-16 12:04:53.518] [jointLog] [info] Thread saw mini-batch with a maximum of 0.46% zero probability fragments
[2022-11-16 12:04:53.519] [jointLog] [info] Thread saw mini-batch with a maximum of 0.42% zero probability fragments
[2022-11-16 12:04:53.521] [jointLog] [info] Thread saw mini-batch with a maximum of 0.40% zero probability fragments
[2022-11-16 12:04:53.521] [jointLog] [info] Thread saw mini-batch with a maximum of 0.42% zero probability fragments
[2022-11-16 12:04:53.522] [jointLog] [info] Thread saw mini-batch with a maximum of 0.44% zero probability fragments
[2022-11-16 12:04:53.527] [jointLog] [info] Thread saw mini-batch with a maximum of 0.40% zero probability fragments
[2022-11-16 12:04:53.529] [jointLog] [info] Thread saw mini-batch with a maximum of 0.42% zero probability fragments
[2022-11-16 12:04:53.553] [jointLog] [info] Thread saw mini-batch with a maximum of 0.40% zero probability fragments
[2022-11-16 12:04:53.577] [jointLog] [info] Thread saw mini-batch with a maximum of 0.38% zero probability fragments
[2022-11-16 12:04:53.587] [jointLog] [info] Thread saw mini-batch with a maximum of 0.42% zero probability fragments
[2022-11-16 12:04:53.592] [jointLog] [info] Thread saw mini-batch with a maximum of 0.38% zero probability fragments
[2022-11-16 12:04:53.610] [jointLog] [info] Thread saw mini-batch with a maximum of 0.42% zero probability fragments
[2022-11-16 12:04:53.614] [jointLog] [info] Thread saw mini-batch with a maximum of 0.48% zero probability fragments
[2022-11-16 12:04:53.622] [jointLog] [info] Thread saw mini-batch with a maximum of 0.46% zero probability fragments
[2022-11-16 12:04:53.622] [jointLog] [info] Thread saw mini-batch with a maximum of 0.44% zero probability fragments
[2022-11-16 12:04:53.629] [jointLog] [info] Thread saw mini-batch with a maximum of 0.44% zero probability fragments
[2022-11-16 12:04:53.645] [jointLog] [info] Thread saw mini-batch with a maximum of 0.40% zero probability fragments
[2022-11-16 12:04:53.651] [jointLog] [info] Thread saw mini-batch with a maximum of 0.46% zero probability fragments
[2022-11-16 12:04:53.652] [jointLog] [info] Thread saw mini-batch with a maximum of 0.42% zero probability fragments
[2022-11-16 12:04:53.668] [jointLog] [info] Thread saw mini-batch with a maximum of 0.50% zero probability fragments
[2022-11-16 12:04:53.670] [jointLog] [info] Thread saw mini-batch with a maximum of 0.48% zero probability fragments
[2022-11-16 12:04:53.680] [jointLog] [info] Thread saw mini-batch with a maximum of 0.40% zero probability fragments
[2022-11-16 12:04:53.682] [jointLog] [info] Thread saw mini-batch with a maximum of 0.36% zero probability fragments
[2022-11-16 12:04:53.690] [jointLog] [info] Thread saw mini-batch with a maximum of 0.34% zero probability fragments
[2022-11-16 12:04:53.693] [jointLog] [info] Thread saw mini-batch with a maximum of 0.42% zero probability fragments
[2022-11-16 12:04:53.696] [jointLog] [info] Thread saw mini-batch with a maximum of 0.42% zero probability fragments
[2022-11-16 12:04:53.703] [jointLog] [info] Thread saw mini-batch with a maximum of 0.44% zero probability fragments
[2022-11-16 12:04:53.708] [jointLog] [info] Thread saw mini-batch with a maximum of 0.38% zero probability fragments
[2022-11-16 12:04:53.716] [jointLog] [info] Thread saw mini-batch with a maximum of 0.40% zero probability fragments
[2022-11-16 12:04:53.719] [jointLog] [info] Thread saw mini-batch with a maximum of 0.40% zero probability fragments
[2022-11-16 12:04:53.721] [jointLog] [info] Thread saw mini-batch with a maximum of 0.38% zero probability fragments
[2022-11-16 12:04:53.722] [jointLog] [info] Thread saw mini-batch with a maximum of 0.46% zero probability fragments
[2022-11-16 12:04:53.726] [jointLog] [info] Thread saw mini-batch with a maximum of 0.44% zero probability fragments
[2022-11-16 12:04:53.736] [jointLog] [info] Thread saw mini-batch with a maximum of 0.38% zero probability fragments
[2022-11-16 12:04:53.746] [jointLog] [info] Thread saw mini-batch with a maximum of 0.40% zero probability fragments
[2022-11-16 12:04:53.755] [jointLog] [info] Thread saw mini-batch with a maximum of 0.48% zero probability fragments
[2022-11-16 12:04:53.757] [jointLog] [info] Thread saw mini-batch with a maximum of 0.44% zero probability fragments
[2022-11-16 12:04:53.762] [jointLog] [info] Thread saw mini-batch with a maximum of 0.48% zero probability fragments
[2022-11-16 12:04:53.774] [jointLog] [info] Thread saw mini-batch with a maximum of 0.42% zero probability fragments
[2022-11-16 12:04:53.786] [jointLog] [info] Thread saw mini-batch with a maximum of 0.42% zero probability fragments
[2022-11-16 12:04:53.789] [jointLog] [info] Thread saw mini-batch with a maximum of 0.40% zero probability fragments
[2022-11-16 12:04:53.792] [jointLog] [info] Thread saw mini-batch with a maximum of 0.42% zero probability fragments
[2022-11-16 12:04:53.797] [jointLog] [info] Thread saw mini-batch with a maximum of 0.44% zero probability fragments
[2022-11-16 12:04:53.807] [jointLog] [info] Thread saw mini-batch with a maximum of 0.46% zero probability fragments
[2022-11-16 12:04:53.810] [jointLog] [info] Thread saw mini-batch with a maximum of 0.46% zero probability fragments
[2022-11-16 12:04:53.825] [jointLog] [info] Thread saw mini-batch with a maximum of 0.48% zero probability fragments
[2022-11-16 12:04:53.833] [jointLog] [info] Thread saw mini-batch with a maximum of 0.38% zero probability fragments
[2022-11-16 12:04:53.833] [jointLog] [info] Thread saw mini-batch with a maximum of 0.44% zero probability fragments
[2022-11-16 12:04:53.853] [jointLog] [info] Thread saw mini-batch with a maximum of 0.46% zero probability fragments
[2022-11-16 12:04:53.853] [jointLog] [info] Thread saw mini-batch with a maximum of 0.40% zero probability fragments
[2022-11-16 12:04:53.858] [jointLog] [info] Thread saw mini-batch with a maximum of 0.42% zero probability fragments
[2022-11-16 12:04:53.867] [jointLog] [info] Thread saw mini-batch with a maximum of 0.44% zero probability fragments
[2022-11-16 12:04:53.868] [jointLog] [info] Thread saw mini-batch with a maximum of 0.38% zero probability fragments
[2022-11-16 12:04:53.879] [jointLog] [info] Thread saw mini-batch with a maximum of 0.50% zero probability fragments
[2022-11-16 12:04:53.887] [jointLog] [info] Thread saw mini-batch with a maximum of 0.42% zero probability fragments
[2022-11-16 12:04:53.888] [jointLog] [info] Thread saw mini-batch with a maximum of 0.38% zero probability fragments
[2022-11-16 12:04:53.916] [jointLog] [info] Thread saw mini-batch with a maximum of 0.42% zero probability fragments
[2022-11-16 12:04:53.918] [jointLog] [info] Thread saw mini-batch with a maximum of 0.46% zero probability fragments
[2022-11-16 12:04:55.846] [jointLog] [info] Computed 596,782 rich equivalence classes for further processing
[2022-11-16 12:04:55.846] [jointLog] [info] Counted 47,684,425 total reads in the equivalence classes 
[2022-11-16 12:04:55.847] [fileLog] [info] 
At end of round 0
==================
Observed 51097604 total fragments (51097604 in most recent round)

[2022-11-16 12:04:56.160] [jointLog] [info] Number of mappings discarded because of alignment score : 20,423,135
[2022-11-16 12:04:56.160] [jointLog] [info] Number of fragments entirely discarded because of alignment score : 976,311
[2022-11-16 12:04:56.160] [jointLog] [info] Number of fragments discarded because they are best-mapped to decoys : 680,613
[2022-11-16 12:04:56.160] [jointLog] [info] Number of fragments discarded because they have only dovetail (discordant) mappings to valid targets : 105,170
[2022-11-16 12:04:56.160] [jointLog] [info] Mapping rate = 93.3203%

[2022-11-16 12:04:56.160] [jointLog] [info] finished quantifyLibrary()
[2022-11-16 12:04:56.165] [jointLog] [info] Starting optimizer
[2022-11-16 12:04:56.416] [jointLog] [info] Marked 0 weighted equivalence classes as degenerate
[2022-11-16 12:04:56.427] [jointLog] [info] iteration = 0 | max rel diff. = 1243.04
[2022-11-16 12:04:57.515] [jointLog] [info] iteration = 100 | max rel diff. = 6.5214
[2022-11-16 12:04:58.594] [jointLog] [info] iteration = 200 | max rel diff. = 14.9093
[2022-11-16 12:04:59.687] [jointLog] [info] iteration = 300 | max rel diff. = 9.70814
[2022-11-16 12:05:00.775] [jointLog] [info] iteration = 400 | max rel diff. = 3.46653
[2022-11-16 12:05:01.885] [jointLog] [info] iteration = 500 | max rel diff. = 4.29478
[2022-11-16 12:05:03.012] [jointLog] [info] iteration = 600 | max rel diff. = 0.0696678
[2022-11-16 12:05:04.136] [jointLog] [info] iteration = 700 | max rel diff. = 1.10918
[2022-11-16 12:05:05.220] [jointLog] [info] iteration = 800 | max rel diff. = 0.094511
[2022-11-16 12:05:06.300] [jointLog] [info] iteration = 900 | max rel diff. = 0.120707
[2022-11-16 12:05:07.385] [jointLog] [info] iteration = 1,000 | max rel diff. = 0.0184168
[2022-11-16 12:05:08.467] [jointLog] [info] iteration = 1,100 | max rel diff. = 0.033887
[2022-11-16 12:05:09.559] [jointLog] [info] iteration = 1,200 | max rel diff. = 0.537061
[2022-11-16 12:05:10.767] [jointLog] [info] iteration = 1,300 | max rel diff. = 0.0371716
[2022-11-16 12:05:11.852] [jointLog] [info] iteration = 1,400 | max rel diff. = 0.234441
[2022-11-16 12:05:12.944] [jointLog] [info] iteration = 1,500 | max rel diff. = 0.0398669
[2022-11-16 12:05:14.032] [jointLog] [info] iteration = 1,600 | max rel diff. = 0.0149645
[2022-11-16 12:05:15.117] [jointLog] [info] iteration = 1,700 | max rel diff. = 0.0177114
[2022-11-16 12:05:15.738] [jointLog] [info] iteration = 1,756 | max rel diff. = 0.00723259
[2022-11-16 12:05:15.765] [jointLog] [info] Finished optimizer
[2022-11-16 12:05:15.765] [jointLog] [info] writing output 

