[2022-11-16 13:09:29.328] [jointLog] [info] setting maxHashResizeThreads to 192
[2022-11-16 13:09:29.328] [jointLog] [info] Fragment incompatibility prior below threshold.  Incompatible fragments will be ignored.
[2022-11-16 13:09:29.328] [jointLog] [info] Usage of --validateMappings implies use of minScoreFraction. Since not explicitly specified, it is being set to 0.65
[2022-11-16 13:09:29.328] [jointLog] [info] Setting consensusSlack to selective-alignment default of 0.35.
[2022-11-16 13:09:29.328] [jointLog] [info] parsing read library format
[2022-11-16 13:09:29.328] [jointLog] [info] There is 1 library.
[2022-11-16 13:09:29.328] [jointLog] [info] Loading pufferfish index
[2022-11-16 13:09:29.328] [jointLog] [info] Loading dense pufferfish index.
[2022-11-16 13:10:04.459] [jointLog] [info] done
[2022-11-16 13:10:04.622] [jointLog] [info] Index contained 177,651 targets
[2022-11-16 13:10:04.691] [jointLog] [info] Number of decoys : 195
[2022-11-16 13:10:04.691] [jointLog] [info] First decoy index : 177,412 
[2022-11-16 13:10:06.094] [jointLog] [info] Automatically detected most likely library type as ISR

[2022-11-16 13:10:57.929] [jointLog] [info] Thread saw mini-batch with a maximum of 0.34% zero probability fragments
[2022-11-16 13:10:57.929] [jointLog] [info] Thread saw mini-batch with a maximum of 0.40% zero probability fragments
[2022-11-16 13:10:57.929] [jointLog] [info] Thread saw mini-batch with a maximum of 0.40% zero probability fragments
[2022-11-16 13:10:57.929] [jointLog] [info] Thread saw mini-batch with a maximum of 0.38% zero probability fragments
[2022-11-16 13:10:57.929] [jointLog] [info] Thread saw mini-batch with a maximum of 0.42% zero probability fragments
[2022-11-16 13:10:57.929] [jointLog] [info] Thread saw mini-batch with a maximum of 0.40% zero probability fragments
[2022-11-16 13:10:57.929] [jointLog] [info] Thread saw mini-batch with a maximum of 0.42% zero probability fragments
[2022-11-16 13:10:57.929] [jointLog] [info] Thread saw mini-batch with a maximum of 0.36% zero probability fragments
[2022-11-16 13:10:57.929] [jointLog] [info] Thread saw mini-batch with a maximum of 0.42% zero probability fragments
[2022-11-16 13:10:57.929] [jointLog] [info] Thread saw mini-batch with a maximum of 0.52% zero probability fragments
[2022-11-16 13:10:57.929] [jointLog] [info] Thread saw mini-batch with a maximum of 0.40% zero probability fragments
[2022-11-16 13:10:57.929] [jointLog] [info] Thread saw mini-batch with a maximum of 0.34% zero probability fragments
[2022-11-16 13:10:57.929] [jointLog] [info] Thread saw mini-batch with a maximum of 0.34% zero probability fragments
[2022-11-16 13:10:57.929] [jointLog] [info] Thread saw mini-batch with a maximum of 0.36% zero probability fragments
[2022-11-16 13:10:57.929] [jointLog] [info] Thread saw mini-batch with a maximum of 0.44% zero probability fragments
[2022-11-16 13:10:57.929] [jointLog] [info] Thread saw mini-batch with a maximum of 0.40% zero probability fragments
[2022-11-16 13:10:57.929] [jointLog] [info] Thread saw mini-batch with a maximum of 0.46% zero probability fragments
[2022-11-16 13:10:57.929] [jointLog] [info] Thread saw mini-batch with a maximum of 0.38% zero probability fragments
[2022-11-16 13:10:57.929] [jointLog] [info] Thread saw mini-batch with a maximum of 0.36% zero probability fragments
[2022-11-16 13:10:57.929] [jointLog] [info] Thread saw mini-batch with a maximum of 0.38% zero probability fragments
[2022-11-16 13:10:57.929] [jointLog] [info] Thread saw mini-batch with a maximum of 0.34% zero probability fragments
[2022-11-16 13:10:57.929] [jointLog] [info] Thread saw mini-batch with a maximum of 0.46% zero probability fragments
[2022-11-16 13:10:57.929] [jointLog] [info] Thread saw mini-batch with a maximum of 0.36% zero probability fragments
[2022-11-16 13:10:57.929] [jointLog] [info] Thread saw mini-batch with a maximum of 0.40% zero probability fragments
[2022-11-16 13:10:57.929] [jointLog] [info] Thread saw mini-batch with a maximum of 0.40% zero probability fragments
[2022-11-16 13:10:57.929] [jointLog] [info] Thread saw mini-batch with a maximum of 0.40% zero probability fragments
[2022-11-16 13:10:57.929] [jointLog] [info] Thread saw mini-batch with a maximum of 0.36% zero probability fragments
[2022-11-16 13:10:57.929] [jointLog] [info] Thread saw mini-batch with a maximum of 0.40% zero probability fragments
[2022-11-16 13:10:57.929] [jointLog] [info] Thread saw mini-batch with a maximum of 0.36% zero probability fragments
[2022-11-16 13:10:57.929] [jointLog] [info] Thread saw mini-batch with a maximum of 0.40% zero probability fragments
[2022-11-16 13:10:57.929] [jointLog] [info] Thread saw mini-batch with a maximum of 0.40% zero probability fragments
[2022-11-16 13:10:57.929] [jointLog] [info] Thread saw mini-batch with a maximum of 0.42% zero probability fragments
[2022-11-16 13:10:57.929] [jointLog] [info] Thread saw mini-batch with a maximum of 0.36% zero probability fragments
[2022-11-16 13:10:57.929] [jointLog] [info] Thread saw mini-batch with a maximum of 0.40% zero probability fragments
[2022-11-16 13:10:57.929] [jointLog] [info] Thread saw mini-batch with a maximum of 0.44% zero probability fragments
[2022-11-16 13:10:57.929] [jointLog] [info] Thread saw mini-batch with a maximum of 0.44% zero probability fragments
[2022-11-16 13:10:57.929] [jointLog] [info] Thread saw mini-batch with a maximum of 0.38% zero probability fragments
[2022-11-16 13:10:57.929] [jointLog] [info] Thread saw mini-batch with a maximum of 0.38% zero probability fragments
[2022-11-16 13:10:57.929] [jointLog] [info] Thread saw mini-batch with a maximum of 0.38% zero probability fragments
[2022-11-16 13:10:57.929] [jointLog] [info] Thread saw mini-batch with a maximum of 0.40% zero probability fragments
[2022-11-16 13:10:57.929] [jointLog] [info] Thread saw mini-batch with a maximum of 0.42% zero probability fragments
[2022-11-16 13:10:57.929] [jointLog] [info] Thread saw mini-batch with a maximum of 0.36% zero probability fragments
[2022-11-16 13:10:57.929] [jointLog] [info] Thread saw mini-batch with a maximum of 0.44% zero probability fragments
[2022-11-16 13:10:57.929] [jointLog] [info] Thread saw mini-batch with a maximum of 0.32% zero probability fragments
[2022-11-16 13:10:57.929] [jointLog] [info] Thread saw mini-batch with a maximum of 0.36% zero probability fragments
[2022-11-16 13:10:57.929] [jointLog] [info] Thread saw mini-batch with a maximum of 0.36% zero probability fragments
[2022-11-16 13:10:57.929] [jointLog] [info] Thread saw mini-batch with a maximum of 0.40% zero probability fragments
[2022-11-16 13:10:57.929] [jointLog] [info] Thread saw mini-batch with a maximum of 0.42% zero probability fragments
[2022-11-16 13:10:57.929] [jointLog] [info] Thread saw mini-batch with a maximum of 0.36% zero probability fragments
[2022-11-16 13:10:57.929] [jointLog] [info] Thread saw mini-batch with a maximum of 0.42% zero probability fragments
[2022-11-16 13:10:57.929] [jointLog] [info] Thread saw mini-batch with a maximum of 0.44% zero probability fragments
[2022-11-16 13:10:57.929] [jointLog] [info] Thread saw mini-batch with a maximum of 0.38% zero probability fragments
[2022-11-16 13:10:57.929] [jointLog] [info] Thread saw mini-batch with a maximum of 0.38% zero probability fragments
[2022-11-16 13:10:57.929] [jointLog] [info] Thread saw mini-batch with a maximum of 0.38% zero probability fragments
[2022-11-16 13:10:57.929] [jointLog] [info] Thread saw mini-batch with a maximum of 0.38% zero probability fragments
[2022-11-16 13:10:57.929] [jointLog] [info] Thread saw mini-batch with a maximum of 0.40% zero probability fragments
[2022-11-16 13:10:57.929] [jointLog] [info] Thread saw mini-batch with a maximum of 0.36% zero probability fragments
[2022-11-16 13:10:57.929] [jointLog] [info] Thread saw mini-batch with a maximum of 0.44% zero probability fragments
[2022-11-16 13:10:57.929] [jointLog] [info] Thread saw mini-batch with a maximum of 0.40% zero probability fragments
[2022-11-16 13:10:57.929] [jointLog] [info] Thread saw mini-batch with a maximum of 0.36% zero probability fragments
[2022-11-16 13:10:57.929] [jointLog] [info] Thread saw mini-batch with a maximum of 0.42% zero probability fragments
[2022-11-16 13:10:57.929] [jointLog] [info] Thread saw mini-batch with a maximum of 0.40% zero probability fragments
[2022-11-16 13:10:57.929] [jointLog] [info] Thread saw mini-batch with a maximum of 0.38% zero probability fragments
[2022-11-16 13:10:57.929] [jointLog] [info] Thread saw mini-batch with a maximum of 0.46% zero probability fragments
[2022-11-16 13:10:57.929] [jointLog] [info] Thread saw mini-batch with a maximum of 0.36% zero probability fragments
[2022-11-16 13:10:57.929] [jointLog] [info] Thread saw mini-batch with a maximum of 0.42% zero probability fragments
[2022-11-16 13:10:57.929] [jointLog] [info] Thread saw mini-batch with a maximum of 0.36% zero probability fragments
[2022-11-16 13:10:57.929] [jointLog] [info] Thread saw mini-batch with a maximum of 0.36% zero probability fragments
[2022-11-16 13:10:57.929] [jointLog] [info] Thread saw mini-batch with a maximum of 0.36% zero probability fragments
[2022-11-16 13:10:57.929] [jointLog] [info] Thread saw mini-batch with a maximum of 0.32% zero probability fragments
[2022-11-16 13:10:57.929] [jointLog] [info] Thread saw mini-batch with a maximum of 0.42% zero probability fragments
[2022-11-16 13:10:57.929] [jointLog] [info] Thread saw mini-batch with a maximum of 0.34% zero probability fragments
[2022-11-16 13:10:57.929] [jointLog] [info] Thread saw mini-batch with a maximum of 0.42% zero probability fragments
[2022-11-16 13:10:57.929] [jointLog] [info] Thread saw mini-batch with a maximum of 0.36% zero probability fragments
[2022-11-16 13:10:57.929] [jointLog] [info] Thread saw mini-batch with a maximum of 0.38% zero probability fragments
[2022-11-16 13:10:57.929] [jointLog] [info] Thread saw mini-batch with a maximum of 0.36% zero probability fragments
[2022-11-16 13:10:57.929] [jointLog] [info] Thread saw mini-batch with a maximum of 0.46% zero probability fragments
[2022-11-16 13:10:57.929] [jointLog] [info] Thread saw mini-batch with a maximum of 0.40% zero probability fragments
[2022-11-16 13:10:57.929] [jointLog] [info] Thread saw mini-batch with a maximum of 0.40% zero probability fragments
[2022-11-16 13:10:57.929] [jointLog] [info] Thread saw mini-batch with a maximum of 0.40% zero probability fragments
[2022-11-16 13:10:57.929] [jointLog] [info] Thread saw mini-batch with a maximum of 0.42% zero probability fragments
[2022-11-16 13:10:57.929] [jointLog] [info] Thread saw mini-batch with a maximum of 0.42% zero probability fragments
[2022-11-16 13:10:57.929] [jointLog] [info] Thread saw mini-batch with a maximum of 0.42% zero probability fragments
[2022-11-16 13:10:57.929] [jointLog] [info] Thread saw mini-batch with a maximum of 0.42% zero probability fragments
[2022-11-16 13:10:57.929] [jointLog] [info] Thread saw mini-batch with a maximum of 0.42% zero probability fragments
[2022-11-16 13:10:57.929] [jointLog] [info] Thread saw mini-batch with a maximum of 0.34% zero probability fragments
[2022-11-16 13:10:57.929] [jointLog] [info] Thread saw mini-batch with a maximum of 0.38% zero probability fragments
[2022-11-16 13:10:57.929] [jointLog] [info] Thread saw mini-batch with a maximum of 0.36% zero probability fragments
[2022-11-16 13:10:57.929] [jointLog] [info] Thread saw mini-batch with a maximum of 0.40% zero probability fragments
[2022-11-16 13:10:57.929] [jointLog] [info] Thread saw mini-batch with a maximum of 0.34% zero probability fragments
[2022-11-16 13:10:57.929] [jointLog] [info] Thread saw mini-batch with a maximum of 0.42% zero probability fragments
[2022-11-16 13:10:57.929] [jointLog] [info] Thread saw mini-batch with a maximum of 0.38% zero probability fragments
[2022-11-16 13:10:57.929] [jointLog] [info] Thread saw mini-batch with a maximum of 0.38% zero probability fragments
[2022-11-16 13:10:57.929] [jointLog] [info] Thread saw mini-batch with a maximum of 0.56% zero probability fragments
[2022-11-16 13:10:57.929] [jointLog] [info] Thread saw mini-batch with a maximum of 0.44% zero probability fragments
[2022-11-16 13:10:57.929] [jointLog] [info] Thread saw mini-batch with a maximum of 0.42% zero probability fragments
[2022-11-16 13:10:57.929] [jointLog] [info] Thread saw mini-batch with a maximum of 0.42% zero probability fragments
[2022-11-16 13:10:57.929] [jointLog] [info] Thread saw mini-batch with a maximum of 0.36% zero probability fragments
[2022-11-16 13:10:57.929] [jointLog] [info] Thread saw mini-batch with a maximum of 0.34% zero probability fragments
[2022-11-16 13:10:57.929] [jointLog] [info] Thread saw mini-batch with a maximum of 0.42% zero probability fragments
[2022-11-16 13:10:57.929] [jointLog] [info] Thread saw mini-batch with a maximum of 0.38% zero probability fragments
[2022-11-16 13:10:57.929] [jointLog] [info] Thread saw mini-batch with a maximum of 0.40% zero probability fragments
[2022-11-16 13:10:57.929] [jointLog] [info] Thread saw mini-batch with a maximum of 0.42% zero probability fragments
[2022-11-16 13:10:57.929] [jointLog] [info] Thread saw mini-batch with a maximum of 0.42% zero probability fragments
[2022-11-16 13:10:57.929] [jointLog] [info] Thread saw mini-batch with a maximum of 0.44% zero probability fragments
[2022-11-16 13:10:57.929] [jointLog] [info] Thread saw mini-batch with a maximum of 0.48% zero probability fragments
[2022-11-16 13:10:57.929] [jointLog] [info] Thread saw mini-batch with a maximum of 0.42% zero probability fragments
[2022-11-16 13:10:57.929] [jointLog] [info] Thread saw mini-batch with a maximum of 0.44% zero probability fragments
[2022-11-16 13:10:57.929] [jointLog] [info] Thread saw mini-batch with a maximum of 0.44% zero probability fragments
[2022-11-16 13:10:57.929] [jointLog] [info] Thread saw mini-batch with a maximum of 0.34% zero probability fragments
[2022-11-16 13:10:57.929] [jointLog] [info] Thread saw mini-batch with a maximum of 0.38% zero probability fragments
[2022-11-16 13:10:57.929] [jointLog] [info] Thread saw mini-batch with a maximum of 0.36% zero probability fragments
[2022-11-16 13:10:57.929] [jointLog] [info] Thread saw mini-batch with a maximum of 0.40% zero probability fragments
[2022-11-16 13:10:57.929] [jointLog] [info] Thread saw mini-batch with a maximum of 0.40% zero probability fragments
[2022-11-16 13:10:57.929] [jointLog] [info] Thread saw mini-batch with a maximum of 0.42% zero probability fragments
[2022-11-16 13:10:57.929] [jointLog] [info] Thread saw mini-batch with a maximum of 0.40% zero probability fragments
[2022-11-16 13:10:57.929] [jointLog] [info] Thread saw mini-batch with a maximum of 0.44% zero probability fragments
[2022-11-16 13:10:57.930] [jointLog] [info] Thread saw mini-batch with a maximum of 0.42% zero probability fragments
[2022-11-16 13:10:57.930] [jointLog] [info] Thread saw mini-batch with a maximum of 0.38% zero probability fragments
[2022-11-16 13:10:57.930] [jointLog] [info] Thread saw mini-batch with a maximum of 0.36% zero probability fragments
[2022-11-16 13:10:57.930] [jointLog] [info] Thread saw mini-batch with a maximum of 0.42% zero probability fragments
[2022-11-16 13:10:57.930] [jointLog] [info] Thread saw mini-batch with a maximum of 0.36% zero probability fragments
[2022-11-16 13:10:57.930] [jointLog] [info] Thread saw mini-batch with a maximum of 0.46% zero probability fragments
[2022-11-16 13:10:57.930] [jointLog] [info] Thread saw mini-batch with a maximum of 0.38% zero probability fragments
[2022-11-16 13:10:57.930] [jointLog] [info] Thread saw mini-batch with a maximum of 0.38% zero probability fragments
[2022-11-16 13:10:57.930] [jointLog] [info] Thread saw mini-batch with a maximum of 0.38% zero probability fragments
[2022-11-16 13:10:57.930] [jointLog] [info] Thread saw mini-batch with a maximum of 0.42% zero probability fragments
[2022-11-16 13:10:57.930] [jointLog] [info] Thread saw mini-batch with a maximum of 0.38% zero probability fragments
[2022-11-16 13:10:57.931] [jointLog] [info] Thread saw mini-batch with a maximum of 0.42% zero probability fragments
[2022-11-16 13:10:57.937] [jointLog] [info] Thread saw mini-batch with a maximum of 0.46% zero probability fragments
[2022-11-16 13:10:57.938] [jointLog] [info] Thread saw mini-batch with a maximum of 0.34% zero probability fragments
[2022-11-16 13:10:57.942] [jointLog] [info] Thread saw mini-batch with a maximum of 0.40% zero probability fragments
[2022-11-16 13:10:57.946] [jointLog] [info] Thread saw mini-batch with a maximum of 0.38% zero probability fragments
[2022-11-16 13:10:57.956] [jointLog] [info] Thread saw mini-batch with a maximum of 0.34% zero probability fragments
[2022-11-16 13:10:57.961] [jointLog] [info] Thread saw mini-batch with a maximum of 0.42% zero probability fragments
[2022-11-16 13:10:57.976] [jointLog] [info] Thread saw mini-batch with a maximum of 0.46% zero probability fragments
[2022-11-16 13:10:57.983] [jointLog] [info] Thread saw mini-batch with a maximum of 0.46% zero probability fragments
[2022-11-16 13:10:57.985] [jointLog] [info] Thread saw mini-batch with a maximum of 0.48% zero probability fragments
[2022-11-16 13:10:58.009] [jointLog] [info] Thread saw mini-batch with a maximum of 0.42% zero probability fragments
[2022-11-16 13:10:58.026] [jointLog] [info] Thread saw mini-batch with a maximum of 0.36% zero probability fragments
[2022-11-16 13:10:58.030] [jointLog] [info] Thread saw mini-batch with a maximum of 0.38% zero probability fragments
[2022-11-16 13:10:58.036] [jointLog] [info] Thread saw mini-batch with a maximum of 0.36% zero probability fragments
[2022-11-16 13:10:58.051] [jointLog] [info] Thread saw mini-batch with a maximum of 0.38% zero probability fragments
[2022-11-16 13:10:58.053] [jointLog] [info] Thread saw mini-batch with a maximum of 0.42% zero probability fragments
[2022-11-16 13:10:58.057] [jointLog] [info] Thread saw mini-batch with a maximum of 0.44% zero probability fragments
[2022-11-16 13:10:58.066] [jointLog] [info] Thread saw mini-batch with a maximum of 0.42% zero probability fragments
[2022-11-16 13:10:58.072] [jointLog] [info] Thread saw mini-batch with a maximum of 0.36% zero probability fragments
[2022-11-16 13:10:58.073] [jointLog] [info] Thread saw mini-batch with a maximum of 0.42% zero probability fragments
[2022-11-16 13:10:58.081] [jointLog] [info] Thread saw mini-batch with a maximum of 0.38% zero probability fragments
[2022-11-16 13:10:58.089] [jointLog] [info] Thread saw mini-batch with a maximum of 0.46% zero probability fragments
[2022-11-16 13:10:58.100] [jointLog] [info] Thread saw mini-batch with a maximum of 0.34% zero probability fragments
[2022-11-16 13:10:58.101] [jointLog] [info] Thread saw mini-batch with a maximum of 0.40% zero probability fragments
[2022-11-16 13:10:58.105] [jointLog] [info] Thread saw mini-batch with a maximum of 0.42% zero probability fragments
[2022-11-16 13:10:58.112] [jointLog] [info] Thread saw mini-batch with a maximum of 0.48% zero probability fragments
[2022-11-16 13:10:58.113] [jointLog] [info] Thread saw mini-batch with a maximum of 0.44% zero probability fragments
[2022-11-16 13:10:58.129] [jointLog] [info] Thread saw mini-batch with a maximum of 0.42% zero probability fragments
[2022-11-16 13:10:58.129] [jointLog] [info] Thread saw mini-batch with a maximum of 0.42% zero probability fragments
[2022-11-16 13:10:58.133] [jointLog] [info] Thread saw mini-batch with a maximum of 0.38% zero probability fragments
[2022-11-16 13:10:58.138] [jointLog] [info] Thread saw mini-batch with a maximum of 0.32% zero probability fragments
[2022-11-16 13:10:58.144] [jointLog] [info] Thread saw mini-batch with a maximum of 0.38% zero probability fragments
[2022-11-16 13:10:58.147] [jointLog] [info] Thread saw mini-batch with a maximum of 0.48% zero probability fragments
[2022-11-16 13:10:58.155] [jointLog] [info] Thread saw mini-batch with a maximum of 0.38% zero probability fragments
[2022-11-16 13:10:58.155] [jointLog] [info] Thread saw mini-batch with a maximum of 0.44% zero probability fragments
[2022-11-16 13:10:58.156] [jointLog] [info] Thread saw mini-batch with a maximum of 0.38% zero probability fragments
[2022-11-16 13:10:58.163] [jointLog] [info] Thread saw mini-batch with a maximum of 0.40% zero probability fragments
[2022-11-16 13:10:58.166] [jointLog] [info] Thread saw mini-batch with a maximum of 0.38% zero probability fragments
[2022-11-16 13:10:58.171] [jointLog] [info] Thread saw mini-batch with a maximum of 0.32% zero probability fragments
[2022-11-16 13:10:58.181] [jointLog] [info] Thread saw mini-batch with a maximum of 0.46% zero probability fragments
[2022-11-16 13:10:58.181] [jointLog] [info] Thread saw mini-batch with a maximum of 0.54% zero probability fragments
[2022-11-16 13:10:58.197] [jointLog] [info] Thread saw mini-batch with a maximum of 0.44% zero probability fragments
[2022-11-16 13:10:58.209] [jointLog] [info] Thread saw mini-batch with a maximum of 0.34% zero probability fragments
[2022-11-16 13:10:58.217] [jointLog] [info] Thread saw mini-batch with a maximum of 0.38% zero probability fragments
[2022-11-16 13:10:58.217] [jointLog] [info] Thread saw mini-batch with a maximum of 0.38% zero probability fragments
[2022-11-16 13:10:58.223] [jointLog] [info] Thread saw mini-batch with a maximum of 0.48% zero probability fragments
[2022-11-16 13:10:58.228] [jointLog] [info] Thread saw mini-batch with a maximum of 0.42% zero probability fragments
[2022-11-16 13:10:58.230] [jointLog] [info] Thread saw mini-batch with a maximum of 0.42% zero probability fragments
[2022-11-16 13:10:58.233] [jointLog] [info] Thread saw mini-batch with a maximum of 0.44% zero probability fragments
[2022-11-16 13:10:58.235] [jointLog] [info] Thread saw mini-batch with a maximum of 0.44% zero probability fragments
[2022-11-16 13:10:58.236] [jointLog] [info] Thread saw mini-batch with a maximum of 0.32% zero probability fragments
[2022-11-16 13:10:58.238] [jointLog] [info] Thread saw mini-batch with a maximum of 0.42% zero probability fragments
[2022-11-16 13:10:58.255] [jointLog] [info] Thread saw mini-batch with a maximum of 0.48% zero probability fragments
[2022-11-16 13:10:58.277] [jointLog] [info] Thread saw mini-batch with a maximum of 0.38% zero probability fragments
[2022-11-16 13:10:58.283] [jointLog] [info] Thread saw mini-batch with a maximum of 0.40% zero probability fragments
[2022-11-16 13:10:58.283] [jointLog] [info] Thread saw mini-batch with a maximum of 0.46% zero probability fragments
[2022-11-16 13:10:58.284] [jointLog] [info] Thread saw mini-batch with a maximum of 0.44% zero probability fragments
[2022-11-16 13:10:58.289] [jointLog] [info] Thread saw mini-batch with a maximum of 0.40% zero probability fragments
[2022-11-16 13:10:58.297] [jointLog] [info] Thread saw mini-batch with a maximum of 0.34% zero probability fragments
[2022-11-16 13:10:58.301] [jointLog] [info] Thread saw mini-batch with a maximum of 0.38% zero probability fragments
[2022-11-16 13:10:58.304] [jointLog] [info] Thread saw mini-batch with a maximum of 0.38% zero probability fragments
[2022-11-16 13:10:58.307] [jointLog] [info] Thread saw mini-batch with a maximum of 0.44% zero probability fragments
[2022-11-16 13:10:58.307] [jointLog] [info] Thread saw mini-batch with a maximum of 0.34% zero probability fragments
[2022-11-16 13:10:58.330] [jointLog] [info] Thread saw mini-batch with a maximum of 0.46% zero probability fragments
[2022-11-16 13:11:00.089] [jointLog] [info] Computed 445,235 rich equivalence classes for further processing
[2022-11-16 13:11:00.089] [jointLog] [info] Counted 24,962,550 total reads in the equivalence classes 
[2022-11-16 13:11:00.471] [jointLog] [info] Number of mappings discarded because of alignment score : 11,485,434
[2022-11-16 13:11:00.471] [jointLog] [info] Number of fragments entirely discarded because of alignment score : 627,507
[2022-11-16 13:11:00.471] [jointLog] [info] Number of fragments discarded because they are best-mapped to decoys : 473,770
[2022-11-16 13:11:00.471] [jointLog] [info] Number of fragments discarded because they have only dovetail (discordant) mappings to valid targets : 53,728
[2022-11-16 13:11:00.471] [jointLog] [info] Mapping rate = 89.3559%

[2022-11-16 13:11:00.471] [jointLog] [info] finished quantifyLibrary()
[2022-11-16 13:11:00.477] [jointLog] [info] Starting optimizer
[2022-11-16 13:11:00.089] [fileLog] [info] 
At end of round 0
==================
Observed 27936098 total fragments (27936098 in most recent round)

[2022-11-16 13:11:05.478] [jointLog] [info] Marked 0 weighted equivalence classes as degenerate
[2022-11-16 13:11:05.494] [jointLog] [info] iteration = 0 | max rel diff. = 7004.26
[2022-11-16 13:11:06.491] [jointLog] [info] iteration = 100 | max rel diff. = 17.6721
[2022-11-16 13:11:07.472] [jointLog] [info] iteration = 200 | max rel diff. = 9.67445
[2022-11-16 13:11:08.443] [jointLog] [info] iteration = 300 | max rel diff. = 9.46393
[2022-11-16 13:11:09.292] [jointLog] [info] iteration = 400 | max rel diff. = 8.08501
[2022-11-16 13:11:10.157] [jointLog] [info] iteration = 500 | max rel diff. = 4.38263
[2022-11-16 13:11:10.992] [jointLog] [info] iteration = 600 | max rel diff. = 0.353723
[2022-11-16 13:11:11.818] [jointLog] [info] iteration = 700 | max rel diff. = 0.155388
[2022-11-16 13:11:12.651] [jointLog] [info] iteration = 800 | max rel diff. = 0.483812
[2022-11-16 13:11:13.487] [jointLog] [info] iteration = 900 | max rel diff. = 0.267212
[2022-11-16 13:11:14.320] [jointLog] [info] iteration = 1,000 | max rel diff. = 0.990135
[2022-11-16 13:11:15.171] [jointLog] [info] iteration = 1,100 | max rel diff. = 0.0222115
[2022-11-16 13:11:16.021] [jointLog] [info] iteration = 1,200 | max rel diff. = 0.0608402
[2022-11-16 13:11:16.916] [jointLog] [info] iteration = 1,300 | max rel diff. = 0.395127
[2022-11-16 13:11:17.750] [jointLog] [info] iteration = 1,400 | max rel diff. = 11.6657
[2022-11-16 13:11:18.576] [jointLog] [info] iteration = 1,500 | max rel diff. = 0.0115234
[2022-11-16 13:11:19.404] [jointLog] [info] iteration = 1,600 | max rel diff. = 0.297775
[2022-11-16 13:11:19.704] [jointLog] [info] iteration = 1,637 | max rel diff. = 0.00834062
[2022-11-16 13:11:19.751] [jointLog] [info] Finished optimizer
[2022-11-16 13:11:19.751] [jointLog] [info] writing output 

